# JRE version: OpenJDK Runtime Environment (8.0_275-b01) (build 1.8.0_275-8u275-b01-1~deb9u1-b01)
# Java VM: OpenJDK 64-Bit Server VM (25.275-b01 mixed mode linux-aarch64 compressed oops)
Heap:
 PSYoungGen      total 47104K, used 37888K [0x00000000f0000000, 0x00000000f3700000, 0x0000000100000000)
  eden space 37888K, 100% used [0x00000000f0000000,0x00000000f2500000,0x00000000f2500000)
  from space 9216K, 0% used [0x00000000f2500000,0x00000000f2500000,0x00000000f2e00000)
  to   space 9216K, 0% used [0x00000000f2e00000,0x00000000f2e00000,0x00000000f3700000)
 ParOldGen       total 524288K, used 524275K [0x00000000d0000000, 0x00000000f0000000, 0x00000000f0000000)
  object space 524288K, 99% used [0x00000000d0000000,0x00000000efffcef8,0x00000000f0000000)
 Metaspace       used 73929K, capacity 77614K, committed 77824K, reserved 1116160K
  class space    used 9566K, capacity 10177K, committed 10240K, reserved 1048576K
GC Heap History (250 events):
Event: 81065.219 GC heap before
{Heap before GC invocations=1624 (full 729):
 PSYoungGen      total 47104K, used 37887K [0x00000000f0000000, 0x00000000f3700000, 0x0000000100000000)
  eden space 37888K, 99% used [0x00000000f0000000,0x00000000f24ffff8,0x00000000f2500000)
  from space 9216K, 0% used [0x00000000f2500000,0x00000000f2500000,0x00000000f2e00000)
  to   space 9216K, 0% used [0x00000000f2e00000,0x00000000f2e00000,0x00000000f3700000)
 ParOldGen       total 524288K, used 524035K [0x00000000d0000000, 0x00000000f0000000, 0x00000000f0000000)
  object space 524288K, 99% used [0x00000000d0000000,0x00000000effc0c38,0x00000000f0000000)
 Metaspace       used 73929K, capacity 77614K, committed 77824K, reserved 1116160K
  class space    used 9566K, capacity 10177K, committed 10240K, reserved 1048576K
Event: 81066.872 GC heap after
Heap after GC invocations=1624 (full 729):
 PSYoungGen      total 47104K, used 37887K [0x00000000f0000000, 0x00000000f3700000, 0x0000000100000000)
  eden space 37888K, 99% used [0x00000000f0000000,0x00000000f24ffff8,0x00000000f2500000)
  from space 9216K, 0% used [0x00000000f2500000,0x00000000f2500000,0x00000000f2e00000)
  to   space 9216K, 0% used [0x00000000f2e00000,0x00000000f2e00000,0x00000000f3700000)
 ParOldGen       total 524288K, used 524035K [0x00000000d0000000, 0x00000000f0000000, 0x00000000f0000000)
  object space 524288K, 99% used [0x00000000d0000000,0x00000000effc0c38,0x00000000f0000000)
 Metaspace       used 73929K, capacity 77614K, committed 77824K, reserved 1116160K
  class space    used 9566K, capacity 10177K, committed 10240K, reserved 1048576K
}
Event: 81066.873 GC heap before
{Heap before GC invocations=1625 (full 730):
 PSYoungGen      total 47104K, used 37887K [0x00000000f0000000, 0x00000000f3700000, 0x0000000100000000)
  eden space 37888K, 99% used [0x00000000f0000000,0x00000000f24ffff8,0x00000000f2500000)
  from space 9216K, 0% used [0x00000000f2500000,0x00000000f2500000,0x00000000f2e00000)
  to   space 9216K, 0% used [0x00000000f2e00000,0x00000000f2e00000,0x00000000f3700000)
 ParOldGen       total 524288K, used 524037K [0x00000000d0000000, 0x00000000f0000000, 0x00000000f0000000)
  object space 524288K, 99% used [0x00000000d0000000,0x00000000effc14d8,0x00000000f0000000)
 Metaspace       used 73929K, capacity 77614K, committed 77824K, reserved 1116160K
  class space    used 9566K, capacity 10177K, committed 10240K, reserved 1048576K
Event: 81068.825 GC heap after
Heap after GC invocations=1625 (full 730):
 PSYoungGen      total 47104K, used 37887K [0x00000000f0000000, 0x00000000f3700000, 0x0000000100000000)
  eden space 37888K, 99% used [0x00000000f0000000,0x00000000f24fffe0,0x00000000f2500000)
  from space 9216K, 0% used [0x00000000f2500000,0x00000000f2500000,0x00000000f2e00000)
  to   space 9216K, 0% used [0x00000000f2e00000,0x00000000f2e00000,0x00000000f3700000)
 ParOldGen       total 524288K, used 524036K [0x00000000d0000000, 0x00000000f0000000, 0x00000000f0000000)
  object space 524288K, 99% used [0x00000000d0000000,0x00000000effc1160,0x00000000f0000000)
 Metaspace       used 73929K, capacity 77614K, committed 77824K, reserved 1116160K
  class space    used 9566K, capacity 10177K, committed 10240K, reserved 1048576K
}
Event: 81068.826 GC heap before
{Heap before GC invocations=1626 (full 731):
 PSYoungGen      total 47104K, used 37888K [0x00000000f0000000, 0x00000000f3700000, 0x0000000100000000)
  eden space 37888K, 100% used [0x00000000f0000000,0x00000000f2500000,0x00000000f2500000)
  from space 9216K, 0% used [0x00000000f2500000,0x00000000f2500000,0x00000000f2e00000)
  to   space 9216K, 0% used [0x00000000f2e00000,0x00000000f2e00000,0x00000000f3700000)
 ParOldGen       total 524288K, used 524038K [0x00000000d0000000, 0x00000000f0000000, 0x00000000f0000000)
  object space 524288K, 99% used [0x00000000d0000000,0x00000000effc1b18,0x00000000f0000000)
 Metaspace       used 73929K, capacity 77614K, committed 77824K, reserved 1116160K
  class space    used 9566K, capacity 10177K, committed 10240K, reserved 1048576K
Event: 81070.541 GC heap after
Heap after GC invocations=1626 (full 731):
 PSYoungGen      total 47104K, used 37887K [0x00000000f0000000, 0x00000000f3700000, 0x0000000100000000)
  eden space 37888K, 99% used [0x00000000f0000000,0x00000000f24ffed0,0x00000000f2500000)
  from space 9216K, 0% used [0x00000000f2500000,0x00000000f2500000,0x00000000f2e00000)
  to   space 9216K, 0% used [0x00000000f2e00000,0x00000000f2e00000,0x00000000f3700000)
 ParOldGen       total 524288K, used 524037K [0x00000000d0000000, 0x00000000f0000000, 0x00000000f0000000)
  object space 524288K, 99% used [0x00000000d0000000,0x00000000effc1500,0x00000000f0000000)
 Metaspace       used 73929K, capacity 77614K, committed 77824K, reserved 1116160K
  class space    used 9566K, capacity 10177K, committed 10240K, reserved 1048576K
}
Event: 81070.542 GC heap before
{Heap before GC invocations=1627 (full 732):
 PSYoungGen      total 47104K, used 37888K [0x00000000f0000000, 0x00000000f3700000, 0x0000000100000000)
  eden space 37888K, 100% used [0x00000000f0000000,0x00000000f2500000,0x00000000f2500000)
  from space 9216K, 0% used [0x00000000f2500000,0x00000000f2500000,0x00000000f2e00000)
  to   space 9216K, 0% used [0x00000000f2e00000,0x00000000f2e00000,0x00000000f3700000)
 ParOldGen       total 524288K, used 524037K [0x00000000d0000000, 0x00000000f0000000, 0x00000000f0000000)
  object space 524288K, 99% used [0x00000000d0000000,0x00000000effc1500,0x00000000f0000000)
 Metaspace       used 73929K, capacity 77614K, committed 77824K, reserved 1116160K
  class space    used 9566K, capacity 10177K, committed 10240K, reserved 1048576K
Event: 81072.178 GC heap after
Heap after GC invocations=1627 (full 732):
 PSYoungGen      total 47104K, used 37887K [0x00000000f0000000, 0x00000000f3700000, 0x0000000100000000)
  eden space 37888K, 99% used [0x00000000f0000000,0x00000000f24fff70,0x00000000f2500000)
  from space 9216K, 0% used [0x00000000f2500000,0x00000000f2500000,0x00000000f2e00000)
  to   space 9216K, 0% used [0x00000000f2e00000,0x00000000f2e00000,0x00000000f3700000)
 ParOldGen       total 524288K, used 524037K [0x00000000d0000000, 0x00000000f0000000, 0x00000000f0000000)
  object space 524288K, 99% used [0x00000000d0000000,0x00000000effc1500,0x00000000f0000000)
 Metaspace       used 73929K, capacity 77614K, committed 77824K, reserved 1116160K
  class space    used 9566K, capacity 10177K, committed 10240K, reserved 1048576K
}
Event: 81072.179 GC heap before
{Heap before GC invocations=1628 (full 733):
 PSYoungGen      total 47104K, used 37888K [0x00000000f0000000, 0x00000000f3700000, 0x0000000100000000)
  eden space 37888K, 100% used [0x00000000f0000000,0x00000000f2500000,0x00000000f2500000)
  from space 9216K, 0% used [0x00000000f2500000,0x00000000f2500000,0x00000000f2e00000)
  to   space 9216K, 0% used [0x00000000f2e00000,0x00000000f2e00000,0x00000000f3700000)
 ParOldGen       total 524288K, used 524037K [0x00000000d0000000, 0x00000000f0000000, 0x00000000f0000000)
  object space 524288K, 99% used [0x00000000d0000000,0x00000000effc1500,0x00000000f0000000)
 Metaspace       used 73929K, capacity 77614K, committed 77824K, reserved 1116160K
  class space    used 9566K, capacity 10177K, committed 10240K, reserved 1048576K
Event: 81073.896 GC heap after
Heap after GC invocations=1628 (full 733):
 PSYoungGen      total 47104K, used 37887K [0x00000000f0000000, 0x00000000f3700000, 0x0000000100000000)
  eden space 37888K, 99% used [0x00000000f0000000,0x00000000f24fffd0,0x00000000f2500000)
  from space 9216K, 0% used [0x00000000f2500000,0x00000000f2500000,0x00000000f2e00000)
  to   space 9216K, 0% used [0x00000000f2e00000,0x00000000f2e00000,0x00000000f3700000)
 ParOldGen       total 524288K, used 524037K [0x00000000d0000000, 0x00000000f0000000, 0x00000000f0000000)
  object space 524288K, 99% used [0x00000000d0000000,0x00000000effc1500,0x00000000f0000000)
 Metaspace       used 73929K, capacity 77614K, committed 77824K, reserved 1116160K
  class space    used 9566K, capacity 10177K, committed 10240K, reserved 1048576K
}
Event: 81073.897 GC heap before
{Heap before GC invocations=1629 (full 734):
 PSYoungGen      total 47104K, used 37887K [0x00000000f0000000, 0x00000000f3700000, 0x0000000100000000)
  eden space 37888K, 99% used [0x00000000f0000000,0x00000000f24fffe8,0x00000000f2500000)
  from space 9216K, 0% used [0x00000000f2500000,0x00000000f2500000,0x00000000f2e00000)
  to   space 9216K, 0% used [0x00000000f2e00000,0x00000000f2e00000,0x00000000f3700000)
 ParOldGen       total 524288K, used 524037K [0x00000000d0000000, 0x00000000f0000000, 0x00000000f0000000)
  object space 524288K, 99% used [0x00000000d0000000,0x00000000effc1500,0x00000000f0000000)
 Metaspace       used 73929K, capacity 77614K, committed 77824K, reserved 1116160K
  class space    used 9566K, capacity 10177K, committed 10240K, reserved 1048576K
Event: 81075.626 GC heap after
Heap after GC invocations=1629 (full 734):
 PSYoungGen      total 47104K, used 37887K [0x00000000f0000000, 0x00000000f3700000, 0x0000000100000000)
  eden space 37888K, 99% used [0x00000000f0000000,0x00000000f24fffe8,0x00000000f2500000)
  from space 9216K, 0% used [0x00000000f2500000,0x00000000f2500000,0x00000000f2e00000)
  to   space 9216K, 0% used [0x00000000f2e00000,0x00000000f2e00000,0x00000000f3700000)
 ParOldGen       total 524288K, used 524037K [0x00000000d0000000, 0x00000000f0000000, 0x00000000f0000000)
  object space 524288K, 99% used [0x00000000d0000000,0x00000000effc1500,0x00000000f0000000)
 Metaspace       used 73929K, capacity 77614K, committed 77824K, reserved 1116160K
  class space    used 9566K, capacity 10177K, committed 10240K, reserved 1048576K
}
Event: 81075.630 GC heap before
{Heap before GC invocations=1630 (full 735):
 PSYoungGen      total 47104K, used 37888K [0x00000000f0000000, 0x00000000f3700000, 0x0000000100000000)
  eden space 37888K, 100% used [0x00000000f0000000,0x00000000f2500000,0x00000000f2500000)
  from space 9216K, 0% used [0x00000000f2500000,0x00000000f2500000,0x00000000f2e00000)
  to   space 9216K, 0% used [0x00000000f2e00000,0x00000000f2e00000,0x00000000f3700000)
 ParOldGen       total 524288K, used 524039K [0x00000000d0000000, 0x00000000f0000000, 0x00000000f0000000)
  object space 524288K, 99% used [0x00000000d0000000,0x00000000effc1de0,0x00000000f0000000)
 Metaspace       used 73929K, capacity 77614K, committed 77824K, reserved 1116160K
  class space    used 9566K, capacity 10177K, committed 10240K, reserved 1048576K
Event: 81077.477 GC heap after
Heap after GC invocations=1630 (full 735):
 PSYoungGen      total 47104K, used 37887K [0x00000000f0000000, 0x00000000f3700000, 0x0000000100000000)
  eden space 37888K, 99% used [0x00000000f0000000,0x00000000f24fff50,0x00000000f2500000)
  from space 9216K, 0% used [0x00000000f2500000,0x00000000f2500000,0x00000000f2e00000)
  to   space 9216K, 0% used [0x00000000f2e00000,0x00000000f2e00000,0x00000000f3700000)
 ParOldGen       total 524288K, used 524037K [0x00000000d0000000, 0x00000000f0000000, 0x00000000f0000000)
  object space 524288K, 99% used [0x00000000d0000000,0x00000000effc1620,0x00000000f0000000)
 Metaspace       used 73929K, capacity 77614K, committed 77824K, reserved 1116160K
  class space    used 9566K, capacity 10177K, committed 10240K, reserved 1048576K
}
Event: 81077.479 GC heap before
{Heap before GC invocations=1631 (full 736):
 PSYoungGen      total 47104K, used 37888K [0x00000000f0000000, 0x00000000f3700000, 0x0000000100000000)
  eden space 37888K, 100% used [0x00000000f0000000,0x00000000f2500000,0x00000000f2500000)
  from space 9216K, 0% used [0x00000000f2500000,0x00000000f2500000,0x00000000f2e00000)
  to   space 9216K, 0% used [0x00000000f2e00000,0x00000000f2e00000,0x00000000f3700000)
 ParOldGen       total 524288K, used 524037K [0x00000000d0000000, 0x00000000f0000000, 0x00000000f0000000)
  object space 524288K, 99% used [0x00000000d0000000,0x00000000effc1620,0x00000000f0000000)
 Metaspace       used 73929K, capacity 77614K, committed 77824K, reserved 1116160K
  class space    used 9566K, capacity 10177K, committed 10240K, reserved 1048576K
Event: 81079.071 GC heap after
Heap after GC invocations=1631 (full 736):
 PSYoungGen      total 47104K, used 37887K [0x00000000f0000000, 0x00000000f3700000, 0x0000000100000000)
  eden space 37888K, 99% used [0x00000000f0000000,0x00000000f24ffe20,0x00000000f2500000)
  from space 9216K, 0% used [0x00000000f2500000,0x00000000f2500000,0x00000000f2e00000)
  to   space 9216K, 0% used [0x00000000f2e00000,0x00000000f2e00000,0x00000000f3700000)
 ParOldGen       total 524288K, used 524037K [0x00000000d0000000, 0x00000000f0000000, 0x00000000f0000000)
  object space 524288K, 99% used [0x00000000d0000000,0x00000000effc1470,0x00000000f0000000)
 Metaspace       used 73929K, capacity 77614K, committed 77824K, reserved 1116160K
  class space    used 9566K, capacity 10177K, committed 10240K, reserved 1048576K
}
Event: 81079.073 GC heap before
{Heap before GC invocations=1632 (full 737):
 PSYoungGen      total 47104K, used 37888K [0x00000000f0000000, 0x00000000f3700000, 0x0000000100000000)
  eden space 37888K, 100% used [0x00000000f0000000,0x00000000f2500000,0x00000000f2500000)
  from space 9216K, 0% used [0x00000000f2500000,0x00000000f2500000,0x00000000f2e00000)
  to   space 9216K, 0% used [0x00000000f2e00000,0x00000000f2e00000,0x00000000f3700000)
 ParOldGen       total 524288K, used 524037K [0x00000000d0000000, 0x00000000f0000000, 0x00000000f0000000)
  object space 524288K, 99% used [0x00000000d0000000,0x00000000effc1470,0x00000000f0000000)
 Metaspace       used 73929K, capacity 77614K, committed 77824K, reserved 1116160K
  class space    used 9566K, capacity 10177K, committed 10240K, reserved 1048576K
Event: 81080.616 GC heap after
Heap after GC invocations=1632 (full 737):
 PSYoungGen      total 47104K, used 37887K [0x00000000f0000000, 0x00000000f3700000, 0x0000000100000000)
  eden space 37888K, 99% used [0x00000000f0000000,0x00000000f24ffe08,0x00000000f2500000)
  from space 9216K, 0% used [0x00000000f2500000,0x00000000f2500000,0x00000000f2e00000)
  to   space 9216K, 0% used [0x00000000f2e00000,0x00000000f2e00000,0x00000000f3700000)
 ParOldGen       total 524288K, used 524036K [0x00000000d0000000, 0x00000000f0000000, 0x00000000f0000000)
  object space 524288K, 99% used [0x00000000d0000000,0x00000000effc13d8,0x00000000f0000000)
 Metaspace       used 73929K, capacity 77614K, committed 77824K, reserved 1116160K
  class space    used 9566K, capacity 10177K, committed 10240K, reserved 1048576K
}
Event: 81080.617 GC heap before
{Heap before GC invocations=1633 (full 738):
 PSYoungGen      total 47104K, used 37888K [0x00000000f0000000, 0x00000000f3700000, 0x0000000100000000)
  eden space 37888K, 100% used [0x00000000f0000000,0x00000000f2500000,0x00000000f2500000)
  from space 9216K, 0% used [0x00000000f2500000,0x00000000f2500000,0x00000000f2e00000)
  to   space 9216K, 0% used [0x00000000f2e00000,0x00000000f2e00000,0x00000000f3700000)
 ParOldGen       total 524288K, used 524036K [0x00000000d0000000, 0x00000000f0000000, 0x00000000f0000000)
  object space 524288K, 99% used [0x00000000d0000000,0x00000000effc13d8,0x00000000f0000000)
 Metaspace       used 73929K, capacity 77614K, committed 77824K, reserved 1116160K
  class space    used 9566K, capacity 10177K, committed 10240K, reserved 1048576K
Event: 81082.396 GC heap after
Heap after GC invocations=1633 (full 738):
 PSYoungGen      total 47104K, used 37887K [0x00000000f0000000, 0x00000000f3700000, 0x0000000100000000)
  eden space 37888K, 99% used [0x00000000f0000000,0x00000000f24ffe08,0x00000000f2500000)
  from space 9216K, 0% used [0x00000000f2500000,0x00000000f2500000,0x00000000f2e00000)
  to   space 9216K, 0% used [0x00000000f2e00000,0x00000000f2e00000,0x00000000f3700000)
 ParOldGen       total 524288K, used 524036K [0x00000000d0000000, 0x00000000f0000000, 0x00000000f0000000)
  object space 524288K, 99% used [0x00000000d0000000,0x00000000effc13d8,0x00000000f0000000)
 Metaspace       used 73929K, capacity 77614K, committed 77824K, reserved 1116160K
  class space    used 9566K, capacity 10177K, committed 10240K, reserved 1048576K
}
Event: 81082.397 GC heap before
{Heap before GC invocations=1634 (full 739):
 PSYoungGen      total 47104K, used 37888K [0x00000000f0000000, 0x00000000f3700000, 0x0000000100000000)
  eden space 37888K, 100% used [0x00000000f0000000,0x00000000f2500000,0x00000000f2500000)
  from space 9216K, 0% used [0x00000000f2500000,0x00000000f2500000,0x00000000f2e00000)
  to   space 9216K, 0% used [0x00000000f2e00000,0x00000000f2e00000,0x00000000f3700000)
 ParOldGen       total 524288K, used 524036K [0x00000000d0000000, 0x00000000f0000000, 0x00000000f0000000)
  object space 524288K, 99% used [0x00000000d0000000,0x00000000effc13d8,0x00000000f0000000)
 Metaspace       used 73929K, capacity 77614K, committed 77824K, reserved 1116160K
  class space    used 9566K, capacity 10177K, committed 10240K, reserved 1048576K
Event: 81084.094 GC heap after
Heap after GC invocations=1634 (full 739):
 PSYoungGen      total 47104K, used 37887K [0x00000000f0000000, 0x00000000f3700000, 0x0000000100000000)
  eden space 37888K, 99% used [0x00000000f0000000,0x00000000f24ffe20,0x00000000f2500000)
  from space 9216K, 0% used [0x00000000f2500000,0x00000000f2500000,0x00000000f2e00000)
  to   space 9216K, 0% used [0x00000000f2e00000,0x00000000f2e00000,0x00000000f3700000)
 ParOldGen       total 524288K, used 524036K [0x00000000d0000000, 0x00000000f0000000, 0x00000000f0000000)
  object space 524288K, 99% used [0x00000000d0000000,0x00000000effc13d8,0x00000000f0000000)
 Metaspace       used 73929K, capacity 77614K, committed 77824K, reserved 1116160K
  class space    used 9566K, capacity 10177K, committed 10240K, reserved 1048576K
}
Event: 81084.098 GC heap before
{Heap before GC invocations=1635 (full 740):
 PSYoungGen      total 47104K, used 37888K [0x00000000f0000000, 0x00000000f3700000, 0x0000000100000000)
  eden space 37888K, 100% used [0x00000000f0000000,0x00000000f2500000,0x00000000f2500000)
  from space 9216K, 0% used [0x00000000f2500000,0x00000000f2500000,0x00000000f2e00000)
  to   space 9216K, 0% used [0x00000000f2e00000,0x00000000f2e00000,0x00000000f3700000)
 ParOldGen       total 524288K, used 524036K [0x00000000d0000000, 0x00000000f0000000, 0x00000000f0000000)
  object space 524288K, 99% used [0x00000000d0000000,0x00000000effc13d8,0x00000000f0000000)
 Metaspace       used 73929K, capacity 77614K, committed 77824K, reserved 1116160K
  class space    used 9566K, capacity 10177K, committed 10240K, reserved 1048576K
Event: 81085.829 GC heap after
Heap after GC invocations=1635 (full 740):
 PSYoungGen      total 47104K, used 37887K [0x00000000f0000000, 0x00000000f3700000, 0x0000000100000000)
  eden space 37888K, 99% used [0x00000000f0000000,0x00000000f24ffe08,0x00000000f2500000)
  from space 9216K, 0% used [0x00000000f2500000,0x00000000f2500000,0x00000000f2e00000)
  to   space 9216K, 0% used [0x00000000f2e00000,0x00000000f2e00000,0x00000000f3700000)
 ParOldGen       total 524288K, used 524036K [0x00000000d0000000, 0x00000000f0000000, 0x00000000f0000000)
  object space 524288K, 99% used [0x00000000d0000000,0x00000000effc13d8,0x00000000f0000000)
 Metaspace       used 73929K, capacity 77614K, committed 77824K, reserved 1116160K
  class space    used 9566K, capacity 10177K, committed 10240K, reserved 1048576K
}
Event: 81085.830 GC heap before
{Heap before GC invocations=1636 (full 741):
 PSYoungGen      total 47104K, used 37888K [0x00000000f0000000, 0x00000000f3700000, 0x0000000100000000)
  eden space 37888K, 100% used [0x00000000f0000000,0x00000000f2500000,0x00000000f2500000)
  from space 9216K, 0% used [0x00000000f2500000,0x00000000f2500000,0x00000000f2e00000)
  to   space 9216K, 0% used [0x00000000f2e00000,0x00000000f2e00000,0x00000000f3700000)
 ParOldGen       total 524288K, used 524036K [0x00000000d0000000, 0x00000000f0000000, 0x00000000f0000000)
  object space 524288K, 99% used [0x00000000d0000000,0x00000000effc13d8,0x00000000f0000000)
 Metaspace       used 73929K, capacity 77614K, committed 77824K, reserved 1116160K
  class space    used 9566K, capacity 10177K, committed 10240K, reserved 1048576K
Event: 81087.631 GC heap after
Heap after GC invocations=1636 (full 741):
 PSYoungGen      total 47104K, used 37887K [0x00000000f0000000, 0x00000000f3700000, 0x0000000100000000)
  eden space 37888K, 99% used [0x00000000f0000000,0x00000000f24ffe28,0x00000000f2500000)
  from space 9216K, 0% used [0x00000000f2500000,0x00000000f2500000,0x00000000f2e00000)
  to   space 9216K, 0% used [0x00000000f2e00000,0x00000000f2e00000,0x00000000f3700000)
 ParOldGen       total 524288K, used 524036K [0x00000000d0000000, 0x00000000f0000000, 0x00000000f0000000)
  object space 524288K, 99% used [0x00000000d0000000,0x00000000effc13d8,0x00000000f0000000)
 Metaspace       used 73929K, capacity 77614K, committed 77824K, reserved 1116160K
  class space    used 9566K, capacity 10177K, committed 10240K, reserved 1048576K
}
Event: 81087.633 GC heap before
{Heap before GC invocations=1637 (full 742):
 PSYoungGen      total 47104K, used 37888K [0x00000000f0000000, 0x00000000f3700000, 0x0000000100000000)
  eden space 37888K, 100% used [0x00000000f0000000,0x00000000f2500000,0x00000000f2500000)
  from space 9216K, 0% used [0x00000000f2500000,0x00000000f2500000,0x00000000f2e00000)
  to   space 9216K, 0% used [0x00000000f2e00000,0x00000000f2e00000,0x00000000f3700000)
 ParOldGen       total 524288K, used 524036K [0x00000000d0000000, 0x00000000f0000000, 0x00000000f0000000)
  object space 524288K, 99% used [0x00000000d0000000,0x00000000effc13d8,0x00000000f0000000)
 Metaspace       used 73929K, capacity 77614K, committed 77824K, reserved 1116160K
  class space    used 9566K, capacity 10177K, committed 10240K, reserved 1048576K
Event: 81089.335 GC heap after
Heap after GC invocations=1637 (full 742):
 PSYoungGen      total 47104K, used 37887K [0x00000000f0000000, 0x00000000f3700000, 0x0000000100000000)
  eden space 37888K, 99% used [0x00000000f0000000,0x00000000f24fffb0,0x00000000f2500000)
  from space 9216K, 0% used [0x00000000f2500000,0x00000000f2500000,0x00000000f2e00000)
  to   space 9216K, 0% used [0x00000000f2e00000,0x00000000f2e00000,0x00000000f3700000)
 ParOldGen       total 524288K, used 524036K [0x00000000d0000000, 0x00000000f0000000, 0x00000000f0000000)
  object space 524288K, 99% used [0x00000000d0000000,0x00000000effc13b8,0x00000000f0000000)
 Metaspace       used 73929K, capacity 77614K, committed 77824K, reserved 1116160K
  class space    used 9566K, capacity 10177K, committed 10240K, reserved 1048576K
}
Event: 81089.338 GC heap before
{Heap before GC invocations=1638 (full 743):
 PSYoungGen      total 47104K, used 37887K [0x00000000f0000000, 0x00000000f3700000, 0x0000000100000000)
  eden space 37888K, 99% used [0x00000000f0000000,0x00000000f24ffff8,0x00000000f2500000)
  from space 9216K, 0% used [0x00000000f2500000,0x00000000f2500000,0x00000000f2e00000)
  to   space 9216K, 0% used [0x00000000f2e00000,0x00000000f2e00000,0x00000000f3700000)
 ParOldGen       total 524288K, used 524040K [0x00000000d0000000, 0x00000000f0000000, 0x00000000f0000000)
  object space 524288K, 99% used [0x00000000d0000000,0x00000000effc2360,0x00000000f0000000)
 Metaspace       used 73929K, capacity 77614K, committed 77824K, reserved 1116160K
  class space    used 9566K, capacity 10177K, committed 10240K, reserved 1048576K
Event: 81090.973 GC heap after
Heap after GC invocations=1638 (full 743):
 PSYoungGen      total 47104K, used 37887K [0x00000000f0000000, 0x00000000f3700000, 0x0000000100000000)
  eden space 37888K, 99% used [0x00000000f0000000,0x00000000f24ffe68,0x00000000f2500000)
  from space 9216K, 0% used [0x00000000f2500000,0x00000000f2500000,0x00000000f2e00000)
  to   space 9216K, 0% used [0x00000000f2e00000,0x00000000f2e00000,0x00000000f3700000)
 ParOldGen       total 524288K, used 524037K [0x00000000d0000000, 0x00000000f0000000, 0x00000000f0000000)
  object space 524288K, 99% used [0x00000000d0000000,0x00000000effc1578,0x00000000f0000000)
 Metaspace       used 73929K, capacity 77614K, committed 77824K, reserved 1116160K
  class space    used 9566K, capacity 10177K, committed 10240K, reserved 1048576K
}
Event: 81090.974 GC heap before
{Heap before GC invocations=1639 (full 744):
 PSYoungGen      total 47104K, used 37888K [0x00000000f0000000, 0x00000000f3700000, 0x0000000100000000)
  eden space 37888K, 100% used [0x00000000f0000000,0x00000000f2500000,0x00000000f2500000)
  from space 9216K, 0% used [0x00000000f2500000,0x00000000f2500000,0x00000000f2e00000)
  to   space 9216K, 0% used [0x00000000f2e00000,0x00000000f2e00000,0x00000000f3700000)
 ParOldGen       total 524288K, used 524037K [0x00000000d0000000, 0x00000000f0000000, 0x00000000f0000000)
  object space 524288K, 99% used [0x00000000d0000000,0x00000000effc1578,0x00000000f0000000)
 Metaspace       used 73929K, capacity 77614K, committed 77824K, reserved 1116160K
  class space    used 9566K, capacity 10177K, committed 10240K, reserved 1048576K
Event: 81092.722 GC heap after
Heap after GC invocations=1639 (full 744):
 PSYoungGen      total 47104K, used 37887K [0x00000000f0000000, 0x00000000f3700000, 0x0000000100000000)
  eden space 37888K, 99% used [0x00000000f0000000,0x00000000f24ffe80,0x00000000f2500000)
  from space 9216K, 0% used [0x00000000f2500000,0x00000000f2500000,0x00000000f2e00000)
  to   space 9216K, 0% used [0x00000000f2e00000,0x00000000f2e00000,0x00000000f3700000)
 ParOldGen       total 524288K, used 524037K [0x00000000d0000000, 0x00000000f0000000, 0x00000000f0000000)
  object space 524288K, 99% used [0x00000000d0000000,0x00000000effc1578,0x00000000f0000000)
 Metaspace       used 73929K, capacity 77614K, committed 77824K, reserved 1116160K
  class space    used 9566K, capacity 10177K, committed 10240K, reserved 1048576K
}
Event: 81092.723 GC heap before
{Heap before GC invocations=1640 (full 745):
 PSYoungGen      total 47104K, used 37888K [0x00000000f0000000, 0x00000000f3700000, 0x0000000100000000)
  eden space 37888K, 100% used [0x00000000f0000000,0x00000000f2500000,0x00000000f2500000)
  from space 9216K, 0% used [0x00000000f2500000,0x00000000f2500000,0x00000000f2e00000)
  to   space 9216K, 0% used [0x00000000f2e00000,0x00000000f2e00000,0x00000000f3700000)
 ParOldGen       total 524288K, used 524037K [0x00000000d0000000, 0x00000000f0000000, 0x00000000f0000000)
  object space 524288K, 99% used [0x00000000d0000000,0x00000000effc1578,0x00000000f0000000)
 Metaspace       used 73929K, capacity 77614K, committed 77824K, reserved 1116160K
  class space    used 9566K, capacity 10177K, committed 10240K, reserved 1048576K
Event: 81094.502 GC heap after
Heap after GC invocations=1640 (full 745):
 PSYoungGen      total 47104K, used 37887K [0x00000000f0000000, 0x00000000f3700000, 0x0000000100000000)
  eden space 37888K, 99% used [0x00000000f0000000,0x00000000f24ffef0,0x00000000f2500000)
  from space 9216K, 0% used [0x00000000f2500000,0x00000000f2500000,0x00000000f2e00000)
  to   space 9216K, 0% used [0x00000000f2e00000,0x00000000f2e00000,0x00000000f3700000)
 ParOldGen       total 524288K, used 524037K [0x00000000d0000000, 0x00000000f0000000, 0x00000000f0000000)
  object space 524288K, 99% used [0x00000000d0000000,0x00000000effc1578,0x00000000f0000000)
 Metaspace       used 73929K, capacity 77614K, committed 77824K, reserved 1116160K
  class space    used 9566K, capacity 10177K, committed 10240K, reserved 1048576K
}
Event: 81094.503 GC heap before
{Heap before GC invocations=1641 (full 746):
 PSYoungGen      total 47104K, used 37888K [0x00000000f0000000, 0x00000000f3700000, 0x0000000100000000)
  eden space 37888K, 100% used [0x00000000f0000000,0x00000000f2500000,0x00000000f2500000)
  from space 9216K, 0% used [0x00000000f2500000,0x00000000f2500000,0x00000000f2e00000)
  to   space 9216K, 0% used [0x00000000f2e00000,0x00000000f2e00000,0x00000000f3700000)
 ParOldGen       total 524288K, used 524037K [0x00000000d0000000, 0x00000000f0000000, 0x00000000f0000000)
  object space 524288K, 99% used [0x00000000d0000000,0x00000000effc1578,0x00000000f0000000)
 Metaspace       used 73929K, capacity 77614K, committed 77824K, reserved 1116160K
  class space    used 9566K, capacity 10177K, committed 10240K, reserved 1048576K
Event: 81097.374 GC heap after
Heap after GC invocations=1641 (full 746):
 PSYoungGen      total 47104K, used 37887K [0x00000000f0000000, 0x00000000f3700000, 0x0000000100000000)
  eden space 37888K, 99% used [0x00000000f0000000,0x00000000f24fff48,0x00000000f2500000)
  from space 9216K, 0% used [0x00000000f2500000,0x00000000f2500000,0x00000000f2e00000)
  to   space 9216K, 0% used [0x00000000f2e00000,0x00000000f2e00000,0x00000000f3700000)
 ParOldGen       total 524288K, used 524036K [0x00000000d0000000, 0x00000000f0000000, 0x00000000f0000000)
  object space 524288K, 99% used [0x00000000d0000000,0x00000000effc1398,0x00000000f0000000)
 Metaspace       used 73929K, capacity 77614K, committed 77824K, reserved 1116160K
  class space    used 9566K, capacity 10177K, committed 10240K, reserved 1048576K
}
Event: 81097.376 GC heap before
{Heap before GC invocations=1642 (full 747):
 PSYoungGen      total 47104K, used 37887K [0x00000000f0000000, 0x00000000f3700000, 0x0000000100000000)
  eden space 37888K, 99% used [0x00000000f0000000,0x00000000f24ffff8,0x00000000f2500000)
  from space 9216K, 0% used [0x00000000f2500000,0x00000000f2500000,0x00000000f2e00000)
  to   space 9216K, 0% used [0x00000000f2e00000,0x00000000f2e00000,0x00000000f3700000)
 ParOldGen       total 524288K, used 524036K [0x00000000d0000000, 0x00000000f0000000, 0x00000000f0000000)
  object space 524288K, 99% used [0x00000000d0000000,0x00000000effc1398,0x00000000f0000000)
 Metaspace       used 73929K, capacity 77614K, committed 77824K, reserved 1116160K
  class space    used 9566K, capacity 10177K, committed 10240K, reserved 1048576K
Event: 81099.036 GC heap after
Heap after GC invocations=1642 (full 747):
 PSYoungGen      total 47104K, used 37887K [0x00000000f0000000, 0x00000000f3700000, 0x0000000100000000)
  eden space 37888K, 99% used [0x00000000f0000000,0x00000000f24fffc8,0x00000000f2500000)
  from space 9216K, 0% used [0x00000000f2500000,0x00000000f2500000,0x00000000f2e00000)
  to   space 9216K, 0% used [0x00000000f2e00000,0x00000000f2e00000,0x00000000f3700000)
 ParOldGen       total 524288K, used 524036K [0x00000000d0000000, 0x00000000f0000000, 0x00000000f0000000)
  object space 524288K, 99% used [0x00000000d0000000,0x00000000effc1398,0x00000000f0000000)
 Metaspace       used 73929K, capacity 77614K, committed 77824K, reserved 1116160K
  class space    used 9566K, capacity 10177K, committed 10240K, reserved 1048576K
}
Event: 81099.037 GC heap before
{Heap before GC invocations=1643 (full 748):
 PSYoungGen      total 47104K, used 37888K [0x00000000f0000000, 0x00000000f3700000, 0x0000000100000000)
  eden space 37888K, 100% used [0x00000000f0000000,0x00000000f2500000,0x00000000f2500000)
  from space 9216K, 0% used [0x00000000f2500000,0x00000000f2500000,0x00000000f2e00000)
  to   space 9216K, 0% used [0x00000000f2e00000,0x00000000f2e00000,0x00000000f3700000)
 ParOldGen       total 524288K, used 524055K [0x00000000d0000000, 0x00000000f0000000, 0x00000000f0000000)
  object space 524288K, 99% used [0x00000000d0000000,0x00000000effc5dc8,0x00000000f0000000)
 Metaspace       used 73929K, capacity 77614K, committed 77824K, reserved 1116160K
  class space    used 9566K, capacity 10177K, committed 10240K, reserved 1048576K
Event: 81100.659 GC heap after
Heap after GC invocations=1643 (full 748):
 PSYoungGen      total 47104K, used 37887K [0x00000000f0000000, 0x00000000f3700000, 0x0000000100000000)
  eden space 37888K, 99% used [0x00000000f0000000,0x00000000f24ffd90,0x00000000f2500000)
  from space 9216K, 0% used [0x00000000f2500000,0x00000000f2500000,0x00000000f2e00000)
  to   space 9216K, 0% used [0x00000000f2e00000,0x00000000f2e00000,0x00000000f3700000)
 ParOldGen       total 524288K, used 524054K [0x00000000d0000000, 0x00000000f0000000, 0x00000000f0000000)
  object space 524288K, 99% used [0x00000000d0000000,0x00000000effc5960,0x00000000f0000000)
 Metaspace       used 73929K, capacity 77614K, committed 77824K, reserved 1116160K
  class space    used 9566K, capacity 10177K, committed 10240K, reserved 1048576K
}
Event: 81100.660 GC heap before
{Heap before GC invocations=1644 (full 749):
 PSYoungGen      total 47104K, used 37887K [0x00000000f0000000, 0x00000000f3700000, 0x0000000100000000)
  eden space 37888K, 99% used [0x00000000f0000000,0x00000000f24ffdd8,0x00000000f2500000)
  from space 9216K, 0% used [0x00000000f2500000,0x00000000f2500000,0x00000000f2e00000)
  to   space 9216K, 0% used [0x00000000f2e00000,0x00000000f2e00000,0x00000000f3700000)
 ParOldGen       total 524288K, used 524054K [0x00000000d0000000, 0x00000000f0000000, 0x00000000f0000000)
  object space 524288K, 99% used [0x00000000d0000000,0x00000000effc5960,0x00000000f0000000)
 Metaspace       used 73929K, capacity 77614K, committed 77824K, reserved 1116160K
  class space    used 9566K, capacity 10177K, committed 10240K, reserved 1048576K
Event: 81102.380 GC heap after
Heap after GC invocations=1644 (full 749):
 PSYoungGen      total 47104K, used 37887K [0x00000000f0000000, 0x00000000f3700000, 0x0000000100000000)
  eden space 37888K, 99% used [0x00000000f0000000,0x00000000f24ffdd8,0x00000000f2500000)
  from space 9216K, 0% used [0x00000000f2500000,0x00000000f2500000,0x00000000f2e00000)
  to   space 9216K, 0% used [0x00000000f2e00000,0x00000000f2e00000,0x00000000f3700000)
 ParOldGen       total 524288K, used 524054K [0x00000000d0000000, 0x00000000f0000000, 0x00000000f0000000)
  object space 524288K, 99% used [0x00000000d0000000,0x00000000effc5960,0x00000000f0000000)
 Metaspace       used 73929K, capacity 77614K, committed 77824K, reserved 1116160K
  class space    used 9566K, capacity 10177K, committed 10240K, reserved 1048576K
}
Event: 81102.381 GC heap before
{Heap before GC invocations=1645 (full 750):
 PSYoungGen      total 47104K, used 37887K [0x00000000f0000000, 0x00000000f3700000, 0x0000000100000000)
  eden space 37888K, 99% used [0x00000000f0000000,0x00000000f24ffff8,0x00000000f2500000)
  from space 9216K, 0% used [0x00000000f2500000,0x00000000f2500000,0x00000000f2e00000)
  to   space 9216K, 0% used [0x00000000f2e00000,0x00000000f2e00000,0x00000000f3700000)
 ParOldGen       total 524288K, used 524104K [0x00000000d0000000, 0x00000000f0000000, 0x00000000f0000000)
  object space 524288K, 99% used [0x00000000d0000000,0x00000000effd2090,0x00000000f0000000)
 Metaspace       used 73929K, capacity 77614K, committed 77824K, reserved 1116160K
  class space    used 9566K, capacity 10177K, committed 10240K, reserved 1048576K
Event: 81104.041 GC heap after
Heap after GC invocations=1645 (full 750):
 PSYoungGen      total 47104K, used 37887K [0x00000000f0000000, 0x00000000f3700000, 0x0000000100000000)
  eden space 37888K, 99% used [0x00000000f0000000,0x00000000f24fffe0,0x00000000f2500000)
  from space 9216K, 0% used [0x00000000f2500000,0x00000000f2500000,0x00000000f2e00000)
  to   space 9216K, 0% used [0x00000000f2e00000,0x00000000f2e00000,0x00000000f3700000)
 ParOldGen       total 524288K, used 524104K [0x00000000d0000000, 0x00000000f0000000, 0x00000000f0000000)
  object space 524288K, 99% used [0x00000000d0000000,0x00000000effd2018,0x00000000f0000000)
 Metaspace       used 73929K, capacity 77614K, committed 77824K, reserved 1116160K
  class space    used 9566K, capacity 10177K, committed 10240K, reserved 1048576K
}
Event: 81104.042 GC heap before
{Heap before GC invocations=1646 (full 751):
 PSYoungGen      total 47104K, used 37888K [0x00000000f0000000, 0x00000000f3700000, 0x0000000100000000)
  eden space 37888K, 100% used [0x00000000f0000000,0x00000000f2500000,0x00000000f2500000)
  from space 9216K, 0% used [0x00000000f2500000,0x00000000f2500000,0x00000000f2e00000)
  to   space 9216K, 0% used [0x00000000f2e00000,0x00000000f2e00000,0x00000000f3700000)
 ParOldGen       total 524288K, used 524104K [0x00000000d0000000, 0x00000000f0000000, 0x00000000f0000000)
  object space 524288K, 99% used [0x00000000d0000000,0x00000000effd2018,0x00000000f0000000)
 Metaspace       used 73929K, capacity 77614K, committed 77824K, reserved 1116160K
  class space    used 9566K, capacity 10177K, committed 10240K, reserved 1048576K
Event: 81105.876 GC heap after
Heap after GC invocations=1646 (full 751):
 PSYoungGen      total 47104K, used 37888K [0x00000000f0000000, 0x00000000f3700000, 0x0000000100000000)
  eden space 37888K, 100% used [0x00000000f0000000,0x00000000f2500000,0x00000000f2500000)
  from space 9216K, 0% used [0x00000000f2500000,0x00000000f2500000,0x00000000f2e00000)
  to   space 9216K, 0% used [0x00000000f2e00000,0x00000000f2e00000,0x00000000f3700000)
 ParOldGen       total 524288K, used 524104K [0x00000000d0000000, 0x00000000f0000000, 0x00000000f0000000)
  object space 524288K, 99% used [0x00000000d0000000,0x00000000effd2018,0x00000000f0000000)
 Metaspace       used 73929K, capacity 77614K, committed 77824K, reserved 1116160K
  class space    used 9566K, capacity 10177K, committed 10240K, reserved 1048576K
}
Event: 81105.878 GC heap before
{Heap before GC invocations=1647 (full 752):
 PSYoungGen      total 47104K, used 37888K [0x00000000f0000000, 0x00000000f3700000, 0x0000000100000000)
  eden space 37888K, 100% used [0x00000000f0000000,0x00000000f2500000,0x00000000f2500000)
  from space 9216K, 0% used [0x00000000f2500000,0x00000000f2500000,0x00000000f2e00000)
  to   space 9216K, 0% used [0x00000000f2e00000,0x00000000f2e00000,0x00000000f3700000)
 ParOldGen       total 524288K, used 524107K [0x00000000d0000000, 0x00000000f0000000, 0x00000000f0000000)
  object space 524288K, 99% used [0x00000000d0000000,0x00000000effd2d10,0x00000000f0000000)
 Metaspace       used 73929K, capacity 77614K, committed 77824K, reserved 1116160K
  class space    used 9566K, capacity 10177K, committed 10240K, reserved 1048576K
Event: 81107.581 GC heap after
Heap after GC invocations=1647 (full 752):
 PSYoungGen      total 47104K, used 37887K [0x00000000f0000000, 0x00000000f3700000, 0x0000000100000000)
  eden space 37888K, 99% used [0x00000000f0000000,0x00000000f24fffe0,0x00000000f2500000)
  from space 9216K, 0% used [0x00000000f2500000,0x00000000f2500000,0x00000000f2e00000)
  to   space 9216K, 0% used [0x00000000f2e00000,0x00000000f2e00000,0x00000000f3700000)
 ParOldGen       total 524288K, used 524107K [0x00000000d0000000, 0x00000000f0000000, 0x00000000f0000000)
  object space 524288K, 99% used [0x00000000d0000000,0x00000000effd2cd0,0x00000000f0000000)
 Metaspace       used 73929K, capacity 77614K, committed 77824K, reserved 1116160K
  class space    used 9566K, capacity 10177K, committed 10240K, reserved 1048576K
}
Event: 81107.583 GC heap before
{Heap before GC invocations=1648 (full 753):
 PSYoungGen      total 47104K, used 37888K [0x00000000f0000000, 0x00000000f3700000, 0x0000000100000000)
  eden space 37888K, 100% used [0x00000000f0000000,0x00000000f2500000,0x00000000f2500000)
  from space 9216K, 0% used [0x00000000f2500000,0x00000000f2500000,0x00000000f2e00000)
  to   space 9216K, 0% used [0x00000000f2e00000,0x00000000f2e00000,0x00000000f3700000)
 ParOldGen       total 524288K, used 524117K [0x00000000d0000000, 0x00000000f0000000, 0x00000000f0000000)
  object space 524288K, 99% used [0x00000000d0000000,0x00000000effd57e0,0x00000000f0000000)
 Metaspace       used 73929K, capacity 77614K, committed 77824K, reserved 1116160K
  class space    used 9566K, capacity 10177K, committed 10240K, reserved 1048576K
Event: 81109.385 GC heap after
Heap after GC invocations=1648 (full 753):
 PSYoungGen      total 47104K, used 37888K [0x00000000f0000000, 0x00000000f3700000, 0x0000000100000000)
  eden space 37888K, 100% used [0x00000000f0000000,0x00000000f2500000,0x00000000f2500000)
  from space 9216K, 0% used [0x00000000f2500000,0x00000000f2500000,0x00000000f2e00000)
  to   space 9216K, 0% used [0x00000000f2e00000,0x00000000f2e00000,0x00000000f3700000)
 ParOldGen       total 524288K, used 524117K [0x00000000d0000000, 0x00000000f0000000, 0x00000000f0000000)
  object space 524288K, 99% used [0x00000000d0000000,0x00000000effd55b0,0x00000000f0000000)
 Metaspace       used 73929K, capacity 77614K, committed 77824K, reserved 1116160K
  class space    used 9566K, capacity 10177K, committed 10240K, reserved 1048576K
}
Event: 81109.391 GC heap before
{Heap before GC invocations=1649 (full 754):
 PSYoungGen      total 47104K, used 37888K [0x00000000f0000000, 0x00000000f3700000, 0x0000000100000000)
  eden space 37888K, 100% used [0x00000000f0000000,0x00000000f2500000,0x00000000f2500000)
  from space 9216K, 0% used [0x00000000f2500000,0x00000000f2500000,0x00000000f2e00000)
  to   space 9216K, 0% used [0x00000000f2e00000,0x00000000f2e00000,0x00000000f3700000)
 ParOldGen       total 524288K, used 524119K [0x00000000d0000000, 0x00000000f0000000, 0x00000000f0000000)
  object space 524288K, 99% used [0x00000000d0000000,0x00000000effd5ff8,0x00000000f0000000)
 Metaspace       used 73929K, capacity 77614K, committed 77824K, reserved 1116160K
  class space    used 9566K, capacity 10177K, committed 10240K, reserved 1048576K
Event: 81110.993 GC heap after
Heap after GC invocations=1649 (full 754):
 PSYoungGen      total 47104K, used 37887K [0x00000000f0000000, 0x00000000f3700000, 0x0000000100000000)
  eden space 37888K, 99% used [0x00000000f0000000,0x00000000f24fffe8,0x00000000f2500000)
  from space 9216K, 0% used [0x00000000f2500000,0x00000000f2500000,0x00000000f2e00000)
  to   space 9216K, 0% used [0x00000000f2e00000,0x00000000f2e00000,0x00000000f3700000)
 ParOldGen       total 524288K, used 524118K [0x00000000d0000000, 0x00000000f0000000, 0x00000000f0000000)
  object space 524288K, 99% used [0x00000000d0000000,0x00000000effd5a40,0x00000000f0000000)
 Metaspace       used 73929K, capacity 77614K, committed 77824K, reserved 1116160K
  class space    used 9566K, capacity 10177K, committed 10240K, reserved 1048576K
}
Event: 81110.994 GC heap before
{Heap before GC invocations=1650 (full 755):
 PSYoungGen      total 47104K, used 37888K [0x00000000f0000000, 0x00000000f3700000, 0x0000000100000000)
  eden space 37888K, 100% used [0x00000000f0000000,0x00000000f2500000,0x00000000f2500000)
  from space 9216K, 0% used [0x00000000f2500000,0x00000000f2500000,0x00000000f2e00000)
  to   space 9216K, 0% used [0x00000000f2e00000,0x00000000f2e00000,0x00000000f3700000)
 ParOldGen       total 524288K, used 524120K [0x00000000d0000000, 0x00000000f0000000, 0x00000000f0000000)
  object space 524288K, 99% used [0x00000000d0000000,0x00000000effd62b0,0x00000000f0000000)
 Metaspace       used 73929K, capacity 77614K, committed 77824K, reserved 1116160K
  class space    used 9566K, capacity 10177K, committed 10240K, reserved 1048576K
Event: 81112.838 GC heap after
Heap after GC invocations=1650 (full 755):
 PSYoungGen      total 47104K, used 37887K [0x00000000f0000000, 0x00000000f3700000, 0x0000000100000000)
  eden space 37888K, 99% used [0x00000000f0000000,0x00000000f24fff68,0x00000000f2500000)
  from space 9216K, 0% used [0x00000000f2500000,0x00000000f2500000,0x00000000f2e00000)
  to   space 9216K, 0% used [0x00000000f2e00000,0x00000000f2e00000,0x00000000f3700000)
 ParOldGen       total 524288K, used 524119K [0x00000000d0000000, 0x00000000f0000000, 0x00000000f0000000)
  object space 524288K, 99% used [0x00000000d0000000,0x00000000effd5ea8,0x00000000f0000000)
 Metaspace       used 73929K, capacity 77614K, committed 77824K, reserved 1116160K
  class space    used 9566K, capacity 10177K, committed 10240K, reserved 1048576K
}
Event: 81112.839 GC heap before
{Heap before GC invocations=1651 (full 756):
 PSYoungGen      total 47104K, used 37888K [0x00000000f0000000, 0x00000000f3700000, 0x0000000100000000)
  eden space 37888K, 100% used [0x00000000f0000000,0x00000000f2500000,0x00000000f2500000)
  from space 9216K, 0% used [0x00000000f2500000,0x00000000f2500000,0x00000000f2e00000)
  to   space 9216K, 0% used [0x00000000f2e00000,0x00000000f2e00000,0x00000000f3700000)
 ParOldGen       total 524288K, used 524119K [0x00000000d0000000, 0x00000000f0000000, 0x00000000f0000000)
  object space 524288K, 99% used [0x00000000d0000000,0x00000000effd5ea8,0x00000000f0000000)
 Metaspace       used 73929K, capacity 77614K, committed 77824K, reserved 1116160K
  class space    used 9566K, capacity 10177K, committed 10240K, reserved 1048576K
Event: 81114.663 GC heap after
Heap after GC invocations=1651 (full 756):
 PSYoungGen      total 47104K, used 37887K [0x00000000f0000000, 0x00000000f3700000, 0x0000000100000000)
  eden space 37888K, 99% used [0x00000000f0000000,0x00000000f24fffe8,0x00000000f2500000)
  from space 9216K, 0% used [0x00000000f2500000,0x00000000f2500000,0x00000000f2e00000)
  to   space 9216K, 0% used [0x00000000f2e00000,0x00000000f2e00000,0x00000000f3700000)
 ParOldGen       total 524288K, used 524119K [0x00000000d0000000, 0x00000000f0000000, 0x00000000f0000000)
  object space 524288K, 99% used [0x00000000d0000000,0x00000000effd5e70,0x00000000f0000000)
 Metaspace       used 73929K, capacity 77614K, committed 77824K, reserved 1116160K
  class space    used 9566K, capacity 10177K, committed 10240K, reserved 1048576K
}
Event: 81114.664 GC heap before
{Heap before GC invocations=1652 (full 757):
 PSYoungGen      total 47104K, used 37888K [0x00000000f0000000, 0x00000000f3700000, 0x0000000100000000)
  eden space 37888K, 100% used [0x00000000f0000000,0x00000000f2500000,0x00000000f2500000)
  from space 9216K, 0% used [0x00000000f2500000,0x00000000f2500000,0x00000000f2e00000)
  to   space 9216K, 0% used [0x00000000f2e00000,0x00000000f2e00000,0x00000000f3700000)
 ParOldGen       total 524288K, used 524123K [0x00000000d0000000, 0x00000000f0000000, 0x00000000f0000000)
  object space 524288K, 99% used [0x00000000d0000000,0x00000000effd6c30,0x00000000f0000000)
 Metaspace       used 73929K, capacity 77614K, committed 77824K, reserved 1116160K
  class space    used 9566K, capacity 10177K, committed 10240K, reserved 1048576K
Event: 81116.454 GC heap after
Heap after GC invocations=1652 (full 757):
 PSYoungGen      total 47104K, used 37887K [0x00000000f0000000, 0x00000000f3700000, 0x0000000100000000)
  eden space 37888K, 99% used [0x00000000f0000000,0x00000000f24ffef8,0x00000000f2500000)
  from space 9216K, 0% used [0x00000000f2500000,0x00000000f2500000,0x00000000f2e00000)
  to   space 9216K, 0% used [0x00000000f2e00000,0x00000000f2e00000,0x00000000f3700000)
 ParOldGen       total 524288K, used 524121K [0x00000000d0000000, 0x00000000f0000000, 0x00000000f0000000)
  object space 524288K, 99% used [0x00000000d0000000,0x00000000effd6788,0x00000000f0000000)
 Metaspace       used 73929K, capacity 77614K, committed 77824K, reserved 1116160K
  class space    used 9566K, capacity 10177K, committed 10240K, reserved 1048576K
}
Event: 81116.455 GC heap before
{Heap before GC invocations=1653 (full 758):
 PSYoungGen      total 47104K, used 37888K [0x00000000f0000000, 0x00000000f3700000, 0x0000000100000000)
  eden space 37888K, 100% used [0x00000000f0000000,0x00000000f2500000,0x00000000f2500000)
  from space 9216K, 0% used [0x00000000f2500000,0x00000000f2500000,0x00000000f2e00000)
  to   space 9216K, 0% used [0x00000000f2e00000,0x00000000f2e00000,0x00000000f3700000)
 ParOldGen       total 524288K, used 524121K [0x00000000d0000000, 0x00000000f0000000, 0x00000000f0000000)
  object space 524288K, 99% used [0x00000000d0000000,0x00000000effd6788,0x00000000f0000000)
 Metaspace       used 73929K, capacity 77614K, committed 77824K, reserved 1116160K
  class space    used 9566K, capacity 10177K, committed 10240K, reserved 1048576K
Event: 81118.240 GC heap after
Heap after GC invocations=1653 (full 758):
 PSYoungGen      total 47104K, used 37888K [0x00000000f0000000, 0x00000000f3700000, 0x0000000100000000)
  eden space 37888K, 100% used [0x00000000f0000000,0x00000000f2500000,0x00000000f2500000)
  from space 9216K, 0% used [0x00000000f2500000,0x00000000f2500000,0x00000000f2e00000)
  to   space 9216K, 0% used [0x00000000f2e00000,0x00000000f2e00000,0x00000000f3700000)
 ParOldGen       total 524288K, used 524121K [0x00000000d0000000, 0x00000000f0000000, 0x00000000f0000000)
  object space 524288K, 99% used [0x00000000d0000000,0x00000000effd6788,0x00000000f0000000)
 Metaspace       used 73929K, capacity 77614K, committed 77824K, reserved 1116160K
  class space    used 9566K, capacity 10177K, committed 10240K, reserved 1048576K
}
Event: 81118.242 GC heap before
{Heap before GC invocations=1654 (full 759):
 PSYoungGen      total 47104K, used 37888K [0x00000000f0000000, 0x00000000f3700000, 0x0000000100000000)
  eden space 37888K, 100% used [0x00000000f0000000,0x00000000f2500000,0x00000000f2500000)
  from space 9216K, 0% used [0x00000000f2500000,0x00000000f2500000,0x00000000f2e00000)
  to   space 9216K, 0% used [0x00000000f2e00000,0x00000000f2e00000,0x00000000f3700000)
 ParOldGen       total 524288K, used 524139K [0x00000000d0000000, 0x00000000f0000000, 0x00000000f0000000)
  object space 524288K, 99% used [0x00000000d0000000,0x00000000effdafb0,0x00000000f0000000)
 Metaspace       used 73929K, capacity 77614K, committed 77824K, reserved 1116160K
  class space    used 9566K, capacity 10177K, committed 10240K, reserved 1048576K
Event: 81119.816 GC heap after
Heap after GC invocations=1654 (full 759):
 PSYoungGen      total 47104K, used 37888K [0x00000000f0000000, 0x00000000f3700000, 0x0000000100000000)
  eden space 37888K, 100% used [0x00000000f0000000,0x00000000f2500000,0x00000000f2500000)
  from space 9216K, 0% used [0x00000000f2500000,0x00000000f2500000,0x00000000f2e00000)
  to   space 9216K, 0% used [0x00000000f2e00000,0x00000000f2e00000,0x00000000f3700000)
 ParOldGen       total 524288K, used 524139K [0x00000000d0000000, 0x00000000f0000000, 0x00000000f0000000)
  object space 524288K, 99% used [0x00000000d0000000,0x00000000effdaca0,0x00000000f0000000)
 Metaspace       used 73929K, capacity 77614K, committed 77824K, reserved 1116160K
  class space    used 9566K, capacity 10177K, committed 10240K, reserved 1048576K
}
Event: 81119.817 GC heap before
{Heap before GC invocations=1655 (full 760):
 PSYoungGen      total 47104K, used 37888K [0x00000000f0000000, 0x00000000f3700000, 0x0000000100000000)
  eden space 37888K, 100% used [0x00000000f0000000,0x00000000f2500000,0x00000000f2500000)
  from space 9216K, 0% used [0x00000000f2500000,0x00000000f2500000,0x00000000f2e00000)
  to   space 9216K, 0% used [0x00000000f2e00000,0x00000000f2e00000,0x00000000f3700000)
 ParOldGen       total 524288K, used 524141K [0x00000000d0000000, 0x00000000f0000000, 0x00000000f0000000)
  object space 524288K, 99% used [0x00000000d0000000,0x00000000effdb688,0x00000000f0000000)
 Metaspace       used 73929K, capacity 77614K, committed 77824K, reserved 1116160K
  class space    used 9566K, capacity 10177K, committed 10240K, reserved 1048576K
Event: 81121.552 GC heap after
Heap after GC invocations=1655 (full 760):
 PSYoungGen      total 47104K, used 37888K [0x00000000f0000000, 0x00000000f3700000, 0x0000000100000000)
  eden space 37888K, 100% used [0x00000000f0000000,0x00000000f2500000,0x00000000f2500000)
  from space 9216K, 0% used [0x00000000f2500000,0x00000000f2500000,0x00000000f2e00000)
  to   space 9216K, 0% used [0x00000000f2e00000,0x00000000f2e00000,0x00000000f3700000)
 ParOldGen       total 524288K, used 524141K [0x00000000d0000000, 0x00000000f0000000, 0x00000000f0000000)
  object space 524288K, 99% used [0x00000000d0000000,0x00000000effdb678,0x00000000f0000000)
 Metaspace       used 73929K, capacity 77614K, committed 77824K, reserved 1116160K
  class space    used 9566K, capacity 10177K, committed 10240K, reserved 1048576K
}
Event: 81121.553 GC heap before
{Heap before GC invocations=1656 (full 761):
 PSYoungGen      total 47104K, used 37888K [0x00000000f0000000, 0x00000000f3700000, 0x0000000100000000)
  eden space 37888K, 100% used [0x00000000f0000000,0x00000000f2500000,0x00000000f2500000)
  from space 9216K, 0% used [0x00000000f2500000,0x00000000f2500000,0x00000000f2e00000)
  to   space 9216K, 0% used [0x00000000f2e00000,0x00000000f2e00000,0x00000000f3700000)
 ParOldGen       total 524288K, used 524143K [0x00000000d0000000, 0x00000000f0000000, 0x00000000f0000000)
  object space 524288K, 99% used [0x00000000d0000000,0x00000000effdbde0,0x00000000f0000000)
 Metaspace       used 73929K, capacity 77614K, committed 77824K, reserved 1116160K
  class space    used 9566K, capacity 10177K, committed 10240K, reserved 1048576K
Event: 81123.247 GC heap after
Heap after GC invocations=1656 (full 761):
 PSYoungGen      total 47104K, used 37888K [0x00000000f0000000, 0x00000000f3700000, 0x0000000100000000)
  eden space 37888K, 100% used [0x00000000f0000000,0x00000000f2500000,0x00000000f2500000)
  from space 9216K, 0% used [0x00000000f2500000,0x00000000f2500000,0x00000000f2e00000)
  to   space 9216K, 0% used [0x00000000f2e00000,0x00000000f2e00000,0x00000000f3700000)
 ParOldGen       total 524288K, used 524143K [0x00000000d0000000, 0x00000000f0000000, 0x00000000f0000000)
  object space 524288K, 99% used [0x00000000d0000000,0x00000000effdbc40,0x00000000f0000000)
 Metaspace       used 73929K, capacity 77614K, committed 77824K, reserved 1116160K
  class space    used 9566K, capacity 10177K, committed 10240K, reserved 1048576K
}
Event: 81123.248 GC heap before
{Heap before GC invocations=1657 (full 762):
 PSYoungGen      total 47104K, used 37888K [0x00000000f0000000, 0x00000000f3700000, 0x0000000100000000)
  eden space 37888K, 100% used [0x00000000f0000000,0x00000000f2500000,0x00000000f2500000)
  from space 9216K, 0% used [0x00000000f2500000,0x00000000f2500000,0x00000000f2e00000)
  to   space 9216K, 0% used [0x00000000f2e00000,0x00000000f2e00000,0x00000000f3700000)
 ParOldGen       total 524288K, used 524145K [0x00000000d0000000, 0x00000000f0000000, 0x00000000f0000000)
  object space 524288K, 99% used [0x00000000d0000000,0x00000000effdc680,0x00000000f0000000)
 Metaspace       used 73929K, capacity 77614K, committed 77824K, reserved 1116160K
  class space    used 9566K, capacity 10177K, committed 10240K, reserved 1048576K
Event: 81124.903 GC heap after
Heap after GC invocations=1657 (full 762):
 PSYoungGen      total 47104K, used 37887K [0x00000000f0000000, 0x00000000f3700000, 0x0000000100000000)
  eden space 37888K, 99% used [0x00000000f0000000,0x00000000f24fff50,0x00000000f2500000)
  from space 9216K, 0% used [0x00000000f2500000,0x00000000f2500000,0x00000000f2e00000)
  to   space 9216K, 0% used [0x00000000f2e00000,0x00000000f2e00000,0x00000000f3700000)
 ParOldGen       total 524288K, used 524144K [0x00000000d0000000, 0x00000000f0000000, 0x00000000f0000000)
  object space 524288K, 99% used [0x00000000d0000000,0x00000000effdc3f8,0x00000000f0000000)
 Metaspace       used 73929K, capacity 77614K, committed 77824K, reserved 1116160K
  class space    used 9566K, capacity 10177K, committed 10240K, reserved 1048576K
}
Event: 81124.904 GC heap before
{Heap before GC invocations=1658 (full 763):
 PSYoungGen      total 47104K, used 37888K [0x00000000f0000000, 0x00000000f3700000, 0x0000000100000000)
  eden space 37888K, 100% used [0x00000000f0000000,0x00000000f2500000,0x00000000f2500000)
  from space 9216K, 0% used [0x00000000f2500000,0x00000000f2500000,0x00000000f2e00000)
  to   space 9216K, 0% used [0x00000000f2e00000,0x00000000f2e00000,0x00000000f3700000)
 ParOldGen       total 524288K, used 524144K [0x00000000d0000000, 0x00000000f0000000, 0x00000000f0000000)
  object space 524288K, 99% used [0x00000000d0000000,0x00000000effdc3f8,0x00000000f0000000)
 Metaspace       used 73929K, capacity 77614K, committed 77824K, reserved 1116160K
  class space    used 9566K, capacity 10177K, committed 10240K, reserved 1048576K
Event: 81126.633 GC heap after
Heap after GC invocations=1658 (full 763):
 PSYoungGen      total 47104K, used 37887K [0x00000000f0000000, 0x00000000f3700000, 0x0000000100000000)
  eden space 37888K, 99% used [0x00000000f0000000,0x00000000f24fffa8,0x00000000f2500000)
  from space 9216K, 0% used [0x00000000f2500000,0x00000000f2500000,0x00000000f2e00000)
  to   space 9216K, 0% used [0x00000000f2e00000,0x00000000f2e00000,0x00000000f3700000)
 ParOldGen       total 524288K, used 524144K [0x00000000d0000000, 0x00000000f0000000, 0x00000000f0000000)
  object space 524288K, 99% used [0x00000000d0000000,0x00000000effdc3f8,0x00000000f0000000)
 Metaspace       used 73929K, capacity 77614K, committed 77824K, reserved 1116160K
  class space    used 9566K, capacity 10177K, committed 10240K, reserved 1048576K
}
Event: 81126.635 GC heap before
{Heap before GC invocations=1659 (full 764):
 PSYoungGen      total 47104K, used 37887K [0x00000000f0000000, 0x00000000f3700000, 0x0000000100000000)
  eden space 37888K, 99% used [0x00000000f0000000,0x00000000f24ffff8,0x00000000f2500000)
  from space 9216K, 0% used [0x00000000f2500000,0x00000000f2500000,0x00000000f2e00000)
  to   space 9216K, 0% used [0x00000000f2e00000,0x00000000f2e00000,0x00000000f3700000)
 ParOldGen       total 524288K, used 524144K [0x00000000d0000000, 0x00000000f0000000, 0x00000000f0000000)
  object space 524288K, 99% used [0x00000000d0000000,0x00000000effdc3f8,0x00000000f0000000)
 Metaspace       used 73929K, capacity 77614K, committed 77824K, reserved 1116160K
  class space    used 9566K, capacity 10177K, committed 10240K, reserved 1048576K
Event: 81128.612 GC heap after
Heap after GC invocations=1659 (full 764):
 PSYoungGen      total 47104K, used 37887K [0x00000000f0000000, 0x00000000f3700000, 0x0000000100000000)
  eden space 37888K, 99% used [0x00000000f0000000,0x00000000f24ffff8,0x00000000f2500000)
  from space 9216K, 0% used [0x00000000f2500000,0x00000000f2500000,0x00000000f2e00000)
  to   space 9216K, 0% used [0x00000000f2e00000,0x00000000f2e00000,0x00000000f3700000)
 ParOldGen       total 524288K, used 524144K [0x00000000d0000000, 0x00000000f0000000, 0x00000000f0000000)
  object space 524288K, 99% used [0x00000000d0000000,0x00000000effdc3f8,0x00000000f0000000)
 Metaspace       used 73929K, capacity 77614K, committed 77824K, reserved 1116160K
  class space    used 9566K, capacity 10177K, committed 10240K, reserved 1048576K
}
Event: 81128.613 GC heap before
{Heap before GC invocations=1660 (full 765):
 PSYoungGen      total 47104K, used 37887K [0x00000000f0000000, 0x00000000f3700000, 0x0000000100000000)
  eden space 37888K, 99% used [0x00000000f0000000,0x00000000f24ffff8,0x00000000f2500000)
  from space 9216K, 0% used [0x00000000f2500000,0x00000000f2500000,0x00000000f2e00000)
  to   space 9216K, 0% used [0x00000000f2e00000,0x00000000f2e00000,0x00000000f3700000)
 ParOldGen       total 524288K, used 524147K [0x00000000d0000000, 0x00000000f0000000, 0x00000000f0000000)
  object space 524288K, 99% used [0x00000000d0000000,0x00000000effdcea8,0x00000000f0000000)
 Metaspace       used 73929K, capacity 77614K, committed 77824K, reserved 1116160K
  class space    used 9566K, capacity 10177K, committed 10240K, reserved 1048576K
Event: 81130.239 GC heap after
Heap after GC invocations=1660 (full 765):
 PSYoungGen      total 47104K, used 37887K [0x00000000f0000000, 0x00000000f3700000, 0x0000000100000000)
  eden space 37888K, 99% used [0x00000000f0000000,0x00000000f24ffff8,0x00000000f2500000)
  from space 9216K, 0% used [0x00000000f2500000,0x00000000f2500000,0x00000000f2e00000)
  to   space 9216K, 0% used [0x00000000f2e00000,0x00000000f2e00000,0x00000000f3700000)
 ParOldGen       total 524288K, used 524147K [0x00000000d0000000, 0x00000000f0000000, 0x00000000f0000000)
  object space 524288K, 99% used [0x00000000d0000000,0x00000000effdcc50,0x00000000f0000000)
 Metaspace       used 73929K, capacity 77614K, committed 77824K, reserved 1116160K
  class space    used 9566K, capacity 10177K, committed 10240K, reserved 1048576K
}
Event: 81130.241 GC heap before
{Heap before GC invocations=1661 (full 766):
 PSYoungGen      total 47104K, used 37887K [0x00000000f0000000, 0x00000000f3700000, 0x0000000100000000)
  eden space 37888K, 99% used [0x00000000f0000000,0x00000000f24ffff8,0x00000000f2500000)
  from space 9216K, 0% used [0x00000000f2500000,0x00000000f2500000,0x00000000f2e00000)
  to   space 9216K, 0% used [0x00000000f2e00000,0x00000000f2e00000,0x00000000f3700000)
 ParOldGen       total 524288K, used 524150K [0x00000000d0000000, 0x00000000f0000000, 0x00000000f0000000)
  object space 524288K, 99% used [0x00000000d0000000,0x00000000effdd830,0x00000000f0000000)
 Metaspace       used 73929K, capacity 77614K, committed 77824K, reserved 1116160K
  class space    used 9566K, capacity 10177K, committed 10240K, reserved 1048576K
Event: 81131.885 GC heap after
Heap after GC invocations=1661 (full 766):
 PSYoungGen      total 47104K, used 37887K [0x00000000f0000000, 0x00000000f3700000, 0x0000000100000000)
  eden space 37888K, 99% used [0x00000000f0000000,0x00000000f24ffd88,0x00000000f2500000)
  from space 9216K, 0% used [0x00000000f2500000,0x00000000f2500000,0x00000000f2e00000)
  to   space 9216K, 0% used [0x00000000f2e00000,0x00000000f2e00000,0x00000000f3700000)
 ParOldGen       total 524288K, used 524148K [0x00000000d0000000, 0x00000000f0000000, 0x00000000f0000000)
  object space 524288K, 99% used [0x00000000d0000000,0x00000000effdd1a0,0x00000000f0000000)
 Metaspace       used 73929K, capacity 77614K, committed 77824K, reserved 1116160K
  class space    used 9566K, capacity 10177K, committed 10240K, reserved 1048576K
}
Event: 81131.889 GC heap before
{Heap before GC invocations=1662 (full 767):
 PSYoungGen      total 47104K, used 37888K [0x00000000f0000000, 0x00000000f3700000, 0x0000000100000000)
  eden space 37888K, 100% used [0x00000000f0000000,0x00000000f2500000,0x00000000f2500000)
  from space 9216K, 0% used [0x00000000f2500000,0x00000000f2500000,0x00000000f2e00000)
  to   space 9216K, 0% used [0x00000000f2e00000,0x00000000f2e00000,0x00000000f3700000)
 ParOldGen       total 524288K, used 524148K [0x00000000d0000000, 0x00000000f0000000, 0x00000000f0000000)
  object space 524288K, 99% used [0x00000000d0000000,0x00000000effdd1a0,0x00000000f0000000)
 Metaspace       used 73929K, capacity 77614K, committed 77824K, reserved 1116160K
  class space    used 9566K, capacity 10177K, committed 10240K, reserved 1048576K
Event: 81133.591 GC heap after
Heap after GC invocations=1662 (full 767):
 PSYoungGen      total 47104K, used 37887K [0x00000000f0000000, 0x00000000f3700000, 0x0000000100000000)
  eden space 37888K, 99% used [0x00000000f0000000,0x00000000f24fffd0,0x00000000f2500000)
  from space 9216K, 0% used [0x00000000f2500000,0x00000000f2500000,0x00000000f2e00000)
  to   space 9216K, 0% used [0x00000000f2e00000,0x00000000f2e00000,0x00000000f3700000)
 ParOldGen       total 524288K, used 524148K [0x00000000d0000000, 0x00000000f0000000, 0x00000000f0000000)
  object space 524288K, 99% used [0x00000000d0000000,0x00000000effdd180,0x00000000f0000000)
 Metaspace       used 73929K, capacity 77614K, committed 77824K, reserved 1116160K
  class space    used 9566K, capacity 10177K, committed 10240K, reserved 1048576K
}
Event: 81133.592 GC heap before
{Heap before GC invocations=1663 (full 768):
 PSYoungGen      total 47104K, used 37887K [0x00000000f0000000, 0x00000000f3700000, 0x0000000100000000)
  eden space 37888K, 99% used [0x00000000f0000000,0x00000000f24ffff0,0x00000000f2500000)
  from space 9216K, 0% used [0x00000000f2500000,0x00000000f2500000,0x00000000f2e00000)
  to   space 9216K, 0% used [0x00000000f2e00000,0x00000000f2e00000,0x00000000f3700000)
 ParOldGen       total 524288K, used 524148K [0x00000000d0000000, 0x00000000f0000000, 0x00000000f0000000)
  object space 524288K, 99% used [0x00000000d0000000,0x00000000effdd180,0x00000000f0000000)
 Metaspace       used 73929K, capacity 77614K, committed 77824K, reserved 1116160K
  class space    used 9566K, capacity 10177K, committed 10240K, reserved 1048576K
Event: 81135.235 GC heap after
Heap after GC invocations=1663 (full 768):
 PSYoungGen      total 47104K, used 37887K [0x00000000f0000000, 0x00000000f3700000, 0x0000000100000000)
  eden space 37888K, 99% used [0x00000000f0000000,0x00000000f24ffff0,0x00000000f2500000)
  from space 9216K, 0% used [0x00000000f2500000,0x00000000f2500000,0x00000000f2e00000)
  to   space 9216K, 0% used [0x00000000f2e00000,0x00000000f2e00000,0x00000000f3700000)
 ParOldGen       total 524288K, used 524148K [0x00000000d0000000, 0x00000000f0000000, 0x00000000f0000000)
  object space 524288K, 99% used [0x00000000d0000000,0x00000000effdd180,0x00000000f0000000)
 Metaspace       used 73929K, capacity 77614K, committed 77824K, reserved 1116160K
  class space    used 9566K, capacity 10177K, committed 10240K, reserved 1048576K
}
Event: 81135.237 GC heap before
{Heap before GC invocations=1664 (full 769):
 PSYoungGen      total 47104K, used 37888K [0x00000000f0000000, 0x00000000f3700000, 0x0000000100000000)
  eden space 37888K, 100% used [0x00000000f0000000,0x00000000f2500000,0x00000000f2500000)
  from space 9216K, 0% used [0x00000000f2500000,0x00000000f2500000,0x00000000f2e00000)
  to   space 9216K, 0% used [0x00000000f2e00000,0x00000000f2e00000,0x00000000f3700000)
 ParOldGen       total 524288K, used 524150K [0x00000000d0000000, 0x00000000f0000000, 0x00000000f0000000)
  object space 524288K, 99% used [0x00000000d0000000,0x00000000effdd960,0x00000000f0000000)
 Metaspace       used 73929K, capacity 77614K, committed 77824K, reserved 1116160K
  class space    used 9566K, capacity 10177K, committed 10240K, reserved 1048576K
Event: 81137.006 GC heap after
Heap after GC invocations=1664 (full 769):
 PSYoungGen      total 47104K, used 37887K [0x00000000f0000000, 0x00000000f3700000, 0x0000000100000000)
  eden space 37888K, 99% used [0x00000000f0000000,0x00000000f24fff78,0x00000000f2500000)
  from space 9216K, 0% used [0x00000000f2500000,0x00000000f2500000,0x00000000f2e00000)
  to   space 9216K, 0% used [0x00000000f2e00000,0x00000000f2e00000,0x00000000f3700000)
 ParOldGen       total 524288K, used 524149K [0x00000000d0000000, 0x00000000f0000000, 0x00000000f0000000)
  object space 524288K, 99% used [0x00000000d0000000,0x00000000effdd4b0,0x00000000f0000000)
 Metaspace       used 73929K, capacity 77614K, committed 77824K, reserved 1116160K
  class space    used 9566K, capacity 10177K, committed 10240K, reserved 1048576K
}
Event: 81137.008 GC heap before
{Heap before GC invocations=1665 (full 770):
 PSYoungGen      total 47104K, used 37887K [0x00000000f0000000, 0x00000000f3700000, 0x0000000100000000)
  eden space 37888K, 99% used [0x00000000f0000000,0x00000000f24ffff8,0x00000000f2500000)
  from space 9216K, 0% used [0x00000000f2500000,0x00000000f2500000,0x00000000f2e00000)
  to   space 9216K, 0% used [0x00000000f2e00000,0x00000000f2e00000,0x00000000f3700000)
 ParOldGen       total 524288K, used 524149K [0x00000000d0000000, 0x00000000f0000000, 0x00000000f0000000)
  object space 524288K, 99% used [0x00000000d0000000,0x00000000effdd4b0,0x00000000f0000000)
 Metaspace       used 73929K, capacity 77614K, committed 77824K, reserved 1116160K
  class space    used 9566K, capacity 10177K, committed 10240K, reserved 1048576K
Event: 81138.714 GC heap after
Heap after GC invocations=1665 (full 770):
 PSYoungGen      total 47104K, used 37887K [0x00000000f0000000, 0x00000000f3700000, 0x0000000100000000)
  eden space 37888K, 99% used [0x00000000f0000000,0x00000000f24ffff8,0x00000000f2500000)
  from space 9216K, 0% used [0x00000000f2500000,0x00000000f2500000,0x00000000f2e00000)
  to   space 9216K, 0% used [0x00000000f2e00000,0x00000000f2e00000,0x00000000f3700000)
 ParOldGen       total 524288K, used 524149K [0x00000000d0000000, 0x00000000f0000000, 0x00000000f0000000)
  object space 524288K, 99% used [0x00000000d0000000,0x00000000effdd4b0,0x00000000f0000000)
 Metaspace       used 73929K, capacity 77614K, committed 77824K, reserved 1116160K
  class space    used 9566K, capacity 10177K, committed 10240K, reserved 1048576K
}
Event: 81138.715 GC heap before
{Heap before GC invocations=1666 (full 771):
 PSYoungGen      total 47104K, used 37887K [0x00000000f0000000, 0x00000000f3700000, 0x0000000100000000)
  eden space 37888K, 99% used [0x00000000f0000000,0x00000000f24ffff8,0x00000000f2500000)
  from space 9216K, 0% used [0x00000000f2500000,0x00000000f2500000,0x00000000f2e00000)
  to   space 9216K, 0% used [0x00000000f2e00000,0x00000000f2e00000,0x00000000f3700000)
 ParOldGen       total 524288K, used 524152K [0x00000000d0000000, 0x00000000f0000000, 0x00000000f0000000)
  object space 524288K, 99% used [0x00000000d0000000,0x00000000effde0e0,0x00000000f0000000)
 Metaspace       used 73929K, capacity 77614K, committed 77824K, reserved 1116160K
  class space    used 9566K, capacity 10177K, committed 10240K, reserved 1048576K
Event: 81140.350 GC heap after
Heap after GC invocations=1666 (full 771):
 PSYoungGen      total 47104K, used 37887K [0x00000000f0000000, 0x00000000f3700000, 0x0000000100000000)
  eden space 37888K, 99% used [0x00000000f0000000,0x00000000f24ffff8,0x00000000f2500000)
  from space 9216K, 0% used [0x00000000f2500000,0x00000000f2500000,0x00000000f2e00000)
  to   space 9216K, 0% used [0x00000000f2e00000,0x00000000f2e00000,0x00000000f3700000)
 ParOldGen       total 524288K, used 524152K [0x00000000d0000000, 0x00000000f0000000, 0x00000000f0000000)
  object space 524288K, 99% used [0x00000000d0000000,0x00000000effde0e0,0x00000000f0000000)
 Metaspace       used 73929K, capacity 77614K, committed 77824K, reserved 1116160K
  class space    used 9566K, capacity 10177K, committed 10240K, reserved 1048576K
}
Event: 81140.351 GC heap before
{Heap before GC invocations=1667 (full 772):
 PSYoungGen      total 47104K, used 37887K [0x00000000f0000000, 0x00000000f3700000, 0x0000000100000000)
  eden space 37888K, 99% used [0x00000000f0000000,0x00000000f24ffff8,0x00000000f2500000)
  from space 9216K, 0% used [0x00000000f2500000,0x00000000f2500000,0x00000000f2e00000)
  to   space 9216K, 0% used [0x00000000f2e00000,0x00000000f2e00000,0x00000000f3700000)
 ParOldGen       total 524288K, used 524162K [0x00000000d0000000, 0x00000000f0000000, 0x00000000f0000000)
  object space 524288K, 99% used [0x00000000d0000000,0x00000000effe0b68,0x00000000f0000000)
 Metaspace       used 73929K, capacity 77614K, committed 77824K, reserved 1116160K
  class space    used 9566K, capacity 10177K, committed 10240K, reserved 1048576K
Event: 81142.044 GC heap after
Heap after GC invocations=1667 (full 772):
 PSYoungGen      total 47104K, used 37887K [0x00000000f0000000, 0x00000000f3700000, 0x0000000100000000)
  eden space 37888K, 99% used [0x00000000f0000000,0x00000000f24fffc0,0x00000000f2500000)
  from space 9216K, 0% used [0x00000000f2500000,0x00000000f2500000,0x00000000f2e00000)
  to   space 9216K, 0% used [0x00000000f2e00000,0x00000000f2e00000,0x00000000f3700000)
 ParOldGen       total 524288K, used 524162K [0x00000000d0000000, 0x00000000f0000000, 0x00000000f0000000)
  object space 524288K, 99% used [0x00000000d0000000,0x00000000effe0990,0x00000000f0000000)
 Metaspace       used 73929K, capacity 77614K, committed 77824K, reserved 1116160K
  class space    used 9566K, capacity 10177K, committed 10240K, reserved 1048576K
}
Event: 81142.046 GC heap before
{Heap before GC invocations=1668 (full 773):
 PSYoungGen      total 47104K, used 37887K [0x00000000f0000000, 0x00000000f3700000, 0x0000000100000000)
  eden space 37888K, 99% used [0x00000000f0000000,0x00000000f24ffff8,0x00000000f2500000)
  from space 9216K, 0% used [0x00000000f2500000,0x00000000f2500000,0x00000000f2e00000)
  to   space 9216K, 0% used [0x00000000f2e00000,0x00000000f2e00000,0x00000000f3700000)
 ParOldGen       total 524288K, used 524162K [0x00000000d0000000, 0x00000000f0000000, 0x00000000f0000000)
  object space 524288K, 99% used [0x00000000d0000000,0x00000000effe0990,0x00000000f0000000)
 Metaspace       used 73929K, capacity 77614K, committed 77824K, reserved 1116160K
  class space    used 9566K, capacity 10177K, committed 10240K, reserved 1048576K
Event: 81143.837 GC heap after
Heap after GC invocations=1668 (full 773):
 PSYoungGen      total 47104K, used 37887K [0x00000000f0000000, 0x00000000f3700000, 0x0000000100000000)
  eden space 37888K, 99% used [0x00000000f0000000,0x00000000f24ffff8,0x00000000f2500000)
  from space 9216K, 0% used [0x00000000f2500000,0x00000000f2500000,0x00000000f2e00000)
  to   space 9216K, 0% used [0x00000000f2e00000,0x00000000f2e00000,0x00000000f3700000)
 ParOldGen       total 524288K, used 524162K [0x00000000d0000000, 0x00000000f0000000, 0x00000000f0000000)
  object space 524288K, 99% used [0x00000000d0000000,0x00000000effe0990,0x00000000f0000000)
 Metaspace       used 73929K, capacity 77614K, committed 77824K, reserved 1116160K
  class space    used 9566K, capacity 10177K, committed 10240K, reserved 1048576K
}
Event: 81143.838 GC heap before
{Heap before GC invocations=1669 (full 774):
 PSYoungGen      total 47104K, used 37887K [0x00000000f0000000, 0x00000000f3700000, 0x0000000100000000)
  eden space 37888K, 99% used [0x00000000f0000000,0x00000000f24ffff8,0x00000000f2500000)
  from space 9216K, 0% used [0x00000000f2500000,0x00000000f2500000,0x00000000f2e00000)
  to   space 9216K, 0% used [0x00000000f2e00000,0x00000000f2e00000,0x00000000f3700000)
 ParOldGen       total 524288K, used 524165K [0x00000000d0000000, 0x00000000f0000000, 0x00000000f0000000)
  object space 524288K, 99% used [0x00000000d0000000,0x00000000effe16c8,0x00000000f0000000)
 Metaspace       used 73929K, capacity 77614K, committed 77824K, reserved 1116160K
  class space    used 9566K, capacity 10177K, committed 10240K, reserved 1048576K
Event: 81145.619 GC heap after
Heap after GC invocations=1669 (full 774):
 PSYoungGen      total 47104K, used 37887K [0x00000000f0000000, 0x00000000f3700000, 0x0000000100000000)
  eden space 37888K, 99% used [0x00000000f0000000,0x00000000f24fffc8,0x00000000f2500000)
  from space 9216K, 0% used [0x00000000f2500000,0x00000000f2500000,0x00000000f2e00000)
  to   space 9216K, 0% used [0x00000000f2e00000,0x00000000f2e00000,0x00000000f3700000)
 ParOldGen       total 524288K, used 524163K [0x00000000d0000000, 0x00000000f0000000, 0x00000000f0000000)
  object space 524288K, 99% used [0x00000000d0000000,0x00000000effe0c78,0x00000000f0000000)
 Metaspace       used 73929K, capacity 77614K, committed 77824K, reserved 1116160K
  class space    used 9566K, capacity 10177K, committed 10240K, reserved 1048576K
}
Event: 81145.620 GC heap before
{Heap before GC invocations=1670 (full 775):
 PSYoungGen      total 47104K, used 37887K [0x00000000f0000000, 0x00000000f3700000, 0x0000000100000000)
  eden space 37888K, 99% used [0x00000000f0000000,0x00000000f24ffff8,0x00000000f2500000)
  from space 9216K, 0% used [0x00000000f2500000,0x00000000f2500000,0x00000000f2e00000)
  to   space 9216K, 0% used [0x00000000f2e00000,0x00000000f2e00000,0x00000000f3700000)
 ParOldGen       total 524288K, used 524163K [0x00000000d0000000, 0x00000000f0000000, 0x00000000f0000000)
  object space 524288K, 99% used [0x00000000d0000000,0x00000000effe0c78,0x00000000f0000000)
 Metaspace       used 73929K, capacity 77614K, committed 77824K, reserved 1116160K
  class space    used 9566K, capacity 10177K, committed 10240K, reserved 1048576K
Event: 81147.303 GC heap after
Heap after GC invocations=1670 (full 775):
 PSYoungGen      total 47104K, used 37887K [0x00000000f0000000, 0x00000000f3700000, 0x0000000100000000)
  eden space 37888K, 99% used [0x00000000f0000000,0x00000000f24ffff8,0x00000000f2500000)
  from space 9216K, 0% used [0x00000000f2500000,0x00000000f2500000,0x00000000f2e00000)
  to   space 9216K, 0% used [0x00000000f2e00000,0x00000000f2e00000,0x00000000f3700000)
 ParOldGen       total 524288K, used 524163K [0x00000000d0000000, 0x00000000f0000000, 0x00000000f0000000)
  object space 524288K, 99% used [0x00000000d0000000,0x00000000effe0c78,0x00000000f0000000)
 Metaspace       used 73929K, capacity 77614K, committed 77824K, reserved 1116160K
  class space    used 9566K, capacity 10177K, committed 10240K, reserved 1048576K
}
Event: 81147.304 GC heap before
{Heap before GC invocations=1671 (full 776):
 PSYoungGen      total 47104K, used 37887K [0x00000000f0000000, 0x00000000f3700000, 0x0000000100000000)
  eden space 37888K, 99% used [0x00000000f0000000,0x00000000f24ffff8,0x00000000f2500000)
  from space 9216K, 0% used [0x00000000f2500000,0x00000000f2500000,0x00000000f2e00000)
  to   space 9216K, 0% used [0x00000000f2e00000,0x00000000f2e00000,0x00000000f3700000)
 ParOldGen       total 524288K, used 524180K [0x00000000d0000000, 0x00000000f0000000, 0x00000000f0000000)
  object space 524288K, 99% used [0x00000000d0000000,0x00000000effe53c0,0x00000000f0000000)
 Metaspace       used 73929K, capacity 77614K, committed 77824K, reserved 1116160K
  class space    used 9566K, capacity 10177K, committed 10240K, reserved 1048576K
Event: 81149.022 GC heap after
Heap after GC invocations=1671 (full 776):
 PSYoungGen      total 47104K, used 37887K [0x00000000f0000000, 0x00000000f3700000, 0x0000000100000000)
  eden space 37888K, 99% used [0x00000000f0000000,0x00000000f24fffc8,0x00000000f2500000)
  from space 9216K, 0% used [0x00000000f2500000,0x00000000f2500000,0x00000000f2e00000)
  to   space 9216K, 0% used [0x00000000f2e00000,0x00000000f2e00000,0x00000000f3700000)
 ParOldGen       total 524288K, used 524179K [0x00000000d0000000, 0x00000000f0000000, 0x00000000f0000000)
  object space 524288K, 99% used [0x00000000d0000000,0x00000000effe4f20,0x00000000f0000000)
 Metaspace       used 73929K, capacity 77614K, committed 77824K, reserved 1116160K
  class space    used 9566K, capacity 10177K, committed 10240K, reserved 1048576K
}
Event: 81149.023 GC heap before
{Heap before GC invocations=1672 (full 777):
 PSYoungGen      total 47104K, used 37887K [0x00000000f0000000, 0x00000000f3700000, 0x0000000100000000)
  eden space 37888K, 99% used [0x00000000f0000000,0x00000000f24ffff8,0x00000000f2500000)
  from space 9216K, 0% used [0x00000000f2500000,0x00000000f2500000,0x00000000f2e00000)
  to   space 9216K, 0% used [0x00000000f2e00000,0x00000000f2e00000,0x00000000f3700000)
 ParOldGen       total 524288K, used 524179K [0x00000000d0000000, 0x00000000f0000000, 0x00000000f0000000)
  object space 524288K, 99% used [0x00000000d0000000,0x00000000effe4f20,0x00000000f0000000)
 Metaspace       used 73929K, capacity 77614K, committed 77824K, reserved 1116160K
  class space    used 9566K, capacity 10177K, committed 10240K, reserved 1048576K
Event: 81150.664 GC heap after
Heap after GC invocations=1672 (full 777):
 PSYoungGen      total 47104K, used 37887K [0x00000000f0000000, 0x00000000f3700000, 0x0000000100000000)
  eden space 37888K, 99% used [0x00000000f0000000,0x00000000f24ffff8,0x00000000f2500000)
  from space 9216K, 0% used [0x00000000f2500000,0x00000000f2500000,0x00000000f2e00000)
  to   space 9216K, 0% used [0x00000000f2e00000,0x00000000f2e00000,0x00000000f3700000)
 ParOldGen       total 524288K, used 524178K [0x00000000d0000000, 0x00000000f0000000, 0x00000000f0000000)
  object space 524288K, 99% used [0x00000000d0000000,0x00000000effe4bb8,0x00000000f0000000)
 Metaspace       used 73929K, capacity 77614K, committed 77824K, reserved 1116160K
  class space    used 9566K, capacity 10177K, committed 10240K, reserved 1048576K
}
Event: 81150.665 GC heap before
{Heap before GC invocations=1673 (full 778):
 PSYoungGen      total 47104K, used 37887K [0x00000000f0000000, 0x00000000f3700000, 0x0000000100000000)
  eden space 37888K, 99% used [0x00000000f0000000,0x00000000f24ffff8,0x00000000f2500000)
  from space 9216K, 0% used [0x00000000f2500000,0x00000000f2500000,0x00000000f2e00000)
  to   space 9216K, 0% used [0x00000000f2e00000,0x00000000f2e00000,0x00000000f3700000)
 ParOldGen       total 524288K, used 524180K [0x00000000d0000000, 0x00000000f0000000, 0x00000000f0000000)
  object space 524288K, 99% used [0x00000000d0000000,0x00000000effe5308,0x00000000f0000000)
 Metaspace       used 73929K, capacity 77614K, committed 77824K, reserved 1116160K
  class space    used 9566K, capacity 10177K, committed 10240K, reserved 1048576K
Event: 81152.526 GC heap after
Heap after GC invocations=1673 (full 778):
 PSYoungGen      total 47104K, used 37887K [0x00000000f0000000, 0x00000000f3700000, 0x0000000100000000)
  eden space 37888K, 99% used [0x00000000f0000000,0x00000000f24fffe0,0x00000000f2500000)
  from space 9216K, 0% used [0x00000000f2500000,0x00000000f2500000,0x00000000f2e00000)
  to   space 9216K, 0% used [0x00000000f2e00000,0x00000000f2e00000,0x00000000f3700000)
 ParOldGen       total 524288K, used 524178K [0x00000000d0000000, 0x00000000f0000000, 0x00000000f0000000)
  object space 524288K, 99% used [0x00000000d0000000,0x00000000effe4a88,0x00000000f0000000)
 Metaspace       used 73929K, capacity 77614K, committed 77824K, reserved 1116160K
  class space    used 9566K, capacity 10177K, committed 10240K, reserved 1048576K
}
Event: 81152.527 GC heap before
{Heap before GC invocations=1674 (full 779):
 PSYoungGen      total 47104K, used 37887K [0x00000000f0000000, 0x00000000f3700000, 0x0000000100000000)
  eden space 37888K, 99% used [0x00000000f0000000,0x00000000f24ffff8,0x00000000f2500000)
  from space 9216K, 0% used [0x00000000f2500000,0x00000000f2500000,0x00000000f2e00000)
  to   space 9216K, 0% used [0x00000000f2e00000,0x00000000f2e00000,0x00000000f3700000)
 ParOldGen       total 524288K, used 524178K [0x00000000d0000000, 0x00000000f0000000, 0x00000000f0000000)
  object space 524288K, 99% used [0x00000000d0000000,0x00000000effe4a88,0x00000000f0000000)
 Metaspace       used 73929K, capacity 77614K, committed 77824K, reserved 1116160K
  class space    used 9566K, capacity 10177K, committed 10240K, reserved 1048576K
Event: 81154.153 GC heap after
Heap after GC invocations=1674 (full 779):
 PSYoungGen      total 47104K, used 37887K [0x00000000f0000000, 0x00000000f3700000, 0x0000000100000000)
  eden space 37888K, 99% used [0x00000000f0000000,0x00000000f24ffff8,0x00000000f2500000)
  from space 9216K, 0% used [0x00000000f2500000,0x00000000f2500000,0x00000000f2e00000)
  to   space 9216K, 0% used [0x00000000f2e00000,0x00000000f2e00000,0x00000000f3700000)
 ParOldGen       total 524288K, used 524178K [0x00000000d0000000, 0x00000000f0000000, 0x00000000f0000000)
  object space 524288K, 99% used [0x00000000d0000000,0x00000000effe4a88,0x00000000f0000000)
 Metaspace       used 73929K, capacity 77614K, committed 77824K, reserved 1116160K
  class space    used 9566K, capacity 10177K, committed 10240K, reserved 1048576K
}
Event: 81154.154 GC heap before
{Heap before GC invocations=1675 (full 780):
 PSYoungGen      total 47104K, used 37887K [0x00000000f0000000, 0x00000000f3700000, 0x0000000100000000)
  eden space 37888K, 99% used [0x00000000f0000000,0x00000000f24ffff8,0x00000000f2500000)
  from space 9216K, 0% used [0x00000000f2500000,0x00000000f2500000,0x00000000f2e00000)
  to   space 9216K, 0% used [0x00000000f2e00000,0x00000000f2e00000,0x00000000f3700000)
 ParOldGen       total 524288K, used 524180K [0x00000000d0000000, 0x00000000f0000000, 0x00000000f0000000)
  object space 524288K, 99% used [0x00000000d0000000,0x00000000effe52d0,0x00000000f0000000)
 Metaspace       used 73929K, capacity 77614K, committed 77824K, reserved 1116160K
  class space    used 9566K, capacity 10177K, committed 10240K, reserved 1048576K
Event: 81155.928 GC heap after
Heap after GC invocations=1675 (full 780):
 PSYoungGen      total 47104K, used 37887K [0x00000000f0000000, 0x00000000f3700000, 0x0000000100000000)
  eden space 37888K, 99% used [0x00000000f0000000,0x00000000f24ffff8,0x00000000f2500000)
  from space 9216K, 0% used [0x00000000f2500000,0x00000000f2500000,0x00000000f2e00000)
  to   space 9216K, 0% used [0x00000000f2e00000,0x00000000f2e00000,0x00000000f3700000)
 ParOldGen       total 524288K, used 524179K [0x00000000d0000000, 0x00000000f0000000, 0x00000000f0000000)
  object space 524288K, 99% used [0x00000000d0000000,0x00000000effe4e28,0x00000000f0000000)
 Metaspace       used 73929K, capacity 77614K, committed 77824K, reserved 1116160K
  class space    used 9566K, capacity 10177K, committed 10240K, reserved 1048576K
}
Event: 81155.929 GC heap before
{Heap before GC invocations=1676 (full 781):
 PSYoungGen      total 47104K, used 37887K [0x00000000f0000000, 0x00000000f3700000, 0x0000000100000000)
  eden space 37888K, 99% used [0x00000000f0000000,0x00000000f24ffff8,0x00000000f2500000)
  from space 9216K, 0% used [0x00000000f2500000,0x00000000f2500000,0x00000000f2e00000)
  to   space 9216K, 0% used [0x00000000f2e00000,0x00000000f2e00000,0x00000000f3700000)
 ParOldGen       total 524288K, used 524181K [0x00000000d0000000, 0x00000000f0000000, 0x00000000f0000000)
  object space 524288K, 99% used [0x00000000d0000000,0x00000000effe56b0,0x00000000f0000000)
 Metaspace       used 73929K, capacity 77614K, committed 77824K, reserved 1116160K
  class space    used 9566K, capacity 10177K, committed 10240K, reserved 1048576K
Event: 81157.694 GC heap after
Heap after GC invocations=1676 (full 781):
 PSYoungGen      total 47104K, used 37887K [0x00000000f0000000, 0x00000000f3700000, 0x0000000100000000)
  eden space 37888K, 99% used [0x00000000f0000000,0x00000000f24fffa8,0x00000000f2500000)
  from space 9216K, 0% used [0x00000000f2500000,0x00000000f2500000,0x00000000f2e00000)
  to   space 9216K, 0% used [0x00000000f2e00000,0x00000000f2e00000,0x00000000f3700000)
 ParOldGen       total 524288K, used 524181K [0x00000000d0000000, 0x00000000f0000000, 0x00000000f0000000)
  object space 524288K, 99% used [0x00000000d0000000,0x00000000effe5438,0x00000000f0000000)
 Metaspace       used 73929K, capacity 77614K, committed 77824K, reserved 1116160K
  class space    used 9566K, capacity 10177K, committed 10240K, reserved 1048576K
}
Event: 81157.695 GC heap before
{Heap before GC invocations=1677 (full 782):
 PSYoungGen      total 47104K, used 37888K [0x00000000f0000000, 0x00000000f3700000, 0x0000000100000000)
  eden space 37888K, 100% used [0x00000000f0000000,0x00000000f2500000,0x00000000f2500000)
  from space 9216K, 0% used [0x00000000f2500000,0x00000000f2500000,0x00000000f2e00000)
  to   space 9216K, 0% used [0x00000000f2e00000,0x00000000f2e00000,0x00000000f3700000)
 ParOldGen       total 524288K, used 524181K [0x00000000d0000000, 0x00000000f0000000, 0x00000000f0000000)
  object space 524288K, 99% used [0x00000000d0000000,0x00000000effe5438,0x00000000f0000000)
 Metaspace       used 73929K, capacity 77614K, committed 77824K, reserved 1116160K
  class space    used 9566K, capacity 10177K, committed 10240K, reserved 1048576K
Event: 81159.380 GC heap after
Heap after GC invocations=1677 (full 782):
 PSYoungGen      total 47104K, used 37887K [0x00000000f0000000, 0x00000000f3700000, 0x0000000100000000)
  eden space 37888K, 99% used [0x00000000f0000000,0x00000000f24fffc8,0x00000000f2500000)
  from space 9216K, 0% used [0x00000000f2500000,0x00000000f2500000,0x00000000f2e00000)
  to   space 9216K, 0% used [0x00000000f2e00000,0x00000000f2e00000,0x00000000f3700000)
 ParOldGen       total 524288K, used 524181K [0x00000000d0000000, 0x00000000f0000000, 0x00000000f0000000)
  object space 524288K, 99% used [0x00000000d0000000,0x00000000effe5438,0x00000000f0000000)
 Metaspace       used 73929K, capacity 77614K, committed 77824K, reserved 1116160K
  class space    used 9566K, capacity 10177K, committed 10240K, reserved 1048576K
}
Event: 81159.381 GC heap before
{Heap before GC invocations=1678 (full 783):
 PSYoungGen      total 47104K, used 37888K [0x00000000f0000000, 0x00000000f3700000, 0x0000000100000000)
  eden space 37888K, 100% used [0x00000000f0000000,0x00000000f2500000,0x00000000f2500000)
  from space 9216K, 0% used [0x00000000f2500000,0x00000000f2500000,0x00000000f2e00000)
  to   space 9216K, 0% used [0x00000000f2e00000,0x00000000f2e00000,0x00000000f3700000)
 ParOldGen       total 524288K, used 524181K [0x00000000d0000000, 0x00000000f0000000, 0x00000000f0000000)
  object space 524288K, 99% used [0x00000000d0000000,0x00000000effe5438,0x00000000f0000000)
 Metaspace       used 73929K, capacity 77614K, committed 77824K, reserved 1116160K
  class space    used 9566K, capacity 10177K, committed 10240K, reserved 1048576K
Event: 81161.211 GC heap after
Heap after GC invocations=1678 (full 783):
 PSYoungGen      total 47104K, used 37887K [0x00000000f0000000, 0x00000000f3700000, 0x0000000100000000)
  eden space 37888K, 99% used [0x00000000f0000000,0x00000000f24fffc0,0x00000000f2500000)
  from space 9216K, 0% used [0x00000000f2500000,0x00000000f2500000,0x00000000f2e00000)
  to   space 9216K, 0% used [0x00000000f2e00000,0x00000000f2e00000,0x00000000f3700000)
 ParOldGen       total 524288K, used 524181K [0x00000000d0000000, 0x00000000f0000000, 0x00000000f0000000)
  object space 524288K, 99% used [0x00000000d0000000,0x00000000effe5438,0x00000000f0000000)
 Metaspace       used 73929K, capacity 77614K, committed 77824K, reserved 1116160K
  class space    used 9566K, capacity 10177K, committed 10240K, reserved 1048576K
}
Event: 81161.212 GC heap before
{Heap before GC invocations=1679 (full 784):
 PSYoungGen      total 47104K, used 37887K [0x00000000f0000000, 0x00000000f3700000, 0x0000000100000000)
  eden space 37888K, 99% used [0x00000000f0000000,0x00000000f24ffff8,0x00000000f2500000)
  from space 9216K, 0% used [0x00000000f2500000,0x00000000f2500000,0x00000000f2e00000)
  to   space 9216K, 0% used [0x00000000f2e00000,0x00000000f2e00000,0x00000000f3700000)
 ParOldGen       total 524288K, used 524181K [0x00000000d0000000, 0x00000000f0000000, 0x00000000f0000000)
  object space 524288K, 99% used [0x00000000d0000000,0x00000000effe5438,0x00000000f0000000)
 Metaspace       used 73929K, capacity 77614K, committed 77824K, reserved 1116160K
  class space    used 9566K, capacity 10177K, committed 10240K, reserved 1048576K
Event: 81162.916 GC heap after
Heap after GC invocations=1679 (full 784):
 PSYoungGen      total 47104K, used 37887K [0x00000000f0000000, 0x00000000f3700000, 0x0000000100000000)
  eden space 37888K, 99% used [0x00000000f0000000,0x00000000f24ffff8,0x00000000f2500000)
  from space 9216K, 0% used [0x00000000f2500000,0x00000000f2500000,0x00000000f2e00000)
  to   space 9216K, 0% used [0x00000000f2e00000,0x00000000f2e00000,0x00000000f3700000)
 ParOldGen       total 524288K, used 524181K [0x00000000d0000000, 0x00000000f0000000, 0x00000000f0000000)
  object space 524288K, 99% used [0x00000000d0000000,0x00000000effe5438,0x00000000f0000000)
 Metaspace       used 73929K, capacity 77614K, committed 77824K, reserved 1116160K
  class space    used 9566K, capacity 10177K, committed 10240K, reserved 1048576K
}
Event: 81162.919 GC heap before
{Heap before GC invocations=1680 (full 785):
 PSYoungGen      total 47104K, used 37887K [0x00000000f0000000, 0x00000000f3700000, 0x0000000100000000)
  eden space 37888K, 99% used [0x00000000f0000000,0x00000000f24ffff8,0x00000000f2500000)
  from space 9216K, 0% used [0x00000000f2500000,0x00000000f2500000,0x00000000f2e00000)
  to   space 9216K, 0% used [0x00000000f2e00000,0x00000000f2e00000,0x00000000f3700000)
 ParOldGen       total 524288K, used 524184K [0x00000000d0000000, 0x00000000f0000000, 0x00000000f0000000)
  object space 524288K, 99% used [0x00000000d0000000,0x00000000effe6188,0x00000000f0000000)
 Metaspace       used 73929K, capacity 77614K, committed 77824K, reserved 1116160K
  class space    used 9566K, capacity 10177K, committed 10240K, reserved 1048576K
Event: 81164.641 GC heap after
Heap after GC invocations=1680 (full 785):
 PSYoungGen      total 47104K, used 37887K [0x00000000f0000000, 0x00000000f3700000, 0x0000000100000000)
  eden space 37888K, 99% used [0x00000000f0000000,0x00000000f24fffc8,0x00000000f2500000)
  from space 9216K, 0% used [0x00000000f2500000,0x00000000f2500000,0x00000000f2e00000)
  to   space 9216K, 0% used [0x00000000f2e00000,0x00000000f2e00000,0x00000000f3700000)
 ParOldGen       total 524288K, used 524183K [0x00000000d0000000, 0x00000000f0000000, 0x00000000f0000000)
  object space 524288K, 99% used [0x00000000d0000000,0x00000000effe5cd0,0x00000000f0000000)
 Metaspace       used 73929K, capacity 77614K, committed 77824K, reserved 1116160K
  class space    used 9566K, capacity 10177K, committed 10240K, reserved 1048576K
}
Event: 81164.643 GC heap before
{Heap before GC invocations=1681 (full 786):
 PSYoungGen      total 47104K, used 37888K [0x00000000f0000000, 0x00000000f3700000, 0x0000000100000000)
  eden space 37888K, 100% used [0x00000000f0000000,0x00000000f2500000,0x00000000f2500000)
  from space 9216K, 0% used [0x00000000f2500000,0x00000000f2500000,0x00000000f2e00000)
  to   space 9216K, 0% used [0x00000000f2e00000,0x00000000f2e00000,0x00000000f3700000)
 ParOldGen       total 524288K, used 524183K [0x00000000d0000000, 0x00000000f0000000, 0x00000000f0000000)
  object space 524288K, 99% used [0x00000000d0000000,0x00000000effe5cd0,0x00000000f0000000)
 Metaspace       used 73929K, capacity 77614K, committed 77824K, reserved 1116160K
  class space    used 9566K, capacity 10177K, committed 10240K, reserved 1048576K
Event: 81166.456 GC heap after
Heap after GC invocations=1681 (full 786):
 PSYoungGen      total 47104K, used 37888K [0x00000000f0000000, 0x00000000f3700000, 0x0000000100000000)
  eden space 37888K, 100% used [0x00000000f0000000,0x00000000f2500000,0x00000000f2500000)
  from space 9216K, 0% used [0x00000000f2500000,0x00000000f2500000,0x00000000f2e00000)
  to   space 9216K, 0% used [0x00000000f2e00000,0x00000000f2e00000,0x00000000f3700000)
 ParOldGen       total 524288K, used 524183K [0x00000000d0000000, 0x00000000f0000000, 0x00000000f0000000)
  object space 524288K, 99% used [0x00000000d0000000,0x00000000effe5cd0,0x00000000f0000000)
 Metaspace       used 73929K, capacity 77614K, committed 77824K, reserved 1116160K
  class space    used 9566K, capacity 10177K, committed 10240K, reserved 1048576K
}
Event: 81166.457 GC heap before
{Heap before GC invocations=1682 (full 787):
 PSYoungGen      total 47104K, used 37888K [0x00000000f0000000, 0x00000000f3700000, 0x0000000100000000)
  eden space 37888K, 100% used [0x00000000f0000000,0x00000000f2500000,0x00000000f2500000)
  from space 9216K, 0% used [0x00000000f2500000,0x00000000f2500000,0x00000000f2e00000)
  to   space 9216K, 0% used [0x00000000f2e00000,0x00000000f2e00000,0x00000000f3700000)
 ParOldGen       total 524288K, used 524201K [0x00000000d0000000, 0x00000000f0000000, 0x00000000f0000000)
  object space 524288K, 99% used [0x00000000d0000000,0x00000000effea448,0x00000000f0000000)
 Metaspace       used 73929K, capacity 77614K, committed 77824K, reserved 1116160K
  class space    used 9566K, capacity 10177K, committed 10240K, reserved 1048576K
Event: 81168.213 GC heap after
Heap after GC invocations=1682 (full 787):
 PSYoungGen      total 47104K, used 37887K [0x00000000f0000000, 0x00000000f3700000, 0x0000000100000000)
  eden space 37888K, 99% used [0x00000000f0000000,0x00000000f24fffe0,0x00000000f2500000)
  from space 9216K, 0% used [0x00000000f2500000,0x00000000f2500000,0x00000000f2e00000)
  to   space 9216K, 0% used [0x00000000f2e00000,0x00000000f2e00000,0x00000000f3700000)
 ParOldGen       total 524288K, used 524200K [0x00000000d0000000, 0x00000000f0000000, 0x00000000f0000000)
  object space 524288K, 99% used [0x00000000d0000000,0x00000000effea0e8,0x00000000f0000000)
 Metaspace       used 73929K, capacity 77614K, committed 77824K, reserved 1116160K
  class space    used 9566K, capacity 10177K, committed 10240K, reserved 1048576K
}
Event: 81168.215 GC heap before
{Heap before GC invocations=1683 (full 788):
 PSYoungGen      total 47104K, used 37887K [0x00000000f0000000, 0x00000000f3700000, 0x0000000100000000)
  eden space 37888K, 99% used [0x00000000f0000000,0x00000000f24ffff8,0x00000000f2500000)
  from space 9216K, 0% used [0x00000000f2500000,0x00000000f2500000,0x00000000f2e00000)
  to   space 9216K, 0% used [0x00000000f2e00000,0x00000000f2e00000,0x00000000f3700000)
 ParOldGen       total 524288K, used 524200K [0x00000000d0000000, 0x00000000f0000000, 0x00000000f0000000)
  object space 524288K, 99% used [0x00000000d0000000,0x00000000effea0e8,0x00000000f0000000)
 Metaspace       used 73929K, capacity 77614K, committed 77824K, reserved 1116160K
  class space    used 9566K, capacity 10177K, committed 10240K, reserved 1048576K
Event: 81169.818 GC heap after
Heap after GC invocations=1683 (full 788):
 PSYoungGen      total 47104K, used 37887K [0x00000000f0000000, 0x00000000f3700000, 0x0000000100000000)
  eden space 37888K, 99% used [0x00000000f0000000,0x00000000f24ffff8,0x00000000f2500000)
  from space 9216K, 0% used [0x00000000f2500000,0x00000000f2500000,0x00000000f2e00000)
  to   space 9216K, 0% used [0x00000000f2e00000,0x00000000f2e00000,0x00000000f3700000)
 ParOldGen       total 524288K, used 524200K [0x00000000d0000000, 0x00000000f0000000, 0x00000000f0000000)
  object space 524288K, 99% used [0x00000000d0000000,0x00000000effea0e8,0x00000000f0000000)
 Metaspace       used 73929K, capacity 77614K, committed 77824K, reserved 1116160K
  class space    used 9566K, capacity 10177K, committed 10240K, reserved 1048576K
}
Event: 81169.821 GC heap before
{Heap before GC invocations=1684 (full 789):
 PSYoungGen      total 47104K, used 37887K [0x00000000f0000000, 0x00000000f3700000, 0x0000000100000000)
  eden space 37888K, 99% used [0x00000000f0000000,0x00000000f24ffff8,0x00000000f2500000)
  from space 9216K, 0% used [0x00000000f2500000,0x00000000f2500000,0x00000000f2e00000)
  to   space 9216K, 0% used [0x00000000f2e00000,0x00000000f2e00000,0x00000000f3700000)
 ParOldGen       total 524288K, used 524202K [0x00000000d0000000, 0x00000000f0000000, 0x00000000f0000000)
  object space 524288K, 99% used [0x00000000d0000000,0x00000000effea9e0,0x00000000f0000000)
 Metaspace       used 73929K, capacity 77614K, committed 77824K, reserved 1116160K
  class space    used 9566K, capacity 10177K, committed 10240K, reserved 1048576K
Event: 81171.526 GC heap after
Heap after GC invocations=1684 (full 789):
 PSYoungGen      total 47104K, used 37887K [0x00000000f0000000, 0x00000000f3700000, 0x0000000100000000)
  eden space 37888K, 99% used [0x00000000f0000000,0x00000000f24ffff8,0x00000000f2500000)
  from space 9216K, 0% used [0x00000000f2500000,0x00000000f2500000,0x00000000f2e00000)
  to   space 9216K, 0% used [0x00000000f2e00000,0x00000000f2e00000,0x00000000f3700000)
 ParOldGen       total 524288K, used 524202K [0x00000000d0000000, 0x00000000f0000000, 0x00000000f0000000)
  object space 524288K, 99% used [0x00000000d0000000,0x00000000effea910,0x00000000f0000000)
 Metaspace       used 73929K, capacity 77614K, committed 77824K, reserved 1116160K
  class space    used 9566K, capacity 10177K, committed 10240K, reserved 1048576K
}
Event: 81171.527 GC heap before
{Heap before GC invocations=1685 (full 790):
 PSYoungGen      total 47104K, used 37887K [0x00000000f0000000, 0x00000000f3700000, 0x0000000100000000)
  eden space 37888K, 99% used [0x00000000f0000000,0x00000000f24ffff8,0x00000000f2500000)
  from space 9216K, 0% used [0x00000000f2500000,0x00000000f2500000,0x00000000f2e00000)
  to   space 9216K, 0% used [0x00000000f2e00000,0x00000000f2e00000,0x00000000f3700000)
 ParOldGen       total 524288K, used 524204K [0x00000000d0000000, 0x00000000f0000000, 0x00000000f0000000)
  object space 524288K, 99% used [0x00000000d0000000,0x00000000effeb188,0x00000000f0000000)
 Metaspace       used 73929K, capacity 77614K, committed 77824K, reserved 1116160K
  class space    used 9566K, capacity 10177K, committed 10240K, reserved 1048576K
Event: 81173.307 GC heap after
Heap after GC invocations=1685 (full 790):
 PSYoungGen      total 47104K, used 37887K [0x00000000f0000000, 0x00000000f3700000, 0x0000000100000000)
  eden space 37888K, 99% used [0x00000000f0000000,0x00000000f24ffed8,0x00000000f2500000)
  from space 9216K, 0% used [0x00000000f2500000,0x00000000f2500000,0x00000000f2e00000)
  to   space 9216K, 0% used [0x00000000f2e00000,0x00000000f2e00000,0x00000000f3700000)
 ParOldGen       total 524288K, used 524204K [0x00000000d0000000, 0x00000000f0000000, 0x00000000f0000000)
  object space 524288K, 99% used [0x00000000d0000000,0x00000000effeb090,0x00000000f0000000)
 Metaspace       used 73929K, capacity 77614K, committed 77824K, reserved 1116160K
  class space    used 9566K, capacity 10177K, committed 10240K, reserved 1048576K
}
Event: 81173.309 GC heap before
{Heap before GC invocations=1686 (full 791):
 PSYoungGen      total 47104K, used 37888K [0x00000000f0000000, 0x00000000f3700000, 0x0000000100000000)
  eden space 37888K, 100% used [0x00000000f0000000,0x00000000f2500000,0x00000000f2500000)
  from space 9216K, 0% used [0x00000000f2500000,0x00000000f2500000,0x00000000f2e00000)
  to   space 9216K, 0% used [0x00000000f2e00000,0x00000000f2e00000,0x00000000f3700000)
 ParOldGen       total 524288K, used 524204K [0x00000000d0000000, 0x00000000f0000000, 0x00000000f0000000)
  object space 524288K, 99% used [0x00000000d0000000,0x00000000effeb090,0x00000000f0000000)
 Metaspace       used 73929K, capacity 77614K, committed 77824K, reserved 1116160K
  class space    used 9566K, capacity 10177K, committed 10240K, reserved 1048576K
Event: 81174.909 GC heap after
Heap after GC invocations=1686 (full 791):
 PSYoungGen      total 47104K, used 37887K [0x00000000f0000000, 0x00000000f3700000, 0x0000000100000000)
  eden space 37888K, 99% used [0x00000000f0000000,0x00000000f24ffd18,0x00000000f2500000)
  from space 9216K, 0% used [0x00000000f2500000,0x00000000f2500000,0x00000000f2e00000)
  to   space 9216K, 0% used [0x00000000f2e00000,0x00000000f2e00000,0x00000000f3700000)
 ParOldGen       total 524288K, used 524204K [0x00000000d0000000, 0x00000000f0000000, 0x00000000f0000000)
  object space 524288K, 99% used [0x00000000d0000000,0x00000000effeb090,0x00000000f0000000)
 Metaspace       used 73929K, capacity 77614K, committed 77824K, reserved 1116160K
  class space    used 9566K, capacity 10177K, committed 10240K, reserved 1048576K
}
Event: 81174.910 GC heap before
{Heap before GC invocations=1687 (full 792):
 PSYoungGen      total 47104K, used 37888K [0x00000000f0000000, 0x00000000f3700000, 0x0000000100000000)
  eden space 37888K, 100% used [0x00000000f0000000,0x00000000f2500000,0x00000000f2500000)
  from space 9216K, 0% used [0x00000000f2500000,0x00000000f2500000,0x00000000f2e00000)
  to   space 9216K, 0% used [0x00000000f2e00000,0x00000000f2e00000,0x00000000f3700000)
 ParOldGen       total 524288K, used 524204K [0x00000000d0000000, 0x00000000f0000000, 0x00000000f0000000)
  object space 524288K, 99% used [0x00000000d0000000,0x00000000effeb090,0x00000000f0000000)
 Metaspace       used 73929K, capacity 77614K, committed 77824K, reserved 1116160K
  class space    used 9566K, capacity 10177K, committed 10240K, reserved 1048576K
Event: 81176.617 GC heap after
Heap after GC invocations=1687 (full 792):
 PSYoungGen      total 47104K, used 37887K [0x00000000f0000000, 0x00000000f3700000, 0x0000000100000000)
  eden space 37888K, 99% used [0x00000000f0000000,0x00000000f24fffd8,0x00000000f2500000)
  from space 9216K, 0% used [0x00000000f2500000,0x00000000f2500000,0x00000000f2e00000)
  to   space 9216K, 0% used [0x00000000f2e00000,0x00000000f2e00000,0x00000000f3700000)
 ParOldGen       total 524288K, used 524203K [0x00000000d0000000, 0x00000000f0000000, 0x00000000f0000000)
  object space 524288K, 99% used [0x00000000d0000000,0x00000000effeafe0,0x00000000f0000000)
 Metaspace       used 73929K, capacity 77614K, committed 77824K, reserved 1116160K
  class space    used 9566K, capacity 10177K, committed 10240K, reserved 1048576K
}
Event: 81176.618 GC heap before
{Heap before GC invocations=1688 (full 793):
 PSYoungGen      total 47104K, used 37888K [0x00000000f0000000, 0x00000000f3700000, 0x0000000100000000)
  eden space 37888K, 100% used [0x00000000f0000000,0x00000000f2500000,0x00000000f2500000)
  from space 9216K, 0% used [0x00000000f2500000,0x00000000f2500000,0x00000000f2e00000)
  to   space 9216K, 0% used [0x00000000f2e00000,0x00000000f2e00000,0x00000000f3700000)
 ParOldGen       total 524288K, used 524203K [0x00000000d0000000, 0x00000000f0000000, 0x00000000f0000000)
  object space 524288K, 99% used [0x00000000d0000000,0x00000000effeafe0,0x00000000f0000000)
 Metaspace       used 73929K, capacity 77614K, committed 77824K, reserved 1116160K
  class space    used 9566K, capacity 10177K, committed 10240K, reserved 1048576K
Event: 81178.315 GC heap after
Heap after GC invocations=1688 (full 793):
 PSYoungGen      total 47104K, used 37888K [0x00000000f0000000, 0x00000000f3700000, 0x0000000100000000)
  eden space 37888K, 100% used [0x00000000f0000000,0x00000000f2500000,0x00000000f2500000)
  from space 9216K, 0% used [0x00000000f2500000,0x00000000f2500000,0x00000000f2e00000)
  to   space 9216K, 0% used [0x00000000f2e00000,0x00000000f2e00000,0x00000000f3700000)
 ParOldGen       total 524288K, used 524203K [0x00000000d0000000, 0x00000000f0000000, 0x00000000f0000000)
  object space 524288K, 99% used [0x00000000d0000000,0x00000000effeafe0,0x00000000f0000000)
 Metaspace       used 73929K, capacity 77614K, committed 77824K, reserved 1116160K
  class space    used 9566K, capacity 10177K, committed 10240K, reserved 1048576K
}
Event: 81178.316 GC heap before
{Heap before GC invocations=1689 (full 794):
 PSYoungGen      total 47104K, used 37888K [0x00000000f0000000, 0x00000000f3700000, 0x0000000100000000)
  eden space 37888K, 100% used [0x00000000f0000000,0x00000000f2500000,0x00000000f2500000)
  from space 9216K, 0% used [0x00000000f2500000,0x00000000f2500000,0x00000000f2e00000)
  to   space 9216K, 0% used [0x00000000f2e00000,0x00000000f2e00000,0x00000000f3700000)
 ParOldGen       total 524288K, used 524205K [0x00000000d0000000, 0x00000000f0000000, 0x00000000f0000000)
  object space 524288K, 99% used [0x00000000d0000000,0x00000000effeb7f8,0x00000000f0000000)
 Metaspace       used 73929K, capacity 77614K, committed 77824K, reserved 1116160K
  class space    used 9566K, capacity 10177K, committed 10240K, reserved 1048576K
Event: 81179.915 GC heap after
Heap after GC invocations=1689 (full 794):
 PSYoungGen      total 47104K, used 37888K [0x00000000f0000000, 0x00000000f3700000, 0x0000000100000000)
  eden space 37888K, 100% used [0x00000000f0000000,0x00000000f2500000,0x00000000f2500000)
  from space 9216K, 0% used [0x00000000f2500000,0x00000000f2500000,0x00000000f2e00000)
  to   space 9216K, 0% used [0x00000000f2e00000,0x00000000f2e00000,0x00000000f3700000)
 ParOldGen       total 524288K, used 524205K [0x00000000d0000000, 0x00000000f0000000, 0x00000000f0000000)
  object space 524288K, 99% used [0x00000000d0000000,0x00000000effeb5b8,0x00000000f0000000)
 Metaspace       used 73929K, capacity 77614K, committed 77824K, reserved 1116160K
  class space    used 9566K, capacity 10177K, committed 10240K, reserved 1048576K
}
Event: 81179.916 GC heap before
{Heap before GC invocations=1690 (full 795):
 PSYoungGen      total 47104K, used 37888K [0x00000000f0000000, 0x00000000f3700000, 0x0000000100000000)
  eden space 37888K, 100% used [0x00000000f0000000,0x00000000f2500000,0x00000000f2500000)
  from space 9216K, 0% used [0x00000000f2500000,0x00000000f2500000,0x00000000f2e00000)
  to   space 9216K, 0% used [0x00000000f2e00000,0x00000000f2e00000,0x00000000f3700000)
 ParOldGen       total 524288K, used 524207K [0x00000000d0000000, 0x00000000f0000000, 0x00000000f0000000)
  object space 524288K, 99% used [0x00000000d0000000,0x00000000effebdb8,0x00000000f0000000)
 Metaspace       used 73929K, capacity 77614K, committed 77824K, reserved 1116160K
  class space    used 9566K, capacity 10177K, committed 10240K, reserved 1048576K
Event: 81181.679 GC heap after
Heap after GC invocations=1690 (full 795):
 PSYoungGen      total 47104K, used 37888K [0x00000000f0000000, 0x00000000f3700000, 0x0000000100000000)
  eden space 37888K, 100% used [0x00000000f0000000,0x00000000f2500000,0x00000000f2500000)
  from space 9216K, 0% used [0x00000000f2500000,0x00000000f2500000,0x00000000f2e00000)
  to   space 9216K, 0% used [0x00000000f2e00000,0x00000000f2e00000,0x00000000f3700000)
 ParOldGen       total 524288K, used 524206K [0x00000000d0000000, 0x00000000f0000000, 0x00000000f0000000)
  object space 524288K, 99% used [0x00000000d0000000,0x00000000effeb978,0x00000000f0000000)
 Metaspace       used 73929K, capacity 77614K, committed 77824K, reserved 1116160K
  class space    used 9566K, capacity 10177K, committed 10240K, reserved 1048576K
}
Event: 81181.680 GC heap before
{Heap before GC invocations=1691 (full 796):
 PSYoungGen      total 47104K, used 37888K [0x00000000f0000000, 0x00000000f3700000, 0x0000000100000000)
  eden space 37888K, 100% used [0x00000000f0000000,0x00000000f2500000,0x00000000f2500000)
  from space 9216K, 0% used [0x00000000f2500000,0x00000000f2500000,0x00000000f2e00000)
  to   space 9216K, 0% used [0x00000000f2e00000,0x00000000f2e00000,0x00000000f3700000)
 ParOldGen       total 524288K, used 524208K [0x00000000d0000000, 0x00000000f0000000, 0x00000000f0000000)
  object space 524288K, 99% used [0x00000000d0000000,0x00000000effec228,0x00000000f0000000)
 Metaspace       used 73929K, capacity 77614K, committed 77824K, reserved 1116160K
  class space    used 9566K, capacity 10177K, committed 10240K, reserved 1048576K
Event: 81183.456 GC heap after
Heap after GC invocations=1691 (full 796):
 PSYoungGen      total 47104K, used 37887K [0x00000000f0000000, 0x00000000f3700000, 0x0000000100000000)
  eden space 37888K, 99% used [0x00000000f0000000,0x00000000f24fffb0,0x00000000f2500000)
  from space 9216K, 0% used [0x00000000f2500000,0x00000000f2500000,0x00000000f2e00000)
  to   space 9216K, 0% used [0x00000000f2e00000,0x00000000f2e00000,0x00000000f3700000)
 ParOldGen       total 524288K, used 524207K [0x00000000d0000000, 0x00000000f0000000, 0x00000000f0000000)
  object space 524288K, 99% used [0x00000000d0000000,0x00000000effebcd8,0x00000000f0000000)
 Metaspace       used 73929K, capacity 77614K, committed 77824K, reserved 1116160K
  class space    used 9566K, capacity 10177K, committed 10240K, reserved 1048576K
}
Event: 81183.457 GC heap before
{Heap before GC invocations=1692 (full 797):
 PSYoungGen      total 47104K, used 37887K [0x00000000f0000000, 0x00000000f3700000, 0x0000000100000000)
  eden space 37888K, 99% used [0x00000000f0000000,0x00000000f24fffe8,0x00000000f2500000)
  from space 9216K, 0% used [0x00000000f2500000,0x00000000f2500000,0x00000000f2e00000)
  to   space 9216K, 0% used [0x00000000f2e00000,0x00000000f2e00000,0x00000000f3700000)
 ParOldGen       total 524288K, used 524207K [0x00000000d0000000, 0x00000000f0000000, 0x00000000f0000000)
  object space 524288K, 99% used [0x00000000d0000000,0x00000000effebcd8,0x00000000f0000000)
 Metaspace       used 73929K, capacity 77614K, committed 77824K, reserved 1116160K
  class space    used 9566K, capacity 10177K, committed 10240K, reserved 1048576K
Event: 81185.103 GC heap after
Heap after GC invocations=1692 (full 797):
 PSYoungGen      total 47104K, used 37887K [0x00000000f0000000, 0x00000000f3700000, 0x0000000100000000)
  eden space 37888K, 99% used [0x00000000f0000000,0x00000000f24fffc8,0x00000000f2500000)
  from space 9216K, 0% used [0x00000000f2500000,0x00000000f2500000,0x00000000f2e00000)
  to   space 9216K, 0% used [0x00000000f2e00000,0x00000000f2e00000,0x00000000f3700000)
 ParOldGen       total 524288K, used 524207K [0x00000000d0000000, 0x00000000f0000000, 0x00000000f0000000)
  object space 524288K, 99% used [0x00000000d0000000,0x00000000effebcd8,0x00000000f0000000)
 Metaspace       used 73929K, capacity 77614K, committed 77824K, reserved 1116160K
  class space    used 9566K, capacity 10177K, committed 10240K, reserved 1048576K
}
Event: 81185.105 GC heap before
{Heap before GC invocations=1693 (full 798):
 PSYoungGen      total 47104K, used 37887K [0x00000000f0000000, 0x00000000f3700000, 0x0000000100000000)
  eden space 37888K, 99% used [0x00000000f0000000,0x00000000f24ffff0,0x00000000f2500000)
  from space 9216K, 0% used [0x00000000f2500000,0x00000000f2500000,0x00000000f2e00000)
  to   space 9216K, 0% used [0x00000000f2e00000,0x00000000f2e00000,0x00000000f3700000)
 ParOldGen       total 524288K, used 524207K [0x00000000d0000000, 0x00000000f0000000, 0x00000000f0000000)
  object space 524288K, 99% used [0x00000000d0000000,0x00000000effebcd8,0x00000000f0000000)
 Metaspace       used 73929K, capacity 77614K, committed 77824K, reserved 1116160K
  class space    used 9566K, capacity 10177K, committed 10240K, reserved 1048576K
Event: 81186.781 GC heap after
Heap after GC invocations=1693 (full 798):
 PSYoungGen      total 47104K, used 37887K [0x00000000f0000000, 0x00000000f3700000, 0x0000000100000000)
  eden space 37888K, 99% used [0x00000000f0000000,0x00000000f24fffb0,0x00000000f2500000)
  from space 9216K, 0% used [0x00000000f2500000,0x00000000f2500000,0x00000000f2e00000)
  to   space 9216K, 0% used [0x00000000f2e00000,0x00000000f2e00000,0x00000000f3700000)
 ParOldGen       total 524288K, used 524207K [0x00000000d0000000, 0x00000000f0000000, 0x00000000f0000000)
  object space 524288K, 99% used [0x00000000d0000000,0x00000000effebcb8,0x00000000f0000000)
 Metaspace       used 73929K, capacity 77614K, committed 77824K, reserved 1116160K
  class space    used 9566K, capacity 10177K, committed 10240K, reserved 1048576K
}
Event: 81186.783 GC heap before
{Heap before GC invocations=1694 (full 799):
 PSYoungGen      total 47104K, used 37887K [0x00000000f0000000, 0x00000000f3700000, 0x0000000100000000)
  eden space 37888K, 99% used [0x00000000f0000000,0x00000000f24ffff8,0x00000000f2500000)
  from space 9216K, 0% used [0x00000000f2500000,0x00000000f2500000,0x00000000f2e00000)
  to   space 9216K, 0% used [0x00000000f2e00000,0x00000000f2e00000,0x00000000f3700000)
 ParOldGen       total 524288K, used 524207K [0x00000000d0000000, 0x00000000f0000000, 0x00000000f0000000)
  object space 524288K, 99% used [0x00000000d0000000,0x00000000effebcb8,0x00000000f0000000)
 Metaspace       used 73929K, capacity 77614K, committed 77824K, reserved 1116160K
  class space    used 9566K, capacity 10177K, committed 10240K, reserved 1048576K
Event: 81188.676 GC heap after
Heap after GC invocations=1694 (full 799):
 PSYoungGen      total 47104K, used 37887K [0x00000000f0000000, 0x00000000f3700000, 0x0000000100000000)
  eden space 37888K, 99% used [0x00000000f0000000,0x00000000f24fffc8,0x00000000f2500000)
  from space 9216K, 0% used [0x00000000f2500000,0x00000000f2500000,0x00000000f2e00000)
  to   space 9216K, 0% used [0x00000000f2e00000,0x00000000f2e00000,0x00000000f3700000)
 ParOldGen       total 524288K, used 524207K [0x00000000d0000000, 0x00000000f0000000, 0x00000000f0000000)
  object space 524288K, 99% used [0x00000000d0000000,0x00000000effebc70,0x00000000f0000000)
 Metaspace       used 73929K, capacity 77614K, committed 77824K, reserved 1116160K
  class space    used 9566K, capacity 10177K, committed 10240K, reserved 1048576K
}
Event: 81188.677 GC heap before
{Heap before GC invocations=1695 (full 800):
 PSYoungGen      total 47104K, used 37887K [0x00000000f0000000, 0x00000000f3700000, 0x0000000100000000)
  eden space 37888K, 99% used [0x00000000f0000000,0x00000000f24ffff0,0x00000000f2500000)
  from space 9216K, 0% used [0x00000000f2500000,0x00000000f2500000,0x00000000f2e00000)
  to   space 9216K, 0% used [0x00000000f2e00000,0x00000000f2e00000,0x00000000f3700000)
 ParOldGen       total 524288K, used 524207K [0x00000000d0000000, 0x00000000f0000000, 0x00000000f0000000)
  object space 524288K, 99% used [0x00000000d0000000,0x00000000effebc70,0x00000000f0000000)
 Metaspace       used 73929K, capacity 77614K, committed 77824K, reserved 1116160K
  class space    used 9566K, capacity 10177K, committed 10240K, reserved 1048576K
Event: 81190.421 GC heap after
Heap after GC invocations=1695 (full 800):
 PSYoungGen      total 47104K, used 37887K [0x00000000f0000000, 0x00000000f3700000, 0x0000000100000000)
  eden space 37888K, 99% used [0x00000000f0000000,0x00000000f24fffb0,0x00000000f2500000)
  from space 9216K, 0% used [0x00000000f2500000,0x00000000f2500000,0x00000000f2e00000)
  to   space 9216K, 0% used [0x00000000f2e00000,0x00000000f2e00000,0x00000000f3700000)
 ParOldGen       total 524288K, used 524207K [0x00000000d0000000, 0x00000000f0000000, 0x00000000f0000000)
  object space 524288K, 99% used [0x00000000d0000000,0x00000000effebc70,0x00000000f0000000)
 Metaspace       used 73929K, capacity 77614K, committed 77824K, reserved 1116160K
  class space    used 9566K, capacity 10177K, committed 10240K, reserved 1048576K
}
Event: 81190.423 GC heap before
{Heap before GC invocations=1696 (full 801):
 PSYoungGen      total 47104K, used 37888K [0x00000000f0000000, 0x00000000f3700000, 0x0000000100000000)
  eden space 37888K, 100% used [0x00000000f0000000,0x00000000f2500000,0x00000000f2500000)
  from space 9216K, 0% used [0x00000000f2500000,0x00000000f2500000,0x00000000f2e00000)
  to   space 9216K, 0% used [0x00000000f2e00000,0x00000000f2e00000,0x00000000f3700000)
 ParOldGen       total 524288K, used 524207K [0x00000000d0000000, 0x00000000f0000000, 0x00000000f0000000)
  object space 524288K, 99% used [0x00000000d0000000,0x00000000effebc70,0x00000000f0000000)
 Metaspace       used 73929K, capacity 77614K, committed 77824K, reserved 1116160K
  class space    used 9566K, capacity 10177K, committed 10240K, reserved 1048576K
Event: 81192.026 GC heap after
Heap after GC invocations=1696 (full 801):
 PSYoungGen      total 47104K, used 37887K [0x00000000f0000000, 0x00000000f3700000, 0x0000000100000000)
  eden space 37888K, 99% used [0x00000000f0000000,0x00000000f24fffe0,0x00000000f2500000)
  from space 9216K, 0% used [0x00000000f2500000,0x00000000f2500000,0x00000000f2e00000)
  to   space 9216K, 0% used [0x00000000f2e00000,0x00000000f2e00000,0x00000000f3700000)
 ParOldGen       total 524288K, used 524207K [0x00000000d0000000, 0x00000000f0000000, 0x00000000f0000000)
  object space 524288K, 99% used [0x00000000d0000000,0x00000000effebc70,0x00000000f0000000)
 Metaspace       used 73929K, capacity 77614K, committed 77824K, reserved 1116160K
  class space    used 9566K, capacity 10177K, committed 10240K, reserved 1048576K
}
Event: 81192.027 GC heap before
{Heap before GC invocations=1697 (full 802):
 PSYoungGen      total 47104K, used 37887K [0x00000000f0000000, 0x00000000f3700000, 0x0000000100000000)
  eden space 37888K, 99% used [0x00000000f0000000,0x00000000f24ffff8,0x00000000f2500000)
  from space 9216K, 0% used [0x00000000f2500000,0x00000000f2500000,0x00000000f2e00000)
  to   space 9216K, 0% used [0x00000000f2e00000,0x00000000f2e00000,0x00000000f3700000)
 ParOldGen       total 524288K, used 524209K [0x00000000d0000000, 0x00000000f0000000, 0x00000000f0000000)
  object space 524288K, 99% used [0x00000000d0000000,0x00000000effec630,0x00000000f0000000)
 Metaspace       used 73929K, capacity 77614K, committed 77824K, reserved 1116160K
  class space    used 9566K, capacity 10177K, committed 10240K, reserved 1048576K
Event: 81193.797 GC heap after
Heap after GC invocations=1697 (full 802):
 PSYoungGen      total 47104K, used 37887K [0x00000000f0000000, 0x00000000f3700000, 0x0000000100000000)
  eden space 37888K, 99% used [0x00000000f0000000,0x00000000f24fffe0,0x00000000f2500000)
  from space 9216K, 0% used [0x00000000f2500000,0x00000000f2500000,0x00000000f2e00000)
  to   space 9216K, 0% used [0x00000000f2e00000,0x00000000f2e00000,0x00000000f3700000)
 ParOldGen       total 524288K, used 524208K [0x00000000d0000000, 0x00000000f0000000, 0x00000000f0000000)
  object space 524288K, 99% used [0x00000000d0000000,0x00000000effec2a0,0x00000000f0000000)
 Metaspace       used 73929K, capacity 77614K, committed 77824K, reserved 1116160K
  class space    used 9566K, capacity 10177K, committed 10240K, reserved 1048576K
}
Event: 81193.798 GC heap before
{Heap before GC invocations=1698 (full 803):
 PSYoungGen      total 47104K, used 37888K [0x00000000f0000000, 0x00000000f3700000, 0x0000000100000000)
  eden space 37888K, 100% used [0x00000000f0000000,0x00000000f2500000,0x00000000f2500000)
  from space 9216K, 0% used [0x00000000f2500000,0x00000000f2500000,0x00000000f2e00000)
  to   space 9216K, 0% used [0x00000000f2e00000,0x00000000f2e00000,0x00000000f3700000)
 ParOldGen       total 524288K, used 524211K [0x00000000d0000000, 0x00000000f0000000, 0x00000000f0000000)
  object space 524288K, 99% used [0x00000000d0000000,0x00000000effecd20,0x00000000f0000000)
 Metaspace       used 73929K, capacity 77614K, committed 77824K, reserved 1116160K
  class space    used 9566K, capacity 10177K, committed 10240K, reserved 1048576K
Event: 81195.529 GC heap after
Heap after GC invocations=1698 (full 803):
 PSYoungGen      total 47104K, used 37887K [0x00000000f0000000, 0x00000000f3700000, 0x0000000100000000)
  eden space 37888K, 99% used [0x00000000f0000000,0x00000000f24ffff0,0x00000000f2500000)
  from space 9216K, 0% used [0x00000000f2500000,0x00000000f2500000,0x00000000f2e00000)
  to   space 9216K, 0% used [0x00000000f2e00000,0x00000000f2e00000,0x00000000f3700000)
 ParOldGen       total 524288K, used 524210K [0x00000000d0000000, 0x00000000f0000000, 0x00000000f0000000)
  object space 524288K, 99% used [0x00000000d0000000,0x00000000effec880,0x00000000f0000000)
 Metaspace       used 73929K, capacity 77614K, committed 77824K, reserved 1116160K
  class space    used 9566K, capacity 10177K, committed 10240K, reserved 1048576K
}
Event: 81195.530 GC heap before
{Heap before GC invocations=1699 (full 804):
 PSYoungGen      total 47104K, used 37888K [0x00000000f0000000, 0x00000000f3700000, 0x0000000100000000)
  eden space 37888K, 100% used [0x00000000f0000000,0x00000000f2500000,0x00000000f2500000)
  from space 9216K, 0% used [0x00000000f2500000,0x00000000f2500000,0x00000000f2e00000)
  to   space 9216K, 0% used [0x00000000f2e00000,0x00000000f2e00000,0x00000000f3700000)
 ParOldGen       total 524288K, used 524212K [0x00000000d0000000, 0x00000000f0000000, 0x00000000f0000000)
  object space 524288K, 99% used [0x00000000d0000000,0x00000000effed1b0,0x00000000f0000000)
 Metaspace       used 73929K, capacity 77614K, committed 77824K, reserved 1116160K
  class space    used 9566K, capacity 10177K, committed 10240K, reserved 1048576K
Event: 81197.398 GC heap after
Heap after GC invocations=1699 (full 804):
 PSYoungGen      total 47104K, used 37883K [0x00000000f0000000, 0x00000000f3700000, 0x0000000100000000)
  eden space 37888K, 99% used [0x00000000f0000000,0x00000000f24fec20,0x00000000f2500000)
  from space 9216K, 0% used [0x00000000f2500000,0x00000000f2500000,0x00000000f2e00000)
  to   space 9216K, 0% used [0x00000000f2e00000,0x00000000f2e00000,0x00000000f3700000)
 ParOldGen       total 524288K, used 524211K [0x00000000d0000000, 0x00000000f0000000, 0x00000000f0000000)
  object space 524288K, 99% used [0x00000000d0000000,0x00000000effecd38,0x00000000f0000000)
 Metaspace       used 73929K, capacity 77614K, committed 77824K, reserved 1116160K
  class space    used 9566K, capacity 10177K, committed 10240K, reserved 1048576K
}
Event: 81197.399 GC heap before
{Heap before GC invocations=1700 (full 805):
 PSYoungGen      total 47104K, used 37888K [0x00000000f0000000, 0x00000000f3700000, 0x0000000100000000)
  eden space 37888K, 100% used [0x00000000f0000000,0x00000000f2500000,0x00000000f2500000)
  from space 9216K, 0% used [0x00000000f2500000,0x00000000f2500000,0x00000000f2e00000)
  to   space 9216K, 0% used [0x00000000f2e00000,0x00000000f2e00000,0x00000000f3700000)
 ParOldGen       total 524288K, used 524211K [0x00000000d0000000, 0x00000000f0000000, 0x00000000f0000000)
  object space 524288K, 99% used [0x00000000d0000000,0x00000000effecd38,0x00000000f0000000)
 Metaspace       used 73929K, capacity 77614K, committed 77824K, reserved 1116160K
  class space    used 9566K, capacity 10177K, committed 10240K, reserved 1048576K
Event: 81198.926 GC heap after
Heap after GC invocations=1700 (full 805):
 PSYoungGen      total 47104K, used 37886K [0x00000000f0000000, 0x00000000f3700000, 0x0000000100000000)
  eden space 37888K, 99% used [0x00000000f0000000,0x00000000f24ffaf8,0x00000000f2500000)
  from space 9216K, 0% used [0x00000000f2500000,0x00000000f2500000,0x00000000f2e00000)
  to   space 9216K, 0% used [0x00000000f2e00000,0x00000000f2e00000,0x00000000f3700000)
 ParOldGen       total 524288K, used 524210K [0x00000000d0000000, 0x00000000f0000000, 0x00000000f0000000)
  object space 524288K, 99% used [0x00000000d0000000,0x00000000effeca80,0x00000000f0000000)
 Metaspace       used 73929K, capacity 77614K, committed 77824K, reserved 1116160K
  class space    used 9566K, capacity 10177K, committed 10240K, reserved 1048576K
}
Event: 81198.927 GC heap before
{Heap before GC invocations=1701 (full 806):
 PSYoungGen      total 47104K, used 37888K [0x00000000f0000000, 0x00000000f3700000, 0x0000000100000000)
  eden space 37888K, 100% used [0x00000000f0000000,0x00000000f2500000,0x00000000f2500000)
  from space 9216K, 0% used [0x00000000f2500000,0x00000000f2500000,0x00000000f2e00000)
  to   space 9216K, 0% used [0x00000000f2e00000,0x00000000f2e00000,0x00000000f3700000)
 ParOldGen       total 524288K, used 524210K [0x00000000d0000000, 0x00000000f0000000, 0x00000000f0000000)
  object space 524288K, 99% used [0x00000000d0000000,0x00000000effeca80,0x00000000f0000000)
 Metaspace       used 73929K, capacity 77614K, committed 77824K, reserved 1116160K
  class space    used 9566K, capacity 10177K, committed 10240K, reserved 1048576K
Event: 81200.562 GC heap after
Heap after GC invocations=1701 (full 806):
 PSYoungGen      total 47104K, used 37887K [0x00000000f0000000, 0x00000000f3700000, 0x0000000100000000)
  eden space 37888K, 99% used [0x00000000f0000000,0x00000000f24fffd0,0x00000000f2500000)
  from space 9216K, 0% used [0x00000000f2500000,0x00000000f2500000,0x00000000f2e00000)
  to   space 9216K, 0% used [0x00000000f2e00000,0x00000000f2e00000,0x00000000f3700000)
 ParOldGen       total 524288K, used 524210K [0x00000000d0000000, 0x00000000f0000000, 0x00000000f0000000)
  object space 524288K, 99% used [0x00000000d0000000,0x00000000effeca80,0x00000000f0000000)
 Metaspace       used 73929K, capacity 77614K, committed 77824K, reserved 1116160K
  class space    used 9566K, capacity 10177K, committed 10240K, reserved 1048576K
}
Event: 81200.563 GC heap before
{Heap before GC invocations=1702 (full 807):
 PSYoungGen      total 47104K, used 37887K [0x00000000f0000000, 0x00000000f3700000, 0x0000000100000000)
  eden space 37888K, 99% used [0x00000000f0000000,0x00000000f24ffff8,0x00000000f2500000)
  from space 9216K, 0% used [0x00000000f2500000,0x00000000f2500000,0x00000000f2e00000)
  to   space 9216K, 0% used [0x00000000f2e00000,0x00000000f2e00000,0x00000000f3700000)
 ParOldGen       total 524288K, used 524210K [0x00000000d0000000, 0x00000000f0000000, 0x00000000f0000000)
  object space 524288K, 99% used [0x00000000d0000000,0x00000000effeca80,0x00000000f0000000)
 Metaspace       used 73929K, capacity 77614K, committed 77824K, reserved 1116160K
  class space    used 9566K, capacity 10177K, committed 10240K, reserved 1048576K
Event: 81202.323 GC heap after
Heap after GC invocations=1702 (full 807):
 PSYoungGen      total 47104K, used 37887K [0x00000000f0000000, 0x00000000f3700000, 0x0000000100000000)
  eden space 37888K, 99% used [0x00000000f0000000,0x00000000f24fffe8,0x00000000f2500000)
  from space 9216K, 0% used [0x00000000f2500000,0x00000000f2500000,0x00000000f2e00000)
  to   space 9216K, 0% used [0x00000000f2e00000,0x00000000f2e00000,0x00000000f3700000)
 ParOldGen       total 524288K, used 524210K [0x00000000d0000000, 0x00000000f0000000, 0x00000000f0000000)
  object space 524288K, 99% used [0x00000000d0000000,0x00000000effeca80,0x00000000f0000000)
 Metaspace       used 73929K, capacity 77614K, committed 77824K, reserved 1116160K
  class space    used 9566K, capacity 10177K, committed 10240K, reserved 1048576K
}
Event: 81202.324 GC heap before
{Heap before GC invocations=1703 (full 808):
 PSYoungGen      total 47104K, used 37888K [0x00000000f0000000, 0x00000000f3700000, 0x0000000100000000)
  eden space 37888K, 100% used [0x00000000f0000000,0x00000000f2500000,0x00000000f2500000)
  from space 9216K, 0% used [0x00000000f2500000,0x00000000f2500000,0x00000000f2e00000)
  to   space 9216K, 0% used [0x00000000f2e00000,0x00000000f2e00000,0x00000000f3700000)
 ParOldGen       total 524288K, used 524214K [0x00000000d0000000, 0x00000000f0000000, 0x00000000f0000000)
  object space 524288K, 99% used [0x00000000d0000000,0x00000000effed858,0x00000000f0000000)
 Metaspace       used 73929K, capacity 77614K, committed 77824K, reserved 1116160K
  class space    used 9566K, capacity 10177K, committed 10240K, reserved 1048576K
Event: 81203.949 GC heap after
Heap after GC invocations=1703 (full 808):
 PSYoungGen      total 47104K, used 37888K [0x00000000f0000000, 0x00000000f3700000, 0x0000000100000000)
  eden space 37888K, 100% used [0x00000000f0000000,0x00000000f2500000,0x00000000f2500000)
  from space 9216K, 0% used [0x00000000f2500000,0x00000000f2500000,0x00000000f2e00000)
  to   space 9216K, 0% used [0x00000000f2e00000,0x00000000f2e00000,0x00000000f3700000)
 ParOldGen       total 524288K, used 524213K [0x00000000d0000000, 0x00000000f0000000, 0x00000000f0000000)
  object space 524288K, 99% used [0x00000000d0000000,0x00000000effed7a0,0x00000000f0000000)
 Metaspace       used 73929K, capacity 77614K, committed 77824K, reserved 1116160K
  class space    used 9566K, capacity 10177K, committed 10240K, reserved 1048576K
}
Event: 81203.950 GC heap before
{Heap before GC invocations=1704 (full 809):
 PSYoungGen      total 47104K, used 37888K [0x00000000f0000000, 0x00000000f3700000, 0x0000000100000000)
  eden space 37888K, 100% used [0x00000000f0000000,0x00000000f2500000,0x00000000f2500000)
  from space 9216K, 0% used [0x00000000f2500000,0x00000000f2500000,0x00000000f2e00000)
  to   space 9216K, 0% used [0x00000000f2e00000,0x00000000f2e00000,0x00000000f3700000)
 ParOldGen       total 524288K, used 524217K [0x00000000d0000000, 0x00000000f0000000, 0x00000000f0000000)
  object space 524288K, 99% used [0x00000000d0000000,0x00000000effee6d8,0x00000000f0000000)
 Metaspace       used 73929K, capacity 77614K, committed 77824K, reserved 1116160K
  class space    used 9566K, capacity 10177K, committed 10240K, reserved 1048576K
Event: 81205.737 GC heap after
Heap after GC invocations=1704 (full 809):
 PSYoungGen      total 47104K, used 37888K [0x00000000f0000000, 0x00000000f3700000, 0x0000000100000000)
  eden space 37888K, 100% used [0x00000000f0000000,0x00000000f2500000,0x00000000f2500000)
  from space 9216K, 0% used [0x00000000f2500000,0x00000000f2500000,0x00000000f2e00000)
  to   space 9216K, 0% used [0x00000000f2e00000,0x00000000f2e00000,0x00000000f3700000)
 ParOldGen       total 524288K, used 524215K [0x00000000d0000000, 0x00000000f0000000, 0x00000000f0000000)
  object space 524288K, 99% used [0x00000000d0000000,0x00000000effedf40,0x00000000f0000000)
 Metaspace       used 73929K, capacity 77614K, committed 77824K, reserved 1116160K
  class space    used 9566K, capacity 10177K, committed 10240K, reserved 1048576K
}
Event: 81205.745 GC heap before
{Heap before GC invocations=1705 (full 810):
 PSYoungGen      total 47104K, used 37888K [0x00000000f0000000, 0x00000000f3700000, 0x0000000100000000)
  eden space 37888K, 100% used [0x00000000f0000000,0x00000000f2500000,0x00000000f2500000)
  from space 9216K, 0% used [0x00000000f2500000,0x00000000f2500000,0x00000000f2e00000)
  to   space 9216K, 0% used [0x00000000f2e00000,0x00000000f2e00000,0x00000000f3700000)
 ParOldGen       total 524288K, used 524219K [0x00000000d0000000, 0x00000000f0000000, 0x00000000f0000000)
  object space 524288K, 99% used [0x00000000d0000000,0x00000000effeeed0,0x00000000f0000000)
 Metaspace       used 73929K, capacity 77614K, committed 77824K, reserved 1116160K
  class space    used 9566K, capacity 10177K, committed 10240K, reserved 1048576K
Event: 81207.463 GC heap after
Heap after GC invocations=1705 (full 810):
 PSYoungGen      total 47104K, used 37888K [0x00000000f0000000, 0x00000000f3700000, 0x0000000100000000)
  eden space 37888K, 100% used [0x00000000f0000000,0x00000000f2500000,0x00000000f2500000)
  from space 9216K, 0% used [0x00000000f2500000,0x00000000f2500000,0x00000000f2e00000)
  to   space 9216K, 0% used [0x00000000f2e00000,0x00000000f2e00000,0x00000000f3700000)
 ParOldGen       total 524288K, used 524218K [0x00000000d0000000, 0x00000000f0000000, 0x00000000f0000000)
  object space 524288K, 99% used [0x00000000d0000000,0x00000000effee830,0x00000000f0000000)
 Metaspace       used 73929K, capacity 77614K, committed 77824K, reserved 1116160K
  class space    used 9566K, capacity 10177K, committed 10240K, reserved 1048576K
}
Event: 81207.464 GC heap before
{Heap before GC invocations=1706 (full 811):
 PSYoungGen      total 47104K, used 37888K [0x00000000f0000000, 0x00000000f3700000, 0x0000000100000000)
  eden space 37888K, 100% used [0x00000000f0000000,0x00000000f2500000,0x00000000f2500000)
  from space 9216K, 0% used [0x00000000f2500000,0x00000000f2500000,0x00000000f2e00000)
  to   space 9216K, 0% used [0x00000000f2e00000,0x00000000f2e00000,0x00000000f3700000)
 ParOldGen       total 524288K, used 524220K [0x00000000d0000000, 0x00000000f0000000, 0x00000000f0000000)
  object space 524288K, 99% used [0x00000000d0000000,0x00000000effef310,0x00000000f0000000)
 Metaspace       used 73929K, capacity 77614K, committed 77824K, reserved 1116160K
  class space    used 9566K, capacity 10177K, committed 10240K, reserved 1048576K
Event: 81209.060 GC heap after
Heap after GC invocations=1706 (full 811):
 PSYoungGen      total 47104K, used 37883K [0x00000000f0000000, 0x00000000f3700000, 0x0000000100000000)
  eden space 37888K, 99% used [0x00000000f0000000,0x00000000f24fef38,0x00000000f2500000)
  from space 9216K, 0% used [0x00000000f2500000,0x00000000f2500000,0x00000000f2e00000)
  to   space 9216K, 0% used [0x00000000f2e00000,0x00000000f2e00000,0x00000000f3700000)
 ParOldGen       total 524288K, used 524214K [0x00000000d0000000, 0x00000000f0000000, 0x00000000f0000000)
  object space 524288K, 99% used [0x00000000d0000000,0x00000000effed8c8,0x00000000f0000000)
 Metaspace       used 73929K, capacity 77614K, committed 77824K, reserved 1116160K
  class space    used 9566K, capacity 10177K, committed 10240K, reserved 1048576K
}
Event: 81209.062 GC heap before
{Heap before GC invocations=1707 (full 812):
 PSYoungGen      total 47104K, used 37887K [0x00000000f0000000, 0x00000000f3700000, 0x0000000100000000)
  eden space 37888K, 99% used [0x00000000f0000000,0x00000000f24fffe0,0x00000000f2500000)
  from space 9216K, 0% used [0x00000000f2500000,0x00000000f2500000,0x00000000f2e00000)
  to   space 9216K, 0% used [0x00000000f2e00000,0x00000000f2e00000,0x00000000f3700000)
 ParOldGen       total 524288K, used 524214K [0x00000000d0000000, 0x00000000f0000000, 0x00000000f0000000)
  object space 524288K, 99% used [0x00000000d0000000,0x00000000effed8c8,0x00000000f0000000)
 Metaspace       used 73929K, capacity 77614K, committed 77824K, reserved 1116160K
  class space    used 9566K, capacity 10177K, committed 10240K, reserved 1048576K
Event: 81210.720 GC heap after
Heap after GC invocations=1707 (full 812):
 PSYoungGen      total 47104K, used 37885K [0x00000000f0000000, 0x00000000f3700000, 0x0000000100000000)
  eden space 37888K, 99% used [0x00000000f0000000,0x00000000f24ff5b0,0x00000000f2500000)
  from space 9216K, 0% used [0x00000000f2500000,0x00000000f2500000,0x00000000f2e00000)
  to   space 9216K, 0% used [0x00000000f2e00000,0x00000000f2e00000,0x00000000f3700000)
 ParOldGen       total 524288K, used 524213K [0x00000000d0000000, 0x00000000f0000000, 0x00000000f0000000)
  object space 524288K, 99% used [0x00000000d0000000,0x00000000effed740,0x00000000f0000000)
 Metaspace       used 73929K, capacity 77614K, committed 77824K, reserved 1116160K
  class space    used 9566K, capacity 10177K, committed 10240K, reserved 1048576K
}
Event: 81210.721 GC heap before
{Heap before GC invocations=1708 (full 813):
 PSYoungGen      total 47104K, used 37888K [0x00000000f0000000, 0x00000000f3700000, 0x0000000100000000)
  eden space 37888K, 100% used [0x00000000f0000000,0x00000000f2500000,0x00000000f2500000)
  from space 9216K, 0% used [0x00000000f2500000,0x00000000f2500000,0x00000000f2e00000)
  to   space 9216K, 0% used [0x00000000f2e00000,0x00000000f2e00000,0x00000000f3700000)
 ParOldGen       total 524288K, used 524213K [0x00000000d0000000, 0x00000000f0000000, 0x00000000f0000000)
  object space 524288K, 99% used [0x00000000d0000000,0x00000000effed740,0x00000000f0000000)
 Metaspace       used 73929K, capacity 77614K, committed 77824K, reserved 1116160K
  class space    used 9566K, capacity 10177K, committed 10240K, reserved 1048576K
Event: 81212.729 GC heap after
Heap after GC invocations=1708 (full 813):
 PSYoungGen      total 47104K, used 37887K [0x00000000f0000000, 0x00000000f3700000, 0x0000000100000000)
  eden space 37888K, 99% used [0x00000000f0000000,0x00000000f24ffe90,0x00000000f2500000)
  from space 9216K, 0% used [0x00000000f2500000,0x00000000f2500000,0x00000000f2e00000)
  to   space 9216K, 0% used [0x00000000f2e00000,0x00000000f2e00000,0x00000000f3700000)
 ParOldGen       total 524288K, used 524213K [0x00000000d0000000, 0x00000000f0000000, 0x00000000f0000000)
  object space 524288K, 99% used [0x00000000d0000000,0x00000000effed740,0x00000000f0000000)
 Metaspace       used 73929K, capacity 77614K, committed 77824K, reserved 1116160K
  class space    used 9566K, capacity 10177K, committed 10240K, reserved 1048576K
}
Event: 81212.730 GC heap before
{Heap before GC invocations=1709 (full 814):
 PSYoungGen      total 47104K, used 37888K [0x00000000f0000000, 0x00000000f3700000, 0x0000000100000000)
  eden space 37888K, 100% used [0x00000000f0000000,0x00000000f2500000,0x00000000f2500000)
  from space 9216K, 0% used [0x00000000f2500000,0x00000000f2500000,0x00000000f2e00000)
  to   space 9216K, 0% used [0x00000000f2e00000,0x00000000f2e00000,0x00000000f3700000)
 ParOldGen       total 524288K, used 524213K [0x00000000d0000000, 0x00000000f0000000, 0x00000000f0000000)
  object space 524288K, 99% used [0x00000000d0000000,0x00000000effed740,0x00000000f0000000)
 Metaspace       used 73929K, capacity 77614K, committed 77824K, reserved 1116160K
  class space    used 9566K, capacity 10177K, committed 10240K, reserved 1048576K
Event: 81214.479 GC heap after
Heap after GC invocations=1709 (full 814):
 PSYoungGen      total 47104K, used 37887K [0x00000000f0000000, 0x00000000f3700000, 0x0000000100000000)
  eden space 37888K, 99% used [0x00000000f0000000,0x00000000f24ffee0,0x00000000f2500000)
  from space 9216K, 0% used [0x00000000f2500000,0x00000000f2500000,0x00000000f2e00000)
  to   space 9216K, 0% used [0x00000000f2e00000,0x00000000f2e00000,0x00000000f3700000)
 ParOldGen       total 524288K, used 524213K [0x00000000d0000000, 0x00000000f0000000, 0x00000000f0000000)
  object space 524288K, 99% used [0x00000000d0000000,0x00000000effed6c8,0x00000000f0000000)
 Metaspace       used 73929K, capacity 77614K, committed 77824K, reserved 1116160K
  class space    used 9566K, capacity 10177K, committed 10240K, reserved 1048576K
}
Event: 81214.480 GC heap before
{Heap before GC invocations=1710 (full 815):
 PSYoungGen      total 47104K, used 37888K [0x00000000f0000000, 0x00000000f3700000, 0x0000000100000000)
  eden space 37888K, 100% used [0x00000000f0000000,0x00000000f2500000,0x00000000f2500000)
  from space 9216K, 0% used [0x00000000f2500000,0x00000000f2500000,0x00000000f2e00000)
  to   space 9216K, 0% used [0x00000000f2e00000,0x00000000f2e00000,0x00000000f3700000)
 ParOldGen       total 524288K, used 524213K [0x00000000d0000000, 0x00000000f0000000, 0x00000000f0000000)
  object space 524288K, 99% used [0x00000000d0000000,0x00000000effed6c8,0x00000000f0000000)
 Metaspace       used 73929K, capacity 77614K, committed 77824K, reserved 1116160K
  class space    used 9566K, capacity 10177K, committed 10240K, reserved 1048576K
Event: 81216.250 GC heap after
Heap after GC invocations=1710 (full 815):
 PSYoungGen      total 47104K, used 37887K [0x00000000f0000000, 0x00000000f3700000, 0x0000000100000000)
  eden space 37888K, 99% used [0x00000000f0000000,0x00000000f24fffc0,0x00000000f2500000)
  from space 9216K, 0% used [0x00000000f2500000,0x00000000f2500000,0x00000000f2e00000)
  to   space 9216K, 0% used [0x00000000f2e00000,0x00000000f2e00000,0x00000000f3700000)
 ParOldGen       total 524288K, used 524213K [0x00000000d0000000, 0x00000000f0000000, 0x00000000f0000000)
  object space 524288K, 99% used [0x00000000d0000000,0x00000000effed6c8,0x00000000f0000000)
 Metaspace       used 73929K, capacity 77614K, committed 77824K, reserved 1116160K
  class space    used 9566K, capacity 10177K, committed 10240K, reserved 1048576K
}
Event: 81216.251 GC heap before
{Heap before GC invocations=1711 (full 816):
 PSYoungGen      total 47104K, used 37888K [0x00000000f0000000, 0x00000000f3700000, 0x0000000100000000)
  eden space 37888K, 100% used [0x00000000f0000000,0x00000000f2500000,0x00000000f2500000)
  from space 9216K, 0% used [0x00000000f2500000,0x00000000f2500000,0x00000000f2e00000)
  to   space 9216K, 0% used [0x00000000f2e00000,0x00000000f2e00000,0x00000000f3700000)
 ParOldGen       total 524288K, used 524224K [0x00000000d0000000, 0x00000000f0000000, 0x00000000f0000000)
  object space 524288K, 99% used [0x00000000d0000000,0x00000000efff00b0,0x00000000f0000000)
 Metaspace       used 73929K, capacity 77614K, committed 77824K, reserved 1116160K
  class space    used 9566K, capacity 10177K, committed 10240K, reserved 1048576K
Event: 81217.907 GC heap after
Heap after GC invocations=1711 (full 816):
 PSYoungGen      total 47104K, used 37887K [0x00000000f0000000, 0x00000000f3700000, 0x0000000100000000)
  eden space 37888K, 99% used [0x00000000f0000000,0x00000000f24fff90,0x00000000f2500000)
  from space 9216K, 0% used [0x00000000f2500000,0x00000000f2500000,0x00000000f2e00000)
  to   space 9216K, 0% used [0x00000000f2e00000,0x00000000f2e00000,0x00000000f3700000)
 ParOldGen       total 524288K, used 524223K [0x00000000d0000000, 0x00000000f0000000, 0x00000000f0000000)
  object space 524288K, 99% used [0x00000000d0000000,0x00000000effeff68,0x00000000f0000000)
 Metaspace       used 73929K, capacity 77614K, committed 77824K, reserved 1116160K
  class space    used 9566K, capacity 10177K, committed 10240K, reserved 1048576K
}
Event: 81217.910 GC heap before
{Heap before GC invocations=1712 (full 817):
 PSYoungGen      total 47104K, used 37888K [0x00000000f0000000, 0x00000000f3700000, 0x0000000100000000)
  eden space 37888K, 100% used [0x00000000f0000000,0x00000000f2500000,0x00000000f2500000)
  from space 9216K, 0% used [0x00000000f2500000,0x00000000f2500000,0x00000000f2e00000)
  to   space 9216K, 0% used [0x00000000f2e00000,0x00000000f2e00000,0x00000000f3700000)
 ParOldGen       total 524288K, used 524223K [0x00000000d0000000, 0x00000000f0000000, 0x00000000f0000000)
  object space 524288K, 99% used [0x00000000d0000000,0x00000000effeff68,0x00000000f0000000)
 Metaspace       used 73929K, capacity 77614K, committed 77824K, reserved 1116160K
  class space    used 9566K, capacity 10177K, committed 10240K, reserved 1048576K
Event: 81219.550 GC heap after
Heap after GC invocations=1712 (full 817):
 PSYoungGen      total 47104K, used 37887K [0x00000000f0000000, 0x00000000f3700000, 0x0000000100000000)
  eden space 37888K, 99% used [0x00000000f0000000,0x00000000f24fffe0,0x00000000f2500000)
  from space 9216K, 0% used [0x00000000f2500000,0x00000000f2500000,0x00000000f2e00000)
  to   space 9216K, 0% used [0x00000000f2e00000,0x00000000f2e00000,0x00000000f3700000)
 ParOldGen       total 524288K, used 524223K [0x00000000d0000000, 0x00000000f0000000, 0x00000000f0000000)
  object space 524288K, 99% used [0x00000000d0000000,0x00000000effeff38,0x00000000f0000000)
 Metaspace       used 73929K, capacity 77614K, committed 77824K, reserved 1116160K
  class space    used 9566K, capacity 10177K, committed 10240K, reserved 1048576K
}
Event: 81219.551 GC heap before
{Heap before GC invocations=1713 (full 818):
 PSYoungGen      total 47104K, used 37888K [0x00000000f0000000, 0x00000000f3700000, 0x0000000100000000)
  eden space 37888K, 100% used [0x00000000f0000000,0x00000000f2500000,0x00000000f2500000)
  from space 9216K, 0% used [0x00000000f2500000,0x00000000f2500000,0x00000000f2e00000)
  to   space 9216K, 0% used [0x00000000f2e00000,0x00000000f2e00000,0x00000000f3700000)
 ParOldGen       total 524288K, used 524223K [0x00000000d0000000, 0x00000000f0000000, 0x00000000f0000000)
  object space 524288K, 99% used [0x00000000d0000000,0x00000000effeff38,0x00000000f0000000)
 Metaspace       used 73929K, capacity 77614K, committed 77824K, reserved 1116160K
  class space    used 9566K, capacity 10177K, committed 10240K, reserved 1048576K
Event: 81221.221 GC heap after
Heap after GC invocations=1713 (full 818):
 PSYoungGen      total 47104K, used 37888K [0x00000000f0000000, 0x00000000f3700000, 0x0000000100000000)
  eden space 37888K, 100% used [0x00000000f0000000,0x00000000f2500000,0x00000000f2500000)
  from space 9216K, 0% used [0x00000000f2500000,0x00000000f2500000,0x00000000f2e00000)
  to   space 9216K, 0% used [0x00000000f2e00000,0x00000000f2e00000,0x00000000f3700000)
 ParOldGen       total 524288K, used 524223K [0x00000000d0000000, 0x00000000f0000000, 0x00000000f0000000)
  object space 524288K, 99% used [0x00000000d0000000,0x00000000effeff20,0x00000000f0000000)
 Metaspace       used 73929K, capacity 77614K, committed 77824K, reserved 1116160K
  class space    used 9566K, capacity 10177K, committed 10240K, reserved 1048576K
}
Event: 81221.222 GC heap before
{Heap before GC invocations=1714 (full 819):
 PSYoungGen      total 47104K, used 37888K [0x00000000f0000000, 0x00000000f3700000, 0x0000000100000000)
  eden space 37888K, 100% used [0x00000000f0000000,0x00000000f2500000,0x00000000f2500000)
  from space 9216K, 0% used [0x00000000f2500000,0x00000000f2500000,0x00000000f2e00000)
  to   space 9216K, 0% used [0x00000000f2e00000,0x00000000f2e00000,0x00000000f3700000)
 ParOldGen       total 524288K, used 524227K [0x00000000d0000000, 0x00000000f0000000, 0x00000000f0000000)
  object space 524288K, 99% used [0x00000000d0000000,0x00000000efff0c20,0x00000000f0000000)
 Metaspace       used 73929K, capacity 77614K, committed 77824K, reserved 1116160K
  class space    used 9566K, capacity 10177K, committed 10240K, reserved 1048576K
Event: 81222.833 GC heap after
Heap after GC invocations=1714 (full 819):
 PSYoungGen      total 47104K, used 37887K [0x00000000f0000000, 0x00000000f3700000, 0x0000000100000000)
  eden space 37888K, 99% used [0x00000000f0000000,0x00000000f24fffd0,0x00000000f2500000)
  from space 9216K, 0% used [0x00000000f2500000,0x00000000f2500000,0x00000000f2e00000)
  to   space 9216K, 0% used [0x00000000f2e00000,0x00000000f2e00000,0x00000000f3700000)
 ParOldGen       total 524288K, used 524226K [0x00000000d0000000, 0x00000000f0000000, 0x00000000f0000000)
  object space 524288K, 99% used [0x00000000d0000000,0x00000000efff08c8,0x00000000f0000000)
 Metaspace       used 73929K, capacity 77614K, committed 77824K, reserved 1116160K
  class space    used 9566K, capacity 10177K, committed 10240K, reserved 1048576K
}
Event: 81222.834 GC heap before
{Heap before GC invocations=1715 (full 820):
 PSYoungGen      total 47104K, used 37888K [0x00000000f0000000, 0x00000000f3700000, 0x0000000100000000)
  eden space 37888K, 100% used [0x00000000f0000000,0x00000000f2500000,0x00000000f2500000)
  from space 9216K, 0% used [0x00000000f2500000,0x00000000f2500000,0x00000000f2e00000)
  to   space 9216K, 0% used [0x00000000f2e00000,0x00000000f2e00000,0x00000000f3700000)
 ParOldGen       total 524288K, used 524226K [0x00000000d0000000, 0x00000000f0000000, 0x00000000f0000000)
  object space 524288K, 99% used [0x00000000d0000000,0x00000000efff08c8,0x00000000f0000000)
 Metaspace       used 73929K, capacity 77614K, committed 77824K, reserved 1116160K
  class space    used 9566K, capacity 10177K, committed 10240K, reserved 1048576K
Event: 81224.532 GC heap after
Heap after GC invocations=1715 (full 820):
 PSYoungGen      total 47104K, used 37888K [0x00000000f0000000, 0x00000000f3700000, 0x0000000100000000)
  eden space 37888K, 100% used [0x00000000f0000000,0x00000000f2500000,0x00000000f2500000)
  from space 9216K, 0% used [0x00000000f2500000,0x00000000f2500000,0x00000000f2e00000)
  to   space 9216K, 0% used [0x00000000f2e00000,0x00000000f2e00000,0x00000000f3700000)
 ParOldGen       total 524288K, used 524226K [0x00000000d0000000, 0x00000000f0000000, 0x00000000f0000000)
  object space 524288K, 99% used [0x00000000d0000000,0x00000000efff08c8,0x00000000f0000000)
 Metaspace       used 73929K, capacity 77614K, committed 77824K, reserved 1116160K
  class space    used 9566K, capacity 10177K, committed 10240K, reserved 1048576K
}
Event: 81224.533 GC heap before
{Heap before GC invocations=1716 (full 821):
 PSYoungGen      total 47104K, used 37888K [0x00000000f0000000, 0x00000000f3700000, 0x0000000100000000)
  eden space 37888K, 100% used [0x00000000f0000000,0x00000000f2500000,0x00000000f2500000)
  from space 9216K, 0% used [0x00000000f2500000,0x00000000f2500000,0x00000000f2e00000)
  to   space 9216K, 0% used [0x00000000f2e00000,0x00000000f2e00000,0x00000000f3700000)
 ParOldGen       total 524288K, used 524229K [0x00000000d0000000, 0x00000000f0000000, 0x00000000f0000000)
  object space 524288K, 99% used [0x00000000d0000000,0x00000000efff1738,0x00000000f0000000)
 Metaspace       used 73929K, capacity 77614K, committed 77824K, reserved 1116160K
  class space    used 9566K, capacity 10177K, committed 10240K, reserved 1048576K
Event: 81226.235 GC heap after
Heap after GC invocations=1716 (full 821):
 PSYoungGen      total 47104K, used 37885K [0x00000000f0000000, 0x00000000f3700000, 0x0000000100000000)
  eden space 37888K, 99% used [0x00000000f0000000,0x00000000f24ff7b0,0x00000000f2500000)
  from space 9216K, 0% used [0x00000000f2500000,0x00000000f2500000,0x00000000f2e00000)
  to   space 9216K, 0% used [0x00000000f2e00000,0x00000000f2e00000,0x00000000f3700000)
 ParOldGen       total 524288K, used 524225K [0x00000000d0000000, 0x00000000f0000000, 0x00000000f0000000)
  object space 524288K, 99% used [0x00000000d0000000,0x00000000efff0500,0x00000000f0000000)
 Metaspace       used 73929K, capacity 77614K, committed 77824K, reserved 1116160K
  class space    used 9566K, capacity 10177K, committed 10240K, reserved 1048576K
}
Event: 81226.236 GC heap before
{Heap before GC invocations=1717 (full 822):
 PSYoungGen      total 47104K, used 37887K [0x00000000f0000000, 0x00000000f3700000, 0x0000000100000000)
  eden space 37888K, 99% used [0x00000000f0000000,0x00000000f24ffff0,0x00000000f2500000)
  from space 9216K, 0% used [0x00000000f2500000,0x00000000f2500000,0x00000000f2e00000)
  to   space 9216K, 0% used [0x00000000f2e00000,0x00000000f2e00000,0x00000000f3700000)
 ParOldGen       total 524288K, used 524225K [0x00000000d0000000, 0x00000000f0000000, 0x00000000f0000000)
  object space 524288K, 99% used [0x00000000d0000000,0x00000000efff0500,0x00000000f0000000)
 Metaspace       used 73929K, capacity 77614K, committed 77824K, reserved 1116160K
  class space    used 9566K, capacity 10177K, committed 10240K, reserved 1048576K
Event: 81227.864 GC heap after
Heap after GC invocations=1717 (full 822):
 PSYoungGen      total 47104K, used 37887K [0x00000000f0000000, 0x00000000f3700000, 0x0000000100000000)
  eden space 37888K, 99% used [0x00000000f0000000,0x00000000f24ffc20,0x00000000f2500000)
  from space 9216K, 0% used [0x00000000f2500000,0x00000000f2500000,0x00000000f2e00000)
  to   space 9216K, 0% used [0x00000000f2e00000,0x00000000f2e00000,0x00000000f3700000)
 ParOldGen       total 524288K, used 524225K [0x00000000d0000000, 0x00000000f0000000, 0x00000000f0000000)
  object space 524288K, 99% used [0x00000000d0000000,0x00000000efff0500,0x00000000f0000000)
 Metaspace       used 73929K, capacity 77614K, committed 77824K, reserved 1116160K
  class space    used 9566K, capacity 10177K, committed 10240K, reserved 1048576K
}
Event: 81227.865 GC heap before
{Heap before GC invocations=1718 (full 823):
 PSYoungGen      total 47104K, used 37888K [0x00000000f0000000, 0x00000000f3700000, 0x0000000100000000)
  eden space 37888K, 100% used [0x00000000f0000000,0x00000000f2500000,0x00000000f2500000)
  from space 9216K, 0% used [0x00000000f2500000,0x00000000f2500000,0x00000000f2e00000)
  to   space 9216K, 0% used [0x00000000f2e00000,0x00000000f2e00000,0x00000000f3700000)
 ParOldGen       total 524288K, used 524225K [0x00000000d0000000, 0x00000000f0000000, 0x00000000f0000000)
  object space 524288K, 99% used [0x00000000d0000000,0x00000000efff0500,0x00000000f0000000)
 Metaspace       used 73929K, capacity 77614K, committed 77824K, reserved 1116160K
  class space    used 9566K, capacity 10177K, committed 10240K, reserved 1048576K
Event: 81229.559 GC heap after
Heap after GC invocations=1718 (full 823):
 PSYoungGen      total 47104K, used 37887K [0x00000000f0000000, 0x00000000f3700000, 0x0000000100000000)
  eden space 37888K, 99% used [0x00000000f0000000,0x00000000f24ffe28,0x00000000f2500000)
  from space 9216K, 0% used [0x00000000f2500000,0x00000000f2500000,0x00000000f2e00000)
  to   space 9216K, 0% used [0x00000000f2e00000,0x00000000f2e00000,0x00000000f3700000)
 ParOldGen       total 524288K, used 524225K [0x00000000d0000000, 0x00000000f0000000, 0x00000000f0000000)
  object space 524288K, 99% used [0x00000000d0000000,0x00000000efff04e8,0x00000000f0000000)
 Metaspace       used 73929K, capacity 77614K, committed 77824K, reserved 1116160K
  class space    used 9566K, capacity 10177K, committed 10240K, reserved 1048576K
}
Event: 81229.561 GC heap before
{Heap before GC invocations=1719 (full 824):
 PSYoungGen      total 47104K, used 37888K [0x00000000f0000000, 0x00000000f3700000, 0x0000000100000000)
  eden space 37888K, 100% used [0x00000000f0000000,0x00000000f2500000,0x00000000f2500000)
  from space 9216K, 0% used [0x00000000f2500000,0x00000000f2500000,0x00000000f2e00000)
  to   space 9216K, 0% used [0x00000000f2e00000,0x00000000f2e00000,0x00000000f3700000)
 ParOldGen       total 524288K, used 524225K [0x00000000d0000000, 0x00000000f0000000, 0x00000000f0000000)
  object space 524288K, 99% used [0x00000000d0000000,0x00000000efff04e8,0x00000000f0000000)
 Metaspace       used 73929K, capacity 77614K, committed 77824K, reserved 1116160K
  class space    used 9566K, capacity 10177K, committed 10240K, reserved 1048576K
Event: 81231.174 GC heap after
Heap after GC invocations=1719 (full 824):
 PSYoungGen      total 47104K, used 37887K [0x00000000f0000000, 0x00000000f3700000, 0x0000000100000000)
  eden space 37888K, 99% used [0x00000000f0000000,0x00000000f24fff78,0x00000000f2500000)
  from space 9216K, 0% used [0x00000000f2500000,0x00000000f2500000,0x00000000f2e00000)
  to   space 9216K, 0% used [0x00000000f2e00000,0x00000000f2e00000,0x00000000f3700000)
 ParOldGen       total 524288K, used 524225K [0x00000000d0000000, 0x00000000f0000000, 0x00000000f0000000)
  object space 524288K, 99% used [0x00000000d0000000,0x00000000efff04e8,0x00000000f0000000)
 Metaspace       used 73929K, capacity 77614K, committed 77824K, reserved 1116160K
  class space    used 9566K, capacity 10177K, committed 10240K, reserved 1048576K
}
Event: 81231.176 GC heap before
{Heap before GC invocations=1720 (full 825):
 PSYoungGen      total 47104K, used 37888K [0x00000000f0000000, 0x00000000f3700000, 0x0000000100000000)
  eden space 37888K, 100% used [0x00000000f0000000,0x00000000f2500000,0x00000000f2500000)
  from space 9216K, 0% used [0x00000000f2500000,0x00000000f2500000,0x00000000f2e00000)
  to   space 9216K, 0% used [0x00000000f2e00000,0x00000000f2e00000,0x00000000f3700000)
 ParOldGen       total 524288K, used 524225K [0x00000000d0000000, 0x00000000f0000000, 0x00000000f0000000)
  object space 524288K, 99% used [0x00000000d0000000,0x00000000efff04e8,0x00000000f0000000)
 Metaspace       used 73929K, capacity 77614K, committed 77824K, reserved 1116160K
  class space    used 9566K, capacity 10177K, committed 10240K, reserved 1048576K
Event: 81232.856 GC heap after
Heap after GC invocations=1720 (full 825):
 PSYoungGen      total 47104K, used 37887K [0x00000000f0000000, 0x00000000f3700000, 0x0000000100000000)
  eden space 37888K, 99% used [0x00000000f0000000,0x00000000f24fff78,0x00000000f2500000)
  from space 9216K, 0% used [0x00000000f2500000,0x00000000f2500000,0x00000000f2e00000)
  to   space 9216K, 0% used [0x00000000f2e00000,0x00000000f2e00000,0x00000000f3700000)
 ParOldGen       total 524288K, used 524224K [0x00000000d0000000, 0x00000000f0000000, 0x00000000f0000000)
  object space 524288K, 99% used [0x00000000d0000000,0x00000000efff02e8,0x00000000f0000000)
 Metaspace       used 73929K, capacity 77614K, committed 77824K, reserved 1116160K
  class space    used 9566K, capacity 10177K, committed 10240K, reserved 1048576K
}
Event: 81232.857 GC heap before
{Heap before GC invocations=1721 (full 826):
 PSYoungGen      total 47104K, used 37888K [0x00000000f0000000, 0x00000000f3700000, 0x0000000100000000)
  eden space 37888K, 100% used [0x00000000f0000000,0x00000000f2500000,0x00000000f2500000)
  from space 9216K, 0% used [0x00000000f2500000,0x00000000f2500000,0x00000000f2e00000)
  to   space 9216K, 0% used [0x00000000f2e00000,0x00000000f2e00000,0x00000000f3700000)
 ParOldGen       total 524288K, used 524224K [0x00000000d0000000, 0x00000000f0000000, 0x00000000f0000000)
  object space 524288K, 99% used [0x00000000d0000000,0x00000000efff02e8,0x00000000f0000000)
 Metaspace       used 73929K, capacity 77614K, committed 77824K, reserved 1116160K
  class space    used 9566K, capacity 10177K, committed 10240K, reserved 1048576K
Event: 81234.556 GC heap after
Heap after GC invocations=1721 (full 826):
 PSYoungGen      total 47104K, used 37887K [0x00000000f0000000, 0x00000000f3700000, 0x0000000100000000)
  eden space 37888K, 99% used [0x00000000f0000000,0x00000000f24fffd0,0x00000000f2500000)
  from space 9216K, 0% used [0x00000000f2500000,0x00000000f2500000,0x00000000f2e00000)
  to   space 9216K, 0% used [0x00000000f2e00000,0x00000000f2e00000,0x00000000f3700000)
 ParOldGen       total 524288K, used 524224K [0x00000000d0000000, 0x00000000f0000000, 0x00000000f0000000)
  object space 524288K, 99% used [0x00000000d0000000,0x00000000efff02c8,0x00000000f0000000)
 Metaspace       used 73929K, capacity 77614K, committed 77824K, reserved 1116160K
  class space    used 9566K, capacity 10177K, committed 10240K, reserved 1048576K
}
Event: 81234.557 GC heap before
{Heap before GC invocations=1722 (full 827):
 PSYoungGen      total 47104K, used 37887K [0x00000000f0000000, 0x00000000f3700000, 0x0000000100000000)
  eden space 37888K, 99% used [0x00000000f0000000,0x00000000f24fffe8,0x00000000f2500000)
  from space 9216K, 0% used [0x00000000f2500000,0x00000000f2500000,0x00000000f2e00000)
  to   space 9216K, 0% used [0x00000000f2e00000,0x00000000f2e00000,0x00000000f3700000)
 ParOldGen       total 524288K, used 524224K [0x00000000d0000000, 0x00000000f0000000, 0x00000000f0000000)
  object space 524288K, 99% used [0x00000000d0000000,0x00000000efff02c8,0x00000000f0000000)
 Metaspace       used 73929K, capacity 77614K, committed 77824K, reserved 1116160K
  class space    used 9566K, capacity 10177K, committed 10240K, reserved 1048576K
Event: 81236.431 GC heap after
Heap after GC invocations=1722 (full 827):
 PSYoungGen      total 47104K, used 37887K [0x00000000f0000000, 0x00000000f3700000, 0x0000000100000000)
  eden space 37888K, 99% used [0x00000000f0000000,0x00000000f24fffe8,0x00000000f2500000)
  from space 9216K, 0% used [0x00000000f2500000,0x00000000f2500000,0x00000000f2e00000)
  to   space 9216K, 0% used [0x00000000f2e00000,0x00000000f2e00000,0x00000000f3700000)
 ParOldGen       total 524288K, used 524224K [0x00000000d0000000, 0x00000000f0000000, 0x00000000f0000000)
  object space 524288K, 99% used [0x00000000d0000000,0x00000000efff02c8,0x00000000f0000000)
 Metaspace       used 73929K, capacity 77614K, committed 77824K, reserved 1116160K
  class space    used 9566K, capacity 10177K, committed 10240K, reserved 1048576K
}
Event: 81236.432 GC heap before
{Heap before GC invocations=1723 (full 828):
 PSYoungGen      total 47104K, used 37888K [0x00000000f0000000, 0x00000000f3700000, 0x0000000100000000)
  eden space 37888K, 100% used [0x00000000f0000000,0x00000000f2500000,0x00000000f2500000)
  from space 9216K, 0% used [0x00000000f2500000,0x00000000f2500000,0x00000000f2e00000)
  to   space 9216K, 0% used [0x00000000f2e00000,0x00000000f2e00000,0x00000000f3700000)
 ParOldGen       total 524288K, used 524227K [0x00000000d0000000, 0x00000000f0000000, 0x00000000f0000000)
  object space 524288K, 99% used [0x00000000d0000000,0x00000000efff0d88,0x00000000f0000000)
 Metaspace       used 73929K, capacity 77614K, committed 77824K, reserved 1116160K
  class space    used 9566K, capacity 10177K, committed 10240K, reserved 1048576K
Event: 81238.127 GC heap after
Heap after GC invocations=1723 (full 828):
 PSYoungGen      total 47104K, used 37887K [0x00000000f0000000, 0x00000000f3700000, 0x0000000100000000)
  eden space 37888K, 99% used [0x00000000f0000000,0x00000000f24ffec0,0x00000000f2500000)
  from space 9216K, 0% used [0x00000000f2500000,0x00000000f2500000,0x00000000f2e00000)
  to   space 9216K, 0% used [0x00000000f2e00000,0x00000000f2e00000,0x00000000f3700000)
 ParOldGen       total 524288K, used 524226K [0x00000000d0000000, 0x00000000f0000000, 0x00000000f0000000)
  object space 524288K, 99% used [0x00000000d0000000,0x00000000efff0ae8,0x00000000f0000000)
 Metaspace       used 73929K, capacity 77614K, committed 77824K, reserved 1116160K
  class space    used 9566K, capacity 10177K, committed 10240K, reserved 1048576K
}
Event: 81238.128 GC heap before
{Heap before GC invocations=1724 (full 829):
 PSYoungGen      total 47104K, used 37888K [0x00000000f0000000, 0x00000000f3700000, 0x0000000100000000)
  eden space 37888K, 100% used [0x00000000f0000000,0x00000000f2500000,0x00000000f2500000)
  from space 9216K, 0% used [0x00000000f2500000,0x00000000f2500000,0x00000000f2e00000)
  to   space 9216K, 0% used [0x00000000f2e00000,0x00000000f2e00000,0x00000000f3700000)
 ParOldGen       total 524288K, used 524226K [0x00000000d0000000, 0x00000000f0000000, 0x00000000f0000000)
  object space 524288K, 99% used [0x00000000d0000000,0x00000000efff0ae8,0x00000000f0000000)
 Metaspace       used 73929K, capacity 77614K, committed 77824K, reserved 1116160K
  class space    used 9566K, capacity 10177K, committed 10240K, reserved 1048576K
Event: 81239.728 GC heap after
Heap after GC invocations=1724 (full 829):
 PSYoungGen      total 47104K, used 37887K [0x00000000f0000000, 0x00000000f3700000, 0x0000000100000000)
  eden space 37888K, 99% used [0x00000000f0000000,0x00000000f24fffb0,0x00000000f2500000)
  from space 9216K, 0% used [0x00000000f2500000,0x00000000f2500000,0x00000000f2e00000)
  to   space 9216K, 0% used [0x00000000f2e00000,0x00000000f2e00000,0x00000000f3700000)
 ParOldGen       total 524288K, used 524226K [0x00000000d0000000, 0x00000000f0000000, 0x00000000f0000000)
  object space 524288K, 99% used [0x00000000d0000000,0x00000000efff0ae8,0x00000000f0000000)
 Metaspace       used 73929K, capacity 77614K, committed 77824K, reserved 1116160K
  class space    used 9566K, capacity 10177K, committed 10240K, reserved 1048576K
}
Event: 81239.729 GC heap before
{Heap before GC invocations=1725 (full 830):
 PSYoungGen      total 47104K, used 37888K [0x00000000f0000000, 0x00000000f3700000, 0x0000000100000000)
  eden space 37888K, 100% used [0x00000000f0000000,0x00000000f2500000,0x00000000f2500000)
  from space 9216K, 0% used [0x00000000f2500000,0x00000000f2500000,0x00000000f2e00000)
  to   space 9216K, 0% used [0x00000000f2e00000,0x00000000f2e00000,0x00000000f3700000)
 ParOldGen       total 524288K, used 524226K [0x00000000d0000000, 0x00000000f0000000, 0x00000000f0000000)
  object space 524288K, 99% used [0x00000000d0000000,0x00000000efff0ae8,0x00000000f0000000)
 Metaspace       used 73929K, capacity 77614K, committed 77824K, reserved 1116160K
  class space    used 9566K, capacity 10177K, committed 10240K, reserved 1048576K
Event: 81241.436 GC heap after
Heap after GC invocations=1725 (full 830):
 PSYoungGen      total 47104K, used 37888K [0x00000000f0000000, 0x00000000f3700000, 0x0000000100000000)
  eden space 37888K, 100% used [0x00000000f0000000,0x00000000f2500000,0x00000000f2500000)
  from space 9216K, 0% used [0x00000000f2500000,0x00000000f2500000,0x00000000f2e00000)
  to   space 9216K, 0% used [0x00000000f2e00000,0x00000000f2e00000,0x00000000f3700000)
 ParOldGen       total 524288K, used 524226K [0x00000000d0000000, 0x00000000f0000000, 0x00000000f0000000)
  object space 524288K, 99% used [0x00000000d0000000,0x00000000efff0ab8,0x00000000f0000000)
 Metaspace       used 73929K, capacity 77614K, committed 77824K, reserved 1116160K
  class space    used 9566K, capacity 10177K, committed 10240K, reserved 1048576K
}
Event: 81241.437 GC heap before
{Heap before GC invocations=1726 (full 831):
 PSYoungGen      total 47104K, used 37888K [0x00000000f0000000, 0x00000000f3700000, 0x0000000100000000)
  eden space 37888K, 100% used [0x00000000f0000000,0x00000000f2500000,0x00000000f2500000)
  from space 9216K, 0% used [0x00000000f2500000,0x00000000f2500000,0x00000000f2e00000)
  to   space 9216K, 0% used [0x00000000f2e00000,0x00000000f2e00000,0x00000000f3700000)
 ParOldGen       total 524288K, used 524237K [0x00000000d0000000, 0x00000000f0000000, 0x00000000f0000000)
  object space 524288K, 99% used [0x00000000d0000000,0x00000000efff3610,0x00000000f0000000)
 Metaspace       used 73929K, capacity 77614K, committed 77824K, reserved 1116160K
  class space    used 9566K, capacity 10177K, committed 10240K, reserved 1048576K
Event: 81243.074 GC heap after
Heap after GC invocations=1726 (full 831):
 PSYoungGen      total 47104K, used 37887K [0x00000000f0000000, 0x00000000f3700000, 0x0000000100000000)
  eden space 37888K, 99% used [0x00000000f0000000,0x00000000f24ffde0,0x00000000f2500000)
  from space 9216K, 0% used [0x00000000f2500000,0x00000000f2500000,0x00000000f2e00000)
  to   space 9216K, 0% used [0x00000000f2e00000,0x00000000f2e00000,0x00000000f3700000)
 ParOldGen       total 524288K, used 524235K [0x00000000d0000000, 0x00000000f0000000, 0x00000000f0000000)
  object space 524288K, 99% used [0x00000000d0000000,0x00000000efff2f58,0x00000000f0000000)
 Metaspace       used 73929K, capacity 77614K, committed 77824K, reserved 1116160K
  class space    used 9566K, capacity 10177K, committed 10240K, reserved 1048576K
}
Event: 81243.076 GC heap before
{Heap before GC invocations=1727 (full 832):
 PSYoungGen      total 47104K, used 37888K [0x00000000f0000000, 0x00000000f3700000, 0x0000000100000000)
  eden space 37888K, 100% used [0x00000000f0000000,0x00000000f2500000,0x00000000f2500000)
  from space 9216K, 0% used [0x00000000f2500000,0x00000000f2500000,0x00000000f2e00000)
  to   space 9216K, 0% used [0x00000000f2e00000,0x00000000f2e00000,0x00000000f3700000)
 ParOldGen       total 524288K, used 524235K [0x00000000d0000000, 0x00000000f0000000, 0x00000000f0000000)
  object space 524288K, 99% used [0x00000000d0000000,0x00000000efff2f58,0x00000000f0000000)
 Metaspace       used 73929K, capacity 77614K, committed 77824K, reserved 1116160K
  class space    used 9566K, capacity 10177K, committed 10240K, reserved 1048576K
Event: 81244.825 GC heap after
Heap after GC invocations=1727 (full 832):
 PSYoungGen      total 47104K, used 37887K [0x00000000f0000000, 0x00000000f3700000, 0x0000000100000000)
  eden space 37888K, 99% used [0x00000000f0000000,0x00000000f24ffeb0,0x00000000f2500000)
  from space 9216K, 0% used [0x00000000f2500000,0x00000000f2500000,0x00000000f2e00000)
  to   space 9216K, 0% used [0x00000000f2e00000,0x00000000f2e00000,0x00000000f3700000)
 ParOldGen       total 524288K, used 524235K [0x00000000d0000000, 0x00000000f0000000, 0x00000000f0000000)
  object space 524288K, 99% used [0x00000000d0000000,0x00000000efff2ee8,0x00000000f0000000)
 Metaspace       used 73929K, capacity 77614K, committed 77824K, reserved 1116160K
  class space    used 9566K, capacity 10177K, committed 10240K, reserved 1048576K
}
Event: 81244.826 GC heap before
{Heap before GC invocations=1728 (full 833):
 PSYoungGen      total 47104K, used 37888K [0x00000000f0000000, 0x00000000f3700000, 0x0000000100000000)
  eden space 37888K, 100% used [0x00000000f0000000,0x00000000f2500000,0x00000000f2500000)
  from space 9216K, 0% used [0x00000000f2500000,0x00000000f2500000,0x00000000f2e00000)
  to   space 9216K, 0% used [0x00000000f2e00000,0x00000000f2e00000,0x00000000f3700000)
 ParOldGen       total 524288K, used 524235K [0x00000000d0000000, 0x00000000f0000000, 0x00000000f0000000)
  object space 524288K, 99% used [0x00000000d0000000,0x00000000efff2ee8,0x00000000f0000000)
 Metaspace       used 73929K, capacity 77614K, committed 77824K, reserved 1116160K
  class space    used 9566K, capacity 10177K, committed 10240K, reserved 1048576K
Event: 81246.626 GC heap after
Heap after GC invocations=1728 (full 833):
 PSYoungGen      total 47104K, used 37887K [0x00000000f0000000, 0x00000000f3700000, 0x0000000100000000)
  eden space 37888K, 99% used [0x00000000f0000000,0x00000000f24fff38,0x00000000f2500000)
  from space 9216K, 0% used [0x00000000f2500000,0x00000000f2500000,0x00000000f2e00000)
  to   space 9216K, 0% used [0x00000000f2e00000,0x00000000f2e00000,0x00000000f3700000)
 ParOldGen       total 524288K, used 524235K [0x00000000d0000000, 0x00000000f0000000, 0x00000000f0000000)
  object space 524288K, 99% used [0x00000000d0000000,0x00000000efff2ee8,0x00000000f0000000)
 Metaspace       used 73929K, capacity 77614K, committed 77824K, reserved 1116160K
  class space    used 9566K, capacity 10177K, committed 10240K, reserved 1048576K
}
Event: 81246.631 GC heap before
{Heap before GC invocations=1729 (full 834):
 PSYoungGen      total 47104K, used 37888K [0x00000000f0000000, 0x00000000f3700000, 0x0000000100000000)
  eden space 37888K, 100% used [0x00000000f0000000,0x00000000f2500000,0x00000000f2500000)
  from space 9216K, 0% used [0x00000000f2500000,0x00000000f2500000,0x00000000f2e00000)
  to   space 9216K, 0% used [0x00000000f2e00000,0x00000000f2e00000,0x00000000f3700000)
 ParOldGen       total 524288K, used 524238K [0x00000000d0000000, 0x00000000f0000000, 0x00000000f0000000)
  object space 524288K, 99% used [0x00000000d0000000,0x00000000efff3938,0x00000000f0000000)
 Metaspace       used 73929K, capacity 77614K, committed 77824K, reserved 1116160K
  class space    used 9566K, capacity 10177K, committed 10240K, reserved 1048576K
Event: 81248.456 GC heap after
Heap after GC invocations=1729 (full 834):
 PSYoungGen      total 47104K, used 37882K [0x00000000f0000000, 0x00000000f3700000, 0x0000000100000000)
  eden space 37888K, 99% used [0x00000000f0000000,0x00000000f24fe8f0,0x00000000f2500000)
  from space 9216K, 0% used [0x00000000f2500000,0x00000000f2500000,0x00000000f2e00000)
  to   space 9216K, 0% used [0x00000000f2e00000,0x00000000f2e00000,0x00000000f3700000)
 ParOldGen       total 524288K, used 524233K [0x00000000d0000000, 0x00000000f0000000, 0x00000000f0000000)
  object space 524288K, 99% used [0x00000000d0000000,0x00000000efff2700,0x00000000f0000000)
 Metaspace       used 73929K, capacity 77614K, committed 77824K, reserved 1116160K
  class space    used 9566K, capacity 10177K, committed 10240K, reserved 1048576K
}
Event: 81248.457 GC heap before
{Heap before GC invocations=1730 (full 835):
 PSYoungGen      total 47104K, used 37888K [0x00000000f0000000, 0x00000000f3700000, 0x0000000100000000)
  eden space 37888K, 100% used [0x00000000f0000000,0x00000000f2500000,0x00000000f2500000)
  from space 9216K, 0% used [0x00000000f2500000,0x00000000f2500000,0x00000000f2e00000)
  to   space 9216K, 0% used [0x00000000f2e00000,0x00000000f2e00000,0x00000000f3700000)
 ParOldGen       total 524288K, used 524233K [0x00000000d0000000, 0x00000000f0000000, 0x00000000f0000000)
  object space 524288K, 99% used [0x00000000d0000000,0x00000000efff2700,0x00000000f0000000)
 Metaspace       used 73929K, capacity 77614K, committed 77824K, reserved 1116160K
  class space    used 9566K, capacity 10177K, committed 10240K, reserved 1048576K
Event: 81250.026 GC heap after
Heap after GC invocations=1730 (full 835):
 PSYoungGen      total 47104K, used 37883K [0x00000000f0000000, 0x00000000f3700000, 0x0000000100000000)
  eden space 37888K, 99% used [0x00000000f0000000,0x00000000f24fec30,0x00000000f2500000)
  from space 9216K, 0% used [0x00000000f2500000,0x00000000f2500000,0x00000000f2e00000)
  to   space 9216K, 0% used [0x00000000f2e00000,0x00000000f2e00000,0x00000000f3700000)
 ParOldGen       total 524288K, used 524233K [0x00000000d0000000, 0x00000000f0000000, 0x00000000f0000000)
  object space 524288K, 99% used [0x00000000d0000000,0x00000000efff2700,0x00000000f0000000)
 Metaspace       used 73929K, capacity 77614K, committed 77824K, reserved 1116160K
  class space    used 9566K, capacity 10177K, committed 10240K, reserved 1048576K
}
Event: 81250.027 GC heap before
{Heap before GC invocations=1731 (full 836):
 PSYoungGen      total 47104K, used 37888K [0x00000000f0000000, 0x00000000f3700000, 0x0000000100000000)
  eden space 37888K, 100% used [0x00000000f0000000,0x00000000f2500000,0x00000000f2500000)
  from space 9216K, 0% used [0x00000000f2500000,0x00000000f2500000,0x00000000f2e00000)
  to   space 9216K, 0% used [0x00000000f2e00000,0x00000000f2e00000,0x00000000f3700000)
 ParOldGen       total 524288K, used 524233K [0x00000000d0000000, 0x00000000f0000000, 0x00000000f0000000)
  object space 524288K, 99% used [0x00000000d0000000,0x00000000efff2700,0x00000000f0000000)
 Metaspace       used 73929K, capacity 77614K, committed 77824K, reserved 1116160K
  class space    used 9566K, capacity 10177K, committed 10240K, reserved 1048576K
Event: 81251.752 GC heap after
Heap after GC invocations=1731 (full 836):
 PSYoungGen      total 47104K, used 37878K [0x00000000f0000000, 0x00000000f3700000, 0x0000000100000000)
  eden space 37888K, 99% used [0x00000000f0000000,0x00000000f24fd898,0x00000000f2500000)
  from space 9216K, 0% used [0x00000000f2500000,0x00000000f2500000,0x00000000f2e00000)
  to   space 9216K, 0% used [0x00000000f2e00000,0x00000000f2e00000,0x00000000f3700000)
 ParOldGen       total 524288K, used 524230K [0x00000000d0000000, 0x00000000f0000000, 0x00000000f0000000)
  object space 524288K, 99% used [0x00000000d0000000,0x00000000efff1a68,0x00000000f0000000)
 Metaspace       used 73929K, capacity 77614K, committed 77824K, reserved 1116160K
  class space    used 9566K, capacity 10177K, committed 10240K, reserved 1048576K
}
Event: 81251.753 GC heap before
{Heap before GC invocations=1732 (full 837):
 PSYoungGen      total 47104K, used 37888K [0x00000000f0000000, 0x00000000f3700000, 0x0000000100000000)
  eden space 37888K, 100% used [0x00000000f0000000,0x00000000f2500000,0x00000000f2500000)
  from space 9216K, 0% used [0x00000000f2500000,0x00000000f2500000,0x00000000f2e00000)
  to   space 9216K, 0% used [0x00000000f2e00000,0x00000000f2e00000,0x00000000f3700000)
 ParOldGen       total 524288K, used 524230K [0x00000000d0000000, 0x00000000f0000000, 0x00000000f0000000)
  object space 524288K, 99% used [0x00000000d0000000,0x00000000efff1a68,0x00000000f0000000)
 Metaspace       used 73929K, capacity 77614K, committed 77824K, reserved 1116160K
  class space    used 9566K, capacity 10177K, committed 10240K, reserved 1048576K
Event: 81253.399 GC heap after
Heap after GC invocations=1732 (full 837):
 PSYoungGen      total 47104K, used 37878K [0x00000000f0000000, 0x00000000f3700000, 0x0000000100000000)
  eden space 37888K, 99% used [0x00000000f0000000,0x00000000f24fd9b8,0x00000000f2500000)
  from space 9216K, 0% used [0x00000000f2500000,0x00000000f2500000,0x00000000f2e00000)
  to   space 9216K, 0% used [0x00000000f2e00000,0x00000000f2e00000,0x00000000f3700000)
 ParOldGen       total 524288K, used 524230K [0x00000000d0000000, 0x00000000f0000000, 0x00000000f0000000)
  object space 524288K, 99% used [0x00000000d0000000,0x00000000efff1a68,0x00000000f0000000)
 Metaspace       used 73929K, capacity 77614K, committed 77824K, reserved 1116160K
  class space    used 9566K, capacity 10177K, committed 10240K, reserved 1048576K
}
Event: 81253.401 GC heap before
{Heap before GC invocations=1733 (full 838):
 PSYoungGen      total 47104K, used 37888K [0x00000000f0000000, 0x00000000f3700000, 0x0000000100000000)
  eden space 37888K, 100% used [0x00000000f0000000,0x00000000f2500000,0x00000000f2500000)
  from space 9216K, 0% used [0x00000000f2500000,0x00000000f2500000,0x00000000f2e00000)
  to   space 9216K, 0% used [0x00000000f2e00000,0x00000000f2e00000,0x00000000f3700000)
 ParOldGen       total 524288K, used 524230K [0x00000000d0000000, 0x00000000f0000000, 0x00000000f0000000)
  object space 524288K, 99% used [0x00000000d0000000,0x00000000efff1a68,0x00000000f0000000)
 Metaspace       used 73929K, capacity 77614K, committed 77824K, reserved 1116160K
  class space    used 9566K, capacity 10177K, committed 10240K, reserved 1048576K
Event: 81255.077 GC heap after
Heap after GC invocations=1733 (full 838):
 PSYoungGen      total 47104K, used 37882K [0x00000000f0000000, 0x00000000f3700000, 0x0000000100000000)
  eden space 37888K, 99% used [0x00000000f0000000,0x00000000f24feba8,0x00000000f2500000)
  from space 9216K, 0% used [0x00000000f2500000,0x00000000f2500000,0x00000000f2e00000)
  to   space 9216K, 0% used [0x00000000f2e00000,0x00000000f2e00000,0x00000000f3700000)
 ParOldGen       total 524288K, used 524230K [0x00000000d0000000, 0x00000000f0000000, 0x00000000f0000000)
  object space 524288K, 99% used [0x00000000d0000000,0x00000000efff1a68,0x00000000f0000000)
 Metaspace       used 73929K, capacity 77614K, committed 77824K, reserved 1116160K
  class space    used 9566K, capacity 10177K, committed 10240K, reserved 1048576K
}
Event: 81255.079 GC heap before
{Heap before GC invocations=1734 (full 839):
 PSYoungGen      total 47104K, used 37888K [0x00000000f0000000, 0x00000000f3700000, 0x0000000100000000)
  eden space 37888K, 100% used [0x00000000f0000000,0x00000000f2500000,0x00000000f2500000)
  from space 9216K, 0% used [0x00000000f2500000,0x00000000f2500000,0x00000000f2e00000)
  to   space 9216K, 0% used [0x00000000f2e00000,0x00000000f2e00000,0x00000000f3700000)
 ParOldGen       total 524288K, used 524243K [0x00000000d0000000, 0x00000000f0000000, 0x00000000f0000000)
  object space 524288K, 99% used [0x00000000d0000000,0x00000000efff4c10,0x00000000f0000000)
 Metaspace       used 73929K, capacity 77614K, committed 77824K, reserved 1116160K
  class space    used 9566K, capacity 10177K, committed 10240K, reserved 1048576K
Event: 81256.857 GC heap after
Heap after GC invocations=1734 (full 839):
 PSYoungGen      total 47104K, used 37883K [0x00000000f0000000, 0x00000000f3700000, 0x0000000100000000)
  eden space 37888K, 99% used [0x00000000f0000000,0x00000000f24fed30,0x00000000f2500000)
  from space 9216K, 0% used [0x00000000f2500000,0x00000000f2500000,0x00000000f2e00000)
  to   space 9216K, 0% used [0x00000000f2e00000,0x00000000f2e00000,0x00000000f3700000)
 ParOldGen       total 524288K, used 524241K [0x00000000d0000000, 0x00000000f0000000, 0x00000000f0000000)
  object space 524288K, 99% used [0x00000000d0000000,0x00000000efff47a8,0x00000000f0000000)
 Metaspace       used 73929K, capacity 77614K, committed 77824K, reserved 1116160K
  class space    used 9566K, capacity 10177K, committed 10240K, reserved 1048576K
}
Event: 81256.858 GC heap before
{Heap before GC invocations=1735 (full 840):
 PSYoungGen      total 47104K, used 37888K [0x00000000f0000000, 0x00000000f3700000, 0x0000000100000000)
  eden space 37888K, 100% used [0x00000000f0000000,0x00000000f2500000,0x00000000f2500000)
  from space 9216K, 0% used [0x00000000f2500000,0x00000000f2500000,0x00000000f2e00000)
  to   space 9216K, 0% used [0x00000000f2e00000,0x00000000f2e00000,0x00000000f3700000)
 ParOldGen       total 524288K, used 524241K [0x00000000d0000000, 0x00000000f0000000, 0x00000000f0000000)
  object space 524288K, 99% used [0x00000000d0000000,0x00000000efff47a8,0x00000000f0000000)
 Metaspace       used 73929K, capacity 77614K, committed 77824K, reserved 1116160K
  class space    used 9566K, capacity 10177K, committed 10240K, reserved 1048576K
Event: 81258.583 GC heap after
Heap after GC invocations=1735 (full 840):
 PSYoungGen      total 47104K, used 37885K [0x00000000f0000000, 0x00000000f3700000, 0x0000000100000000)
  eden space 37888K, 99% used [0x00000000f0000000,0x00000000f24ff4b0,0x00000000f2500000)
  from space 9216K, 0% used [0x00000000f2500000,0x00000000f2500000,0x00000000f2e00000)
  to   space 9216K, 0% used [0x00000000f2e00000,0x00000000f2e00000,0x00000000f3700000)
 ParOldGen       total 524288K, used 524241K [0x00000000d0000000, 0x00000000f0000000, 0x00000000f0000000)
  object space 524288K, 99% used [0x00000000d0000000,0x00000000efff47a8,0x00000000f0000000)
 Metaspace       used 73929K, capacity 77614K, committed 77824K, reserved 1116160K
  class space    used 9566K, capacity 10177K, committed 10240K, reserved 1048576K
}
Event: 81258.584 GC heap before
{Heap before GC invocations=1736 (full 841):
 PSYoungGen      total 47104K, used 37888K [0x00000000f0000000, 0x00000000f3700000, 0x0000000100000000)
  eden space 37888K, 100% used [0x00000000f0000000,0x00000000f2500000,0x00000000f2500000)
  from space 9216K, 0% used [0x00000000f2500000,0x00000000f2500000,0x00000000f2e00000)
  to   space 9216K, 0% used [0x00000000f2e00000,0x00000000f2e00000,0x00000000f3700000)
 ParOldGen       total 524288K, used 524241K [0x00000000d0000000, 0x00000000f0000000, 0x00000000f0000000)
  object space 524288K, 99% used [0x00000000d0000000,0x00000000efff47a8,0x00000000f0000000)
 Metaspace       used 73929K, capacity 77614K, committed 77824K, reserved 1116160K
  class space    used 9566K, capacity 10177K, committed 10240K, reserved 1048576K
Event: 81260.352 GC heap after
Heap after GC invocations=1736 (full 841):
 PSYoungGen      total 47104K, used 37885K [0x00000000f0000000, 0x00000000f3700000, 0x0000000100000000)
  eden space 37888K, 99% used [0x00000000f0000000,0x00000000f24ff5d8,0x00000000f2500000)
  from space 9216K, 0% used [0x00000000f2500000,0x00000000f2500000,0x00000000f2e00000)
  to   space 9216K, 0% used [0x00000000f2e00000,0x00000000f2e00000,0x00000000f3700000)
 ParOldGen       total 524288K, used 524241K [0x00000000d0000000, 0x00000000f0000000, 0x00000000f0000000)
  object space 524288K, 99% used [0x00000000d0000000,0x00000000efff47a8,0x00000000f0000000)
 Metaspace       used 73929K, capacity 77614K, committed 77824K, reserved 1116160K
  class space    used 9566K, capacity 10177K, committed 10240K, reserved 1048576K
}
Event: 81260.355 GC heap before
{Heap before GC invocations=1737 (full 842):
 PSYoungGen      total 47104K, used 37888K [0x00000000f0000000, 0x00000000f3700000, 0x0000000100000000)
  eden space 37888K, 100% used [0x00000000f0000000,0x00000000f2500000,0x00000000f2500000)
  from space 9216K, 0% used [0x00000000f2500000,0x00000000f2500000,0x00000000f2e00000)
  to   space 9216K, 0% used [0x00000000f2e00000,0x00000000f2e00000,0x00000000f3700000)
 ParOldGen       total 524288K, used 524248K [0x00000000d0000000, 0x00000000f0000000, 0x00000000f0000000)
  object space 524288K, 99% used [0x00000000d0000000,0x00000000efff60d8,0x00000000f0000000)
 Metaspace       used 73929K, capacity 77614K, committed 77824K, reserved 1116160K
  class space    used 9566K, capacity 10177K, committed 10240K, reserved 1048576K
Event: 81262.016 GC heap after
Heap after GC invocations=1737 (full 842):
 PSYoungGen      total 47104K, used 37885K [0x00000000f0000000, 0x00000000f3700000, 0x0000000100000000)
  eden space 37888K, 99% used [0x00000000f0000000,0x00000000f24ff5b0,0x00000000f2500000)
  from space 9216K, 0% used [0x00000000f2500000,0x00000000f2500000,0x00000000f2e00000)
  to   space 9216K, 0% used [0x00000000f2e00000,0x00000000f2e00000,0x00000000f3700000)
 ParOldGen       total 524288K, used 524247K [0x00000000d0000000, 0x00000000f0000000, 0x00000000f0000000)
  object space 524288K, 99% used [0x00000000d0000000,0x00000000efff5c90,0x00000000f0000000)
 Metaspace       used 73929K, capacity 77614K, committed 77824K, reserved 1116160K
  class space    used 9566K, capacity 10177K, committed 10240K, reserved 1048576K
}
Event: 81262.017 GC heap before
{Heap before GC invocations=1738 (full 843):
 PSYoungGen      total 47104K, used 37888K [0x00000000f0000000, 0x00000000f3700000, 0x0000000100000000)
  eden space 37888K, 100% used [0x00000000f0000000,0x00000000f2500000,0x00000000f2500000)
  from space 9216K, 0% used [0x00000000f2500000,0x00000000f2500000,0x00000000f2e00000)
  to   space 9216K, 0% used [0x00000000f2e00000,0x00000000f2e00000,0x00000000f3700000)
 ParOldGen       total 524288K, used 524247K [0x00000000d0000000, 0x00000000f0000000, 0x00000000f0000000)
  object space 524288K, 99% used [0x00000000d0000000,0x00000000efff5c90,0x00000000f0000000)
 Metaspace       used 73929K, capacity 77614K, committed 77824K, reserved 1116160K
  class space    used 9566K, capacity 10177K, committed 10240K, reserved 1048576K
Event: 81263.756 GC heap after
Heap after GC invocations=1738 (full 843):
 PSYoungGen      total 47104K, used 37885K [0x00000000f0000000, 0x00000000f3700000, 0x0000000100000000)
  eden space 37888K, 99% used [0x00000000f0000000,0x00000000f24ff7c8,0x00000000f2500000)
  from space 9216K, 0% used [0x00000000f2500000,0x00000000f2500000,0x00000000f2e00000)
  to   space 9216K, 0% used [0x00000000f2e00000,0x00000000f2e00000,0x00000000f3700000)
 ParOldGen       total 524288K, used 524247K [0x00000000d0000000, 0x00000000f0000000, 0x00000000f0000000)
  object space 524288K, 99% used [0x00000000d0000000,0x00000000efff5c80,0x00000000f0000000)
 Metaspace       used 73929K, capacity 77614K, committed 77824K, reserved 1116160K
  class space    used 9566K, capacity 10177K, committed 10240K, reserved 1048576K
}
Event: 81263.757 GC heap before
{Heap before GC invocations=1739 (full 844):
 PSYoungGen      total 47104K, used 37888K [0x00000000f0000000, 0x00000000f3700000, 0x0000000100000000)
  eden space 37888K, 100% used [0x00000000f0000000,0x00000000f2500000,0x00000000f2500000)
  from space 9216K, 0% used [0x00000000f2500000,0x00000000f2500000,0x00000000f2e00000)
  to   space 9216K, 0% used [0x00000000f2e00000,0x00000000f2e00000,0x00000000f3700000)
 ParOldGen       total 524288K, used 524273K [0x00000000d0000000, 0x00000000f0000000, 0x00000000f0000000)
  object space 524288K, 99% used [0x00000000d0000000,0x00000000efffc788,0x00000000f0000000)
 Metaspace       used 73929K, capacity 77614K, committed 77824K, reserved 1116160K
  class space    used 9566K, capacity 10177K, committed 10240K, reserved 1048576K
Event: 81265.496 GC heap after
Heap after GC invocations=1739 (full 844):
 PSYoungGen      total 47104K, used 37887K [0x00000000f0000000, 0x00000000f3700000, 0x0000000100000000)
  eden space 37888K, 99% used [0x00000000f0000000,0x00000000f24fffa0,0x00000000f2500000)
  from space 9216K, 0% used [0x00000000f2500000,0x00000000f2500000,0x00000000f2e00000)
  to   space 9216K, 0% used [0x00000000f2e00000,0x00000000f2e00000,0x00000000f3700000)
 ParOldGen       total 524288K, used 524272K [0x00000000d0000000, 0x00000000f0000000, 0x00000000f0000000)
  object space 524288K, 99% used [0x00000000d0000000,0x00000000efffc028,0x00000000f0000000)
 Metaspace       used 73929K, capacity 77614K, committed 77824K, reserved 1116160K
  class space    used 9566K, capacity 10177K, committed 10240K, reserved 1048576K
}
Event: 81265.497 GC heap before
{Heap before GC invocations=1740 (full 845):
 PSYoungGen      total 47104K, used 37887K [0x00000000f0000000, 0x00000000f3700000, 0x0000000100000000)
  eden space 37888K, 99% used [0x00000000f0000000,0x00000000f24ffff8,0x00000000f2500000)
  from space 9216K, 0% used [0x00000000f2500000,0x00000000f2500000,0x00000000f2e00000)
  to   space 9216K, 0% used [0x00000000f2e00000,0x00000000f2e00000,0x00000000f3700000)
 ParOldGen       total 524288K, used 524272K [0x00000000d0000000, 0x00000000f0000000, 0x00000000f0000000)
  object space 524288K, 99% used [0x00000000d0000000,0x00000000efffc028,0x00000000f0000000)
 Metaspace       used 73929K, capacity 77614K, committed 77824K, reserved 1116160K
  class space    used 9566K, capacity 10177K, committed 10240K, reserved 1048576K
Event: 81267.136 GC heap after
Heap after GC invocations=1740 (full 845):
 PSYoungGen      total 47104K, used 37887K [0x00000000f0000000, 0x00000000f3700000, 0x0000000100000000)
  eden space 37888K, 99% used [0x00000000f0000000,0x00000000f24ffff8,0x00000000f2500000)
  from space 9216K, 0% used [0x00000000f2500000,0x00000000f2500000,0x00000000f2e00000)
  to   space 9216K, 0% used [0x00000000f2e00000,0x00000000f2e00000,0x00000000f3700000)
 ParOldGen       total 524288K, used 524272K [0x00000000d0000000, 0x00000000f0000000, 0x00000000f0000000)
  object space 524288K, 99% used [0x00000000d0000000,0x00000000efffc028,0x00000000f0000000)
 Metaspace       used 73929K, capacity 77614K, committed 77824K, reserved 1116160K
  class space    used 9566K, capacity 10177K, committed 10240K, reserved 1048576K
}
Event: 81267.137 GC heap before
{Heap before GC invocations=1741 (full 846):
 PSYoungGen      total 47104K, used 37887K [0x00000000f0000000, 0x00000000f3700000, 0x0000000100000000)
  eden space 37888K, 99% used [0x00000000f0000000,0x00000000f24ffff8,0x00000000f2500000)
  from space 9216K, 0% used [0x00000000f2500000,0x00000000f2500000,0x00000000f2e00000)
  to   space 9216K, 0% used [0x00000000f2e00000,0x00000000f2e00000,0x00000000f3700000)
 ParOldGen       total 524288K, used 524274K [0x00000000d0000000, 0x00000000f0000000, 0x00000000f0000000)
  object space 524288K, 99% used [0x00000000d0000000,0x00000000efffcb28,0x00000000f0000000)
 Metaspace       used 73929K, capacity 77614K, committed 77824K, reserved 1116160K
  class space    used 9566K, capacity 10177K, committed 10240K, reserved 1048576K
Event: 81268.944 GC heap after
Heap after GC invocations=1741 (full 846):
 PSYoungGen      total 47104K, used 37887K [0x00000000f0000000, 0x00000000f3700000, 0x0000000100000000)
  eden space 37888K, 99% used [0x00000000f0000000,0x00000000f24fffa0,0x00000000f2500000)
  from space 9216K, 0% used [0x00000000f2500000,0x00000000f2500000,0x00000000f2e00000)
  to   space 9216K, 0% used [0x00000000f2e00000,0x00000000f2e00000,0x00000000f3700000)
 ParOldGen       total 524288K, used 524274K [0x00000000d0000000, 0x00000000f0000000, 0x00000000f0000000)
  object space 524288K, 99% used [0x00000000d0000000,0x00000000efffc948,0x00000000f0000000)
 Metaspace       used 73929K, capacity 77614K, committed 77824K, reserved 1116160K
  class space    used 9566K, capacity 10177K, committed 10240K, reserved 1048576K
}
Event: 81268.945 GC heap before
{Heap before GC invocations=1742 (full 847):
 PSYoungGen      total 47104K, used 37888K [0x00000000f0000000, 0x00000000f3700000, 0x0000000100000000)
  eden space 37888K, 100% used [0x00000000f0000000,0x00000000f2500000,0x00000000f2500000)
  from space 9216K, 0% used [0x00000000f2500000,0x00000000f2500000,0x00000000f2e00000)
  to   space 9216K, 0% used [0x00000000f2e00000,0x00000000f2e00000,0x00000000f3700000)
 ParOldGen       total 524288K, used 524274K [0x00000000d0000000, 0x00000000f0000000, 0x00000000f0000000)
  object space 524288K, 99% used [0x00000000d0000000,0x00000000efffc948,0x00000000f0000000)
 Metaspace       used 73929K, capacity 77614K, committed 77824K, reserved 1116160K
  class space    used 9566K, capacity 10177K, committed 10240K, reserved 1048576K
Event: 81270.559 GC heap after
Heap after GC invocations=1742 (full 847):
 PSYoungGen      total 47104K, used 37887K [0x00000000f0000000, 0x00000000f3700000, 0x0000000100000000)
  eden space 37888K, 99% used [0x00000000f0000000,0x00000000f24fffa0,0x00000000f2500000)
  from space 9216K, 0% used [0x00000000f2500000,0x00000000f2500000,0x00000000f2e00000)
  to   space 9216K, 0% used [0x00000000f2e00000,0x00000000f2e00000,0x00000000f3700000)
 ParOldGen       total 524288K, used 524274K [0x00000000d0000000, 0x00000000f0000000, 0x00000000f0000000)
  object space 524288K, 99% used [0x00000000d0000000,0x00000000efffc948,0x00000000f0000000)
 Metaspace       used 73929K, capacity 77614K, committed 77824K, reserved 1116160K
  class space    used 9566K, capacity 10177K, committed 10240K, reserved 1048576K
}
Event: 81270.560 GC heap before
{Heap before GC invocations=1743 (full 848):
 PSYoungGen      total 47104K, used 37888K [0x00000000f0000000, 0x00000000f3700000, 0x0000000100000000)
  eden space 37888K, 100% used [0x00000000f0000000,0x00000000f2500000,0x00000000f2500000)
  from space 9216K, 0% used [0x00000000f2500000,0x00000000f2500000,0x00000000f2e00000)
  to   space 9216K, 0% used [0x00000000f2e00000,0x00000000f2e00000,0x00000000f3700000)
 ParOldGen       total 524288K, used 524274K [0x00000000d0000000, 0x00000000f0000000, 0x00000000f0000000)
  object space 524288K, 99% used [0x00000000d0000000,0x00000000efffc948,0x00000000f0000000)
 Metaspace       used 73929K, capacity 77614K, committed 77824K, reserved 1116160K
  class space    used 9566K, capacity 10177K, committed 10240K, reserved 1048576K
Event: 81272.288 GC heap after
Heap after GC invocations=1743 (full 848):
 PSYoungGen      total 47104K, used 37887K [0x00000000f0000000, 0x00000000f3700000, 0x0000000100000000)
  eden space 37888K, 99% used [0x00000000f0000000,0x00000000f24fffa0,0x00000000f2500000)
  from space 9216K, 0% used [0x00000000f2500000,0x00000000f2500000,0x00000000f2e00000)
  to   space 9216K, 0% used [0x00000000f2e00000,0x00000000f2e00000,0x00000000f3700000)
 ParOldGen       total 524288K, used 524274K [0x00000000d0000000, 0x00000000f0000000, 0x00000000f0000000)
  object space 524288K, 99% used [0x00000000d0000000,0x00000000efffc948,0x00000000f0000000)
 Metaspace       used 73929K, capacity 77614K, committed 77824K, reserved 1116160K
  class space    used 9566K, capacity 10177K, committed 10240K, reserved 1048576K
}
Event: 81272.289 GC heap before
{Heap before GC invocations=1744 (full 849):
 PSYoungGen      total 47104K, used 37888K [0x00000000f0000000, 0x00000000f3700000, 0x0000000100000000)
  eden space 37888K, 100% used [0x00000000f0000000,0x00000000f2500000,0x00000000f2500000)
  from space 9216K, 0% used [0x00000000f2500000,0x00000000f2500000,0x00000000f2e00000)
  to   space 9216K, 0% used [0x00000000f2e00000,0x00000000f2e00000,0x00000000f3700000)
 ParOldGen       total 524288K, used 524274K [0x00000000d0000000, 0x00000000f0000000, 0x00000000f0000000)
  object space 524288K, 99% used [0x00000000d0000000,0x00000000efffc948,0x00000000f0000000)
 Metaspace       used 73929K, capacity 77614K, committed 77824K, reserved 1116160K
  class space    used 9566K, capacity 10177K, committed 10240K, reserved 1048576K
Event: 81273.871 GC heap after
Heap after GC invocations=1744 (full 849):
 PSYoungGen      total 47104K, used 37887K [0x00000000f0000000, 0x00000000f3700000, 0x0000000100000000)
  eden space 37888K, 99% used [0x00000000f0000000,0x00000000f24fffa0,0x00000000f2500000)
  from space 9216K, 0% used [0x00000000f2500000,0x00000000f2500000,0x00000000f2e00000)
  to   space 9216K, 0% used [0x00000000f2e00000,0x00000000f2e00000,0x00000000f3700000)
 ParOldGen       total 524288K, used 524274K [0x00000000d0000000, 0x00000000f0000000, 0x00000000f0000000)
  object space 524288K, 99% used [0x00000000d0000000,0x00000000efffc948,0x00000000f0000000)
 Metaspace       used 73929K, capacity 77614K, committed 77824K, reserved 1116160K
  class space    used 9566K, capacity 10177K, committed 10240K, reserved 1048576K
}
Event: 81273.872 GC heap before
{Heap before GC invocations=1745 (full 850):
 PSYoungGen      total 47104K, used 37888K [0x00000000f0000000, 0x00000000f3700000, 0x0000000100000000)
  eden space 37888K, 100% used [0x00000000f0000000,0x00000000f2500000,0x00000000f2500000)
  from space 9216K, 0% used [0x00000000f2500000,0x00000000f2500000,0x00000000f2e00000)
  to   space 9216K, 0% used [0x00000000f2e00000,0x00000000f2e00000,0x00000000f3700000)
 ParOldGen       total 524288K, used 524274K [0x00000000d0000000, 0x00000000f0000000, 0x00000000f0000000)
  object space 524288K, 99% used [0x00000000d0000000,0x00000000efffc948,0x00000000f0000000)
 Metaspace       used 73929K, capacity 77614K, committed 77824K, reserved 1116160K
  class space    used 9566K, capacity 10177K, committed 10240K, reserved 1048576K
Event: 81275.629 GC heap after
Heap after GC invocations=1745 (full 850):
 PSYoungGen      total 47104K, used 37887K [0x00000000f0000000, 0x00000000f3700000, 0x0000000100000000)
  eden space 37888K, 99% used [0x00000000f0000000,0x00000000f24fffa0,0x00000000f2500000)
  from space 9216K, 0% used [0x00000000f2500000,0x00000000f2500000,0x00000000f2e00000)
  to   space 9216K, 0% used [0x00000000f2e00000,0x00000000f2e00000,0x00000000f3700000)
 ParOldGen       total 524288K, used 524274K [0x00000000d0000000, 0x00000000f0000000, 0x00000000f0000000)
  object space 524288K, 99% used [0x00000000d0000000,0x00000000efffc948,0x00000000f0000000)
 Metaspace       used 73929K, capacity 77614K, committed 77824K, reserved 1116160K
  class space    used 9566K, capacity 10177K, committed 10240K, reserved 1048576K
}
Event: 81275.631 GC heap before
{Heap before GC invocations=1746 (full 851):
 PSYoungGen      total 47104K, used 37888K [0x00000000f0000000, 0x00000000f3700000, 0x0000000100000000)
  eden space 37888K, 100% used [0x00000000f0000000,0x00000000f2500000,0x00000000f2500000)
  from space 9216K, 0% used [0x00000000f2500000,0x00000000f2500000,0x00000000f2e00000)
  to   space 9216K, 0% used [0x00000000f2e00000,0x00000000f2e00000,0x00000000f3700000)
 ParOldGen       total 524288K, used 524274K [0x00000000d0000000, 0x00000000f0000000, 0x00000000f0000000)
  object space 524288K, 99% used [0x00000000d0000000,0x00000000efffc948,0x00000000f0000000)
 Metaspace       used 73929K, capacity 77614K, committed 77824K, reserved 1116160K
  class space    used 9566K, capacity 10177K, committed 10240K, reserved 1048576K
Event: 81277.407 GC heap after
Heap after GC invocations=1746 (full 851):
 PSYoungGen      total 47104K, used 37887K [0x00000000f0000000, 0x00000000f3700000, 0x0000000100000000)
  eden space 37888K, 99% used [0x00000000f0000000,0x00000000f24fffa0,0x00000000f2500000)
  from space 9216K, 0% used [0x00000000f2500000,0x00000000f2500000,0x00000000f2e00000)
  to   space 9216K, 0% used [0x00000000f2e00000,0x00000000f2e00000,0x00000000f3700000)
 ParOldGen       total 524288K, used 524274K [0x00000000d0000000, 0x00000000f0000000, 0x00000000f0000000)
  object space 524288K, 99% used [0x00000000d0000000,0x00000000efffc948,0x00000000f0000000)
 Metaspace       used 73929K, capacity 77614K, committed 77824K, reserved 1116160K
  class space    used 9566K, capacity 10177K, committed 10240K, reserved 1048576K
}
Event: 81277.409 GC heap before
{Heap before GC invocations=1747 (full 852):
 PSYoungGen      total 47104K, used 37888K [0x00000000f0000000, 0x00000000f3700000, 0x0000000100000000)
  eden space 37888K, 100% used [0x00000000f0000000,0x00000000f2500000,0x00000000f2500000)
  from space 9216K, 0% used [0x00000000f2500000,0x00000000f2500000,0x00000000f2e00000)
  to   space 9216K, 0% used [0x00000000f2e00000,0x00000000f2e00000,0x00000000f3700000)
 ParOldGen       total 524288K, used 524276K [0x00000000d0000000, 0x00000000f0000000, 0x00000000f0000000)
  object space 524288K, 99% used [0x00000000d0000000,0x00000000efffd058,0x00000000f0000000)
 Metaspace       used 73929K, capacity 77614K, committed 77824K, reserved 1116160K
  class space    used 9566K, capacity 10177K, committed 10240K, reserved 1048576K
Event: 81279.063 GC heap after
Heap after GC invocations=1747 (full 852):
 PSYoungGen      total 47104K, used 37887K [0x00000000f0000000, 0x00000000f3700000, 0x0000000100000000)
  eden space 37888K, 99% used [0x00000000f0000000,0x00000000f24ffe60,0x00000000f2500000)
  from space 9216K, 0% used [0x00000000f2500000,0x00000000f2500000,0x00000000f2e00000)
  to   space 9216K, 0% used [0x00000000f2e00000,0x00000000f2e00000,0x00000000f3700000)
 ParOldGen       total 524288K, used 524274K [0x00000000d0000000, 0x00000000f0000000, 0x00000000f0000000)
  object space 524288K, 99% used [0x00000000d0000000,0x00000000efffcbf0,0x00000000f0000000)
 Metaspace       used 73929K, capacity 77614K, committed 77824K, reserved 1116160K
  class space    used 9566K, capacity 10177K, committed 10240K, reserved 1048576K
}
Event: 81279.063 GC heap before
{Heap before GC invocations=1748 (full 853):
 PSYoungGen      total 47104K, used 37887K [0x00000000f0000000, 0x00000000f3700000, 0x0000000100000000)
  eden space 37888K, 99% used [0x00000000f0000000,0x00000000f24ffe60,0x00000000f2500000)
  from space 9216K, 0% used [0x00000000f2500000,0x00000000f2500000,0x00000000f2e00000)
  to   space 9216K, 0% used [0x00000000f2e00000,0x00000000f2e00000,0x00000000f3700000)
 ParOldGen       total 524288K, used 524274K [0x00000000d0000000, 0x00000000f0000000, 0x00000000f0000000)
  object space 524288K, 99% used [0x00000000d0000000,0x00000000efffcbf0,0x00000000f0000000)
 Metaspace       used 73929K, capacity 77614K, committed 77824K, reserved 1116160K
  class space    used 9566K, capacity 10177K, committed 10240K, reserved 1048576K
Event: 81282.726 GC heap after
Heap after GC invocations=1748 (full 853):
 PSYoungGen      total 47104K, used 37887K [0x00000000f0000000, 0x00000000f3700000, 0x0000000100000000)
  eden space 37888K, 99% used [0x00000000f0000000,0x00000000f24ffe60,0x00000000f2500000)
  from space 9216K, 0% used [0x00000000f2500000,0x00000000f2500000,0x00000000f2e00000)
  to   space 9216K, 0% used [0x00000000f2e00000,0x00000000f2e00000,0x00000000f3700000)
 ParOldGen       total 524288K, used 524274K [0x00000000d0000000, 0x00000000f0000000, 0x00000000f0000000)
  object space 524288K, 99% used [0x00000000d0000000,0x00000000efffcab0,0x00000000f0000000)
 Metaspace       used 73929K, capacity 77614K, committed 77824K, reserved 1116160K
  class space    used 9566K, capacity 10177K, committed 10240K, reserved 1048576K
}

